#
# There is insufficient memory for the Java Runtime Environment to continue.
# Native memory allocation (mmap) failed to map 283115520 bytes for G1 virtual space
# Possible reasons:
#   The system is out of physical RAM or swap space
#   The process is running with CompressedOops enabled, and the Java Heap may be blocking the growth of the native heap
# Possible solutions:
#   Reduce memory load on the system
#   Increase physical memory or swap space
#   Check if swap backing store is full
#   Decrease Java heap size (-Xmx/-Xms)
#   Decrease number of Java threads
#   Decrease Java thread stack sizes (-Xss)
#   Set larger code cache with -XX:ReservedCodeCacheSize=
#   JVM is running with Unscaled Compressed Oops mode in which the Java heap is
#     placed in the first 4GB address space. The Java Heap base address is the
#     maximum limit for the native heap growth. Please use -XX:HeapBaseMinAddress
#     to set the Java Heap base and to place the Java Heap above 4GB virtual address.
# This output file may be truncated or incomplete.
#
#  Out of Memory Error (os_windows.cpp:3532), pid=90428, tid=90272
#
# JRE version: Java(TM) SE Runtime Environment (17.0.2+8) (build 17.0.2+8-LTS-86)
# Java VM: Java HotSpot(TM) 64-Bit Server VM (17.0.2+8-LTS-86, mixed mode, sharing, tiered, compressed oops, compressed class ptrs, g1 gc, windows-amd64)
# No core dump will be written. Minidumps are not enabled by default on client versions of Windows
#

---------------  S U M M A R Y ------------

Command Line: -ea -Dfile.encoding=Cp1252 -XX:+ShowCodeDetailsInExceptionMessages org.testng.remote.RemoteTestNG -serport 62882 -protocol json -d C:\Users\adityak\eclipse-workspace\MahaKhanij\test-output C:\Users\adityak\AppData\Local\Temp\testng-eclipse--60256166\testng-customsuite.xml

Host: Intel(R) Core(TM) i5-4590 CPU @ 3.30GHz, 4 cores, 7G,  Windows 10 , 64 bit Build 19041 (10.0.19041.3155)
Time: Fri Aug 25 14:24:48 2023 India Standard Time elapsed time: 5.961973 seconds (0d 0h 0m 5s)

---------------  T H R E A D  ---------------

Current thread (0x00000230b00925e0):  VMThread "VM Thread" [stack: 0x000000d1afc00000,0x000000d1afd00000] [id=90272]

Stack: [0x000000d1afc00000,0x000000d1afd00000]
Native frames: (J=compiled Java code, j=interpreted, Vv=VM code, C=native code)
V  [jvm.dll+0x670baa]
V  [jvm.dll+0x7cfcb4]
V  [jvm.dll+0x7d145e]
V  [jvm.dll+0x7d1ac3]
V  [jvm.dll+0x242bc5]
V  [jvm.dll+0x66dac9]
V  [jvm.dll+0x662412]
V  [jvm.dll+0x300c0b]
V  [jvm.dll+0x3081a6]
V  [jvm.dll+0x357d0e]
V  [jvm.dll+0x357f3f]
V  [jvm.dll+0x2d7ec8]
V  [jvm.dll+0x2d6194]
V  [jvm.dll+0x2d579c]
V  [jvm.dll+0x3190eb]
V  [jvm.dll+0x7d5f9b]
V  [jvm.dll+0x7d6cd4]
V  [jvm.dll+0x7d71ec]
V  [jvm.dll+0x7d75c4]
V  [jvm.dll+0x7d7690]
V  [jvm.dll+0x77ff7a]
V  [jvm.dll+0x66fa35]
C  [ucrtbase.dll+0x21bb2]
C  [KERNEL32.DLL+0x17614]
C  [ntdll.dll+0x526b1]

VM_Operation (0x000000d1af6fca90): G1CollectForAllocation, mode: safepoint, requested by thread 0x0000023092890d90


---------------  P R O C E S S  ---------------

Threads class SMR info:
_java_thread_list=0x00000230b2083da0, length=14, elements={
0x0000023092890d90, 0x00000230b0099eb0, 0x00000230b009ad20, 0x00000230b00af5f0,
0x00000230b00b01a0, 0x00000230b00b3170, 0x00000230b00b3f30, 0x00000230b00b4cc0,
0x00000230b00d90a0, 0x00000230b0139040, 0x00000230b0ca9d60, 0x00000230b0cb1600,
0x00000230b158c6c0, 0x00000230b1e7bd30
}

Java Threads: ( => current thread )
  0x0000023092890d90 JavaThread "main" [_thread_blocked, id=91088, stack(0x000000d1af600000,0x000000d1af700000)]
  0x00000230b0099eb0 JavaThread "Reference Handler" daemon [_thread_blocked, id=84488, stack(0x000000d1afd00000,0x000000d1afe00000)]
  0x00000230b009ad20 JavaThread "Finalizer" daemon [_thread_blocked, id=68212, stack(0x000000d1afe00000,0x000000d1aff00000)]
  0x00000230b00af5f0 JavaThread "Signal Dispatcher" daemon [_thread_blocked, id=89592, stack(0x000000d1aff00000,0x000000d1b0000000)]
  0x00000230b00b01a0 JavaThread "Attach Listener" daemon [_thread_blocked, id=87388, stack(0x000000d1b0000000,0x000000d1b0100000)]
  0x00000230b00b3170 JavaThread "Service Thread" daemon [_thread_blocked, id=82516, stack(0x000000d1b0100000,0x000000d1b0200000)]
  0x00000230b00b3f30 JavaThread "Monitor Deflation Thread" daemon [_thread_blocked, id=72672, stack(0x000000d1b0200000,0x000000d1b0300000)]
  0x00000230b00b4cc0 JavaThread "C2 CompilerThread0" daemon [_thread_in_native, id=88388, stack(0x000000d1b0300000,0x000000d1b0400000)]
  0x00000230b00d90a0 JavaThread "C1 CompilerThread0" daemon [_thread_blocked, id=54608, stack(0x000000d1b0400000,0x000000d1b0500000)]
  0x00000230b0139040 JavaThread "Sweeper thread" daemon [_thread_blocked, id=90656, stack(0x000000d1b0500000,0x000000d1b0600000)]
  0x00000230b0ca9d60 JavaThread "Notification Thread" daemon [_thread_blocked, id=89556, stack(0x000000d1b0600000,0x000000d1b0700000)]
  0x00000230b0cb1600 JavaThread "Common-Cleaner" daemon [_thread_blocked, id=91440, stack(0x000000d1b0800000,0x000000d1b0900000)]
  0x00000230b158c6c0 JavaThread "ReaderThread" [_thread_in_native, id=91456, stack(0x000000d1b0900000,0x000000d1b0a00000)]
  0x00000230b1e7bd30 JavaThread "C2 CompilerThread1" daemon [_thread_in_native, id=84552, stack(0x000000d1b0e00000,0x000000d1b0f00000)]

Other Threads:
=>0x00000230b00925e0 VMThread "VM Thread" [stack: 0x000000d1afc00000,0x000000d1afd00000] [id=90272]
  0x00000230928eb680 WatcherThread [stack: 0x000000d1b0700000,0x000000d1b0800000] [id=89296]
  0x00000230928cddd0 GCTaskThread "GC Thread#0" [stack: 0x000000d1af700000,0x000000d1af800000] [id=90808]
  0x00000230b16b5c50 GCTaskThread "GC Thread#1" [stack: 0x000000d1b0a00000,0x000000d1b0b00000] [id=91396]
  0x00000230b14e6db0 GCTaskThread "GC Thread#2" [stack: 0x000000d1b0b00000,0x000000d1b0c00000] [id=91392]
  0x00000230b14e7060 GCTaskThread "GC Thread#3" [stack: 0x000000d1b0c00000,0x000000d1b0d00000] [id=86080]
  0x00000230928df1e0 ConcurrentGCThread "G1 Main Marker" [stack: 0x000000d1af800000,0x000000d1af900000] [id=90804]
  0x00000230928dfbf0 ConcurrentGCThread "G1 Conc#0" [stack: 0x000000d1af900000,0x000000d1afa00000] [id=88192]
  0x00000230aff60090 ConcurrentGCThread "G1 Refine#0" [stack: 0x000000d1afa00000,0x000000d1afb00000] [id=86216]
  0x00000230b1c74640 ConcurrentGCThread "G1 Refine#1" [stack: 0x000000d1b0d00000,0x000000d1b0e00000] [id=85716]
  0x00000230b2968170 ConcurrentGCThread "G1 Refine#2" [stack: 0x000000d1b0f00000,0x000000d1b1000000] [id=86568]
  0x00000230b3705a70 ConcurrentGCThread "G1 Refine#3" [stack: 0x000000d1b1000000,0x000000d1b1100000] [id=80752]
  0x00000230aff60ab0 ConcurrentGCThread "G1 Service" [stack: 0x000000d1afb00000,0x000000d1afc00000] [id=91496]

Threads with active compile tasks:
C2 CompilerThread0     5990 2641       4       org.apache.poi.xssf.usermodel.XSSFCell::<init> (104 bytes)
C2 CompilerThread1     5990 2649   !   4       org.openxmlformats.schemas.spreadsheetml.x2006.main.impl.CTCellImpl::getR (53 bytes)

VM state: at safepoint (normal execution)

VM Mutex/Monitor currently owned by a thread:  ([mutex/lock_event])
[0x000002309288f260] Threads_lock - owner thread: 0x00000230b00925e0
[0x0000023092890c40] Heap_lock - owner thread: 0x0000023092890d90

Heap address: 0x0000000081a00000, size: 2022 MB, Compressed Oops mode: 32-bit

CDS archive(s) mapped at: [0x0000000800000000-0x0000000800bc0000-0x0000000800bc0000), size 12320768, SharedBaseAddress: 0x0000000800000000, ArchiveRelocationMode: 0.
Compressed class space mapped at: 0x0000000800c00000-0x0000000840c00000, reserved size: 1073741824
Narrow klass base: 0x0000000800000000, Narrow klass shift: 0, Narrow klass range: 0x100000000

GC Precious Log:
 CPUs: 4 total, 4 available
 Memory: 8082M
 Large Page Support: Disabled
 NUMA Support: Disabled
 Compressed Oops: Enabled (32-bit)
 Heap Region Size: 1M
 Heap Min Capacity: 8M
 Heap Initial Capacity: 128M
 Heap Max Capacity: 2022M
 Pre-touch: Disabled
 Parallel Workers: 4
 Concurrent Workers: 1
 Concurrent Refinement Workers: 4
 Periodic GC: Disabled

Heap:
 garbage-first heap   total 276480K, used 178632K [0x0000000081a00000, 0x0000000100000000)
  region size 1024K, 6 young (6144K), 6 survivors (6144K)
 Metaspace       used 18565K, committed 18752K, reserved 1073152K
  class space    used 2103K, committed 2176K, reserved 1048576K

Heap Regions: E=young(eden), S=young(survivor), O=old, HS=humongous(starts), HC=humongous(continues), CS=collection set, F=free, OA=open archive, CA=closed archive, TAMS=top-at-mark-start (previous, next)
|   0|0x0000000081a00000, 0x0000000081b00000, 0x0000000081b00000|100%| O|  |TAMS 0x0000000081b00000, 0x0000000081b00000| Untracked 
|   1|0x0000000081b00000, 0x0000000081c00000, 0x0000000081c00000|100%| O|  |TAMS 0x0000000081c00000, 0x0000000081c00000| Untracked 
|   2|0x0000000081c00000, 0x0000000081d00000, 0x0000000081d00000|100%| O|  |TAMS 0x0000000081d00000, 0x0000000081d00000| Untracked 
|   3|0x0000000081d00000, 0x0000000081e00000, 0x0000000081e00000|100%| O|  |TAMS 0x0000000081e00000, 0x0000000081e00000| Untracked 
|   4|0x0000000081e00000, 0x0000000081f00000, 0x0000000081f00000|100%| O|  |TAMS 0x0000000081f00000, 0x0000000081f00000| Untracked 
|   5|0x0000000081f00000, 0x0000000082000000, 0x0000000082000000|100%| O|  |TAMS 0x0000000082000000, 0x0000000082000000| Untracked 
|   6|0x0000000082000000, 0x0000000082100000, 0x0000000082100000|100%| O|  |TAMS 0x0000000082100000, 0x0000000082100000| Untracked 
|   7|0x0000000082100000, 0x0000000082200000, 0x0000000082200000|100%| O|  |TAMS 0x0000000082200000, 0x0000000082200000| Untracked 
|   8|0x0000000082200000, 0x0000000082300000, 0x0000000082300000|100%|HS|  |TAMS 0x0000000082300000, 0x0000000082300000| Complete 
|   9|0x0000000082300000, 0x0000000082400000, 0x0000000082400000|100%| O|  |TAMS 0x0000000082400000, 0x0000000082400000| Untracked 
|  10|0x0000000082400000, 0x0000000082500000, 0x0000000082500000|100%| O|  |TAMS 0x0000000082500000, 0x0000000082500000| Untracked 
|  11|0x0000000082500000, 0x0000000082600000, 0x0000000082600000|100%| O|  |TAMS 0x0000000082600000, 0x0000000082600000| Untracked 
|  12|0x0000000082600000, 0x0000000082700000, 0x0000000082700000|100%| O|  |TAMS 0x0000000082700000, 0x0000000082700000| Untracked 
|  13|0x0000000082700000, 0x0000000082800000, 0x0000000082800000|100%| O|  |TAMS 0x0000000082800000, 0x0000000082800000| Untracked 
|  14|0x0000000082800000, 0x0000000082900000, 0x0000000082900000|100%| O|  |TAMS 0x0000000082900000, 0x0000000082900000| Untracked 
|  15|0x0000000082900000, 0x0000000082a00000, 0x0000000082a00000|100%| O|  |TAMS 0x0000000082a00000, 0x0000000082a00000| Untracked 
|  16|0x0000000082a00000, 0x0000000082b00000, 0x0000000082b00000|100%| O|  |TAMS 0x0000000082b00000, 0x0000000082b00000| Untracked 
|  17|0x0000000082b00000, 0x0000000082c00000, 0x0000000082c00000|100%| O|  |TAMS 0x0000000082c00000, 0x0000000082c00000| Untracked 
|  18|0x0000000082c00000, 0x0000000082d00000, 0x0000000082d00000|100%|HS|  |TAMS 0x0000000082d00000, 0x0000000082d00000| Complete 
|  19|0x0000000082d00000, 0x0000000082e00000, 0x0000000082e00000|100%|HC|  |TAMS 0x0000000082e00000, 0x0000000082e00000| Complete 
|  20|0x0000000082e00000, 0x0000000082f00000, 0x0000000082f00000|100%|HC|  |TAMS 0x0000000082f00000, 0x0000000082f00000| Complete 
|  21|0x0000000082f00000, 0x0000000083000000, 0x0000000083000000|100%|HC|  |TAMS 0x0000000083000000, 0x0000000083000000| Complete 
|  22|0x0000000083000000, 0x0000000083100000, 0x0000000083100000|100%|HC|  |TAMS 0x0000000083100000, 0x0000000083100000| Complete 
|  23|0x0000000083100000, 0x0000000083200000, 0x0000000083200000|100%|HC|  |TAMS 0x0000000083200000, 0x0000000083200000| Complete 
|  24|0x0000000083200000, 0x0000000083300000, 0x0000000083300000|100%|HC|  |TAMS 0x0000000083300000, 0x0000000083300000| Complete 
|  25|0x0000000083300000, 0x0000000083400000, 0x0000000083400000|100%|HC|  |TAMS 0x0000000083400000, 0x0000000083400000| Complete 
|  26|0x0000000083400000, 0x0000000083500000, 0x0000000083500000|100%|HC|  |TAMS 0x0000000083500000, 0x0000000083500000| Complete 
|  27|0x0000000083500000, 0x0000000083600000, 0x0000000083600000|100%| O|  |TAMS 0x0000000083600000, 0x0000000083600000| Untracked 
|  28|0x0000000083600000, 0x0000000083700000, 0x0000000083700000|100%| O|  |TAMS 0x0000000083700000, 0x0000000083700000| Untracked 
|  29|0x0000000083700000, 0x0000000083800000, 0x0000000083800000|100%| O|  |TAMS 0x0000000083800000, 0x0000000083800000| Untracked 
|  30|0x0000000083800000, 0x0000000083900000, 0x0000000083900000|100%| O|  |TAMS 0x0000000083900000, 0x0000000083900000| Untracked 
|  31|0x0000000083900000, 0x0000000083a00000, 0x0000000083a00000|100%| O|  |TAMS 0x0000000083a00000, 0x0000000083a00000| Untracked 
|  32|0x0000000083a00000, 0x0000000083b00000, 0x0000000083b00000|100%| O|  |TAMS 0x0000000083b00000, 0x0000000083b00000| Untracked 
|  33|0x0000000083b00000, 0x0000000083c00000, 0x0000000083c00000|100%| O|  |TAMS 0x0000000083c00000, 0x0000000083c00000| Untracked 
|  34|0x0000000083c00000, 0x0000000083d00000, 0x0000000083d00000|100%| O|  |TAMS 0x0000000083d00000, 0x0000000083d00000| Untracked 
|  35|0x0000000083d00000, 0x0000000083e00000, 0x0000000083e00000|100%| O|  |TAMS 0x0000000083e00000, 0x0000000083e00000| Untracked 
|  36|0x0000000083e00000, 0x0000000083f00000, 0x0000000083f00000|100%| O|  |TAMS 0x0000000083f00000, 0x0000000083f00000| Untracked 
|  37|0x0000000083f00000, 0x0000000084000000, 0x0000000084000000|100%| O|  |TAMS 0x0000000084000000, 0x0000000084000000| Untracked 
|  38|0x0000000084000000, 0x0000000084100000, 0x0000000084100000|100%| O|  |TAMS 0x0000000084100000, 0x0000000084100000| Untracked 
|  39|0x0000000084100000, 0x0000000084200000, 0x0000000084200000|100%| O|  |TAMS 0x0000000084200000, 0x0000000084200000| Untracked 
|  40|0x0000000084200000, 0x0000000084300000, 0x0000000084300000|100%| O|  |TAMS 0x0000000084300000, 0x0000000084300000| Untracked 
|  41|0x0000000084300000, 0x0000000084400000, 0x0000000084400000|100%| O|  |TAMS 0x0000000084400000, 0x0000000084400000| Untracked 
|  42|0x0000000084400000, 0x0000000084500000, 0x0000000084500000|100%| O|  |TAMS 0x0000000084500000, 0x0000000084500000| Untracked 
|  43|0x0000000084500000, 0x0000000084600000, 0x0000000084600000|100%| O|  |TAMS 0x0000000084600000, 0x0000000084600000| Untracked 
|  44|0x0000000084600000, 0x0000000084700000, 0x0000000084700000|100%| O|  |TAMS 0x0000000084700000, 0x0000000084700000| Untracked 
|  45|0x0000000084700000, 0x0000000084800000, 0x0000000084800000|100%| O|  |TAMS 0x0000000084800000, 0x0000000084800000| Untracked 
|  46|0x0000000084800000, 0x0000000084900000, 0x0000000084900000|100%| O|  |TAMS 0x0000000084900000, 0x0000000084900000| Untracked 
|  47|0x0000000084900000, 0x0000000084a00000, 0x0000000084a00000|100%| O|  |TAMS 0x0000000084a00000, 0x0000000084a00000| Untracked 
|  48|0x0000000084a00000, 0x0000000084b00000, 0x0000000084b00000|100%| O|  |TAMS 0x0000000084b00000, 0x0000000084b00000| Untracked 
|  49|0x0000000084b00000, 0x0000000084c00000, 0x0000000084c00000|100%| O|  |TAMS 0x0000000084c00000, 0x0000000084c00000| Untracked 
|  50|0x0000000084c00000, 0x0000000084d00000, 0x0000000084d00000|100%| O|  |TAMS 0x0000000084d00000, 0x0000000084d00000| Untracked 
|  51|0x0000000084d00000, 0x0000000084e00000, 0x0000000084e00000|100%| O|  |TAMS 0x0000000084e00000, 0x0000000084e00000| Untracked 
|  52|0x0000000084e00000, 0x0000000084f00000, 0x0000000084f00000|100%| O|  |TAMS 0x0000000084f00000, 0x0000000084f00000| Untracked 
|  53|0x0000000084f00000, 0x0000000085000000, 0x0000000085000000|100%| O|  |TAMS 0x0000000085000000, 0x0000000085000000| Untracked 
|  54|0x0000000085000000, 0x0000000085100000, 0x0000000085100000|100%| O|  |TAMS 0x0000000085100000, 0x0000000085100000| Untracked 
|  55|0x0000000085100000, 0x0000000085200000, 0x0000000085200000|100%| O|  |TAMS 0x0000000085200000, 0x0000000085200000| Untracked 
|  56|0x0000000085200000, 0x0000000085300000, 0x0000000085300000|100%| O|  |TAMS 0x0000000085300000, 0x0000000085300000| Untracked 
|  57|0x0000000085300000, 0x0000000085400000, 0x0000000085400000|100%| O|  |TAMS 0x0000000085400000, 0x0000000085400000| Untracked 
|  58|0x0000000085400000, 0x0000000085500000, 0x0000000085500000|100%| O|  |TAMS 0x0000000085500000, 0x0000000085500000| Untracked 
|  59|0x0000000085500000, 0x0000000085600000, 0x0000000085600000|100%| O|  |TAMS 0x0000000085600000, 0x0000000085600000| Untracked 
|  60|0x0000000085600000, 0x0000000085700000, 0x0000000085700000|100%| O|  |TAMS 0x0000000085700000, 0x0000000085700000| Untracked 
|  61|0x0000000085700000, 0x0000000085800000, 0x0000000085800000|100%| O|  |TAMS 0x0000000085800000, 0x0000000085800000| Untracked 
|  62|0x0000000085800000, 0x0000000085900000, 0x0000000085900000|100%| O|  |TAMS 0x0000000085900000, 0x0000000085900000| Untracked 
|  63|0x0000000085900000, 0x0000000085a00000, 0x0000000085a00000|100%| O|  |TAMS 0x0000000085a00000, 0x0000000085a00000| Untracked 
|  64|0x0000000085a00000, 0x0000000085b00000, 0x0000000085b00000|100%| O|  |TAMS 0x0000000085b00000, 0x0000000085b00000| Untracked 
|  65|0x0000000085b00000, 0x0000000085c00000, 0x0000000085c00000|100%| O|  |TAMS 0x0000000085c00000, 0x0000000085c00000| Untracked 
|  66|0x0000000085c00000, 0x0000000085d00000, 0x0000000085d00000|100%| O|  |TAMS 0x0000000085d00000, 0x0000000085d00000| Untracked 
|  67|0x0000000085d00000, 0x0000000085e00000, 0x0000000085e00000|100%| O|  |TAMS 0x0000000085e00000, 0x0000000085e00000| Untracked 
|  68|0x0000000085e00000, 0x0000000085f00000, 0x0000000085f00000|100%| O|  |TAMS 0x0000000085f00000, 0x0000000085f00000| Untracked 
|  69|0x0000000085f00000, 0x0000000086000000, 0x0000000086000000|100%| O|  |TAMS 0x0000000086000000, 0x0000000086000000| Untracked 
|  70|0x0000000086000000, 0x0000000086100000, 0x0000000086100000|100%| O|  |TAMS 0x0000000086100000, 0x0000000086100000| Untracked 
|  71|0x0000000086100000, 0x0000000086200000, 0x0000000086200000|100%| O|  |TAMS 0x0000000086200000, 0x0000000086200000| Untracked 
|  72|0x0000000086200000, 0x0000000086300000, 0x0000000086300000|100%| O|  |TAMS 0x0000000086300000, 0x0000000086300000| Untracked 
|  73|0x0000000086300000, 0x0000000086400000, 0x0000000086400000|100%| O|  |TAMS 0x0000000086400000, 0x0000000086400000| Untracked 
|  74|0x0000000086400000, 0x0000000086500000, 0x0000000086500000|100%| O|  |TAMS 0x0000000086500000, 0x0000000086500000| Untracked 
|  75|0x0000000086500000, 0x0000000086600000, 0x0000000086600000|100%| O|  |TAMS 0x0000000086600000, 0x0000000086600000| Untracked 
|  76|0x0000000086600000, 0x0000000086700000, 0x0000000086700000|100%| O|  |TAMS 0x0000000086700000, 0x0000000086700000| Untracked 
|  77|0x0000000086700000, 0x0000000086800000, 0x0000000086800000|100%| O|  |TAMS 0x0000000086800000, 0x0000000086800000| Untracked 
|  78|0x0000000086800000, 0x0000000086900000, 0x0000000086900000|100%| O|  |TAMS 0x0000000086900000, 0x0000000086900000| Untracked 
|  79|0x0000000086900000, 0x0000000086a00000, 0x0000000086a00000|100%| O|  |TAMS 0x0000000086a00000, 0x0000000086a00000| Untracked 
|  80|0x0000000086a00000, 0x0000000086b00000, 0x0000000086b00000|100%| O|  |TAMS 0x0000000086b00000, 0x0000000086b00000| Untracked 
|  81|0x0000000086b00000, 0x0000000086c00000, 0x0000000086c00000|100%| O|  |TAMS 0x0000000086c00000, 0x0000000086c00000| Untracked 
|  82|0x0000000086c00000, 0x0000000086d00000, 0x0000000086d00000|100%| O|  |TAMS 0x0000000086d00000, 0x0000000086d00000| Untracked 
|  83|0x0000000086d00000, 0x0000000086e00000, 0x0000000086e00000|100%| O|  |TAMS 0x0000000086e00000, 0x0000000086e00000| Untracked 
|  84|0x0000000086e00000, 0x0000000086f00000, 0x0000000086f00000|100%| O|  |TAMS 0x0000000086f00000, 0x0000000086f00000| Untracked 
|  85|0x0000000086f00000, 0x0000000087000000, 0x0000000087000000|100%| O|  |TAMS 0x0000000087000000, 0x0000000087000000| Untracked 
|  86|0x0000000087000000, 0x0000000087100000, 0x0000000087100000|100%| O|  |TAMS 0x0000000087100000, 0x0000000087100000| Untracked 
|  87|0x0000000087100000, 0x0000000087200000, 0x0000000087200000|100%| O|  |TAMS 0x0000000087200000, 0x0000000087200000| Untracked 
|  88|0x0000000087200000, 0x0000000087300000, 0x0000000087300000|100%| O|  |TAMS 0x0000000087300000, 0x0000000087300000| Untracked 
|  89|0x0000000087300000, 0x0000000087400000, 0x0000000087400000|100%| O|  |TAMS 0x0000000087400000, 0x0000000087400000| Untracked 
|  90|0x0000000087400000, 0x0000000087500000, 0x0000000087500000|100%| O|  |TAMS 0x0000000087500000, 0x0000000087500000| Untracked 
|  91|0x0000000087500000, 0x0000000087600000, 0x0000000087600000|100%| O|  |TAMS 0x0000000087600000, 0x0000000087600000| Untracked 
|  92|0x0000000087600000, 0x0000000087700000, 0x0000000087700000|100%| O|  |TAMS 0x0000000087700000, 0x0000000087700000| Untracked 
|  93|0x0000000087700000, 0x0000000087800000, 0x0000000087800000|100%| O|  |TAMS 0x0000000087800000, 0x0000000087800000| Untracked 
|  94|0x0000000087800000, 0x0000000087900000, 0x0000000087900000|100%| O|  |TAMS 0x0000000087900000, 0x0000000087900000| Untracked 
|  95|0x0000000087900000, 0x0000000087a00000, 0x0000000087a00000|100%| O|  |TAMS 0x0000000087a00000, 0x0000000087a00000| Untracked 
|  96|0x0000000087a00000, 0x0000000087b00000, 0x0000000087b00000|100%| O|  |TAMS 0x0000000087b00000, 0x0000000087b00000| Untracked 
|  97|0x0000000087b00000, 0x0000000087c00000, 0x0000000087c00000|100%| O|  |TAMS 0x0000000087c00000, 0x0000000087c00000| Untracked 
|  98|0x0000000087c00000, 0x0000000087d00000, 0x0000000087d00000|100%| O|  |TAMS 0x0000000087d00000, 0x0000000087d00000| Untracked 
|  99|0x0000000087d00000, 0x0000000087e00000, 0x0000000087e00000|100%| O|  |TAMS 0x0000000087e00000, 0x0000000087e00000| Untracked 
| 100|0x0000000087e00000, 0x0000000087f00000, 0x0000000087f00000|100%| O|  |TAMS 0x0000000087f00000, 0x0000000087f00000| Untracked 
| 101|0x0000000087f00000, 0x0000000088000000, 0x0000000088000000|100%| O|  |TAMS 0x0000000088000000, 0x0000000088000000| Untracked 
| 102|0x0000000088000000, 0x0000000088100000, 0x0000000088100000|100%| O|  |TAMS 0x0000000088100000, 0x0000000088100000| Untracked 
| 103|0x0000000088100000, 0x0000000088200000, 0x0000000088200000|100%| O|  |TAMS 0x0000000088200000, 0x0000000088200000| Untracked 
| 104|0x0000000088200000, 0x0000000088300000, 0x0000000088300000|100%| O|  |TAMS 0x0000000088300000, 0x0000000088300000| Untracked 
| 105|0x0000000088300000, 0x0000000088400000, 0x0000000088400000|100%| O|  |TAMS 0x0000000088300000, 0x0000000088400000| Untracked 
| 106|0x0000000088400000, 0x0000000088500000, 0x0000000088500000|100%| O|  |TAMS 0x0000000088400000, 0x0000000088500000| Untracked 
| 107|0x0000000088500000, 0x0000000088600000, 0x0000000088600000|100%| O|  |TAMS 0x0000000088500000, 0x0000000088600000| Untracked 
| 108|0x0000000088600000, 0x0000000088700000, 0x0000000088700000|100%| O|  |TAMS 0x0000000088600000, 0x0000000088700000| Untracked 
| 109|0x0000000088700000, 0x0000000088800000, 0x0000000088800000|100%| O|  |TAMS 0x0000000088700000, 0x0000000088800000| Untracked 
| 110|0x0000000088800000, 0x0000000088900000, 0x0000000088900000|100%| O|  |TAMS 0x0000000088800000, 0x0000000088900000| Untracked 
| 111|0x0000000088900000, 0x0000000088a00000, 0x0000000088a00000|100%| O|  |TAMS 0x0000000088900000, 0x0000000088a00000| Untracked 
| 112|0x0000000088a00000, 0x0000000088b00000, 0x0000000088b00000|100%| O|  |TAMS 0x0000000088a00000, 0x0000000088b00000| Untracked 
| 113|0x0000000088b00000, 0x0000000088c00000, 0x0000000088c00000|100%| O|  |TAMS 0x0000000088b00000, 0x0000000088c00000| Untracked 
| 114|0x0000000088c00000, 0x0000000088d00000, 0x0000000088d00000|100%| O|  |TAMS 0x0000000088c00000, 0x0000000088d00000| Untracked 
| 115|0x0000000088d00000, 0x0000000088e00000, 0x0000000088e00000|100%| O|  |TAMS 0x0000000088d00000, 0x0000000088e00000| Untracked 
| 116|0x0000000088e00000, 0x0000000088f00000, 0x0000000088f00000|100%| O|  |TAMS 0x0000000088e00000, 0x0000000088f00000| Untracked 
| 117|0x0000000088f00000, 0x0000000089000000, 0x0000000089000000|100%| O|  |TAMS 0x0000000088f00000, 0x0000000089000000| Untracked 
| 118|0x0000000089000000, 0x0000000089100000, 0x0000000089100000|100%| O|  |TAMS 0x0000000089000000, 0x0000000089100000| Untracked 
| 119|0x0000000089100000, 0x0000000089200000, 0x0000000089200000|100%| O|  |TAMS 0x0000000089100000, 0x0000000089200000| Untracked 
| 120|0x0000000089200000, 0x0000000089300000, 0x0000000089300000|100%| O|  |TAMS 0x0000000089200000, 0x0000000089300000| Untracked 
| 121|0x0000000089300000, 0x0000000089400000, 0x0000000089400000|100%| O|  |TAMS 0x0000000089300000, 0x0000000089400000| Untracked 
| 122|0x0000000089400000, 0x0000000089500000, 0x0000000089500000|100%| O|  |TAMS 0x0000000089400000, 0x0000000089500000| Untracked 
| 123|0x0000000089500000, 0x0000000089600000, 0x0000000089600000|100%| O|  |TAMS 0x0000000089500000, 0x0000000089600000| Untracked 
| 124|0x0000000089600000, 0x0000000089700000, 0x0000000089700000|100%| O|  |TAMS 0x0000000089600000, 0x0000000089700000| Untracked 
| 125|0x0000000089700000, 0x0000000089800000, 0x0000000089800000|100%| O|  |TAMS 0x0000000089700000, 0x0000000089800000| Untracked 
| 126|0x0000000089800000, 0x0000000089900000, 0x0000000089900000|100%| O|  |TAMS 0x0000000089800000, 0x0000000089900000| Untracked 
| 127|0x0000000089900000, 0x0000000089a00000, 0x0000000089a00000|100%| O|  |TAMS 0x0000000089900000, 0x0000000089a00000| Untracked 
| 128|0x0000000089a00000, 0x0000000089b00000, 0x0000000089b00000|100%| O|  |TAMS 0x0000000089a00000, 0x0000000089b00000| Untracked 
| 129|0x0000000089b00000, 0x0000000089c00000, 0x0000000089c00000|100%| O|  |TAMS 0x0000000089b00000, 0x0000000089c00000| Untracked 
| 130|0x0000000089c00000, 0x0000000089d00000, 0x0000000089d00000|100%| O|  |TAMS 0x0000000089c00000, 0x0000000089c00000| Untracked 
| 131|0x0000000089d00000, 0x0000000089e00000, 0x0000000089e00000|100%| O|  |TAMS 0x0000000089d00000, 0x0000000089d00000| Untracked 
| 132|0x0000000089e00000, 0x0000000089f00000, 0x0000000089f00000|100%| O|  |TAMS 0x0000000089e00000, 0x0000000089e00000| Untracked 
| 133|0x0000000089f00000, 0x000000008a000000, 0x000000008a000000|100%| O|  |TAMS 0x0000000089f00000, 0x0000000089f00000| Untracked 
| 134|0x000000008a000000, 0x000000008a100000, 0x000000008a100000|100%| O|  |TAMS 0x000000008a000000, 0x000000008a000000| Untracked 
| 135|0x000000008a100000, 0x000000008a200000, 0x000000008a200000|100%| O|  |TAMS 0x000000008a100000, 0x000000008a100000| Untracked 
| 136|0x000000008a200000, 0x000000008a300000, 0x000000008a300000|100%| O|  |TAMS 0x000000008a200000, 0x000000008a200000| Untracked 
| 137|0x000000008a300000, 0x000000008a400000, 0x000000008a400000|100%| O|  |TAMS 0x000000008a300000, 0x000000008a300000| Untracked 
| 138|0x000000008a400000, 0x000000008a500000, 0x000000008a500000|100%| O|  |TAMS 0x000000008a400000, 0x000000008a400000| Untracked 
| 139|0x000000008a500000, 0x000000008a572200, 0x000000008a600000| 44%| O|  |TAMS 0x000000008a500000, 0x000000008a500000| Untracked 
| 140|0x000000008a600000, 0x000000008a600000, 0x000000008a700000|  0%| F|  |TAMS 0x000000008a600000, 0x000000008a600000| Untracked 
| 141|0x000000008a700000, 0x000000008a700000, 0x000000008a800000|  0%| F|  |TAMS 0x000000008a700000, 0x000000008a700000| Untracked 
| 142|0x000000008a800000, 0x000000008a800000, 0x000000008a900000|  0%| F|  |TAMS 0x000000008a800000, 0x000000008a800000| Untracked 
| 143|0x000000008a900000, 0x000000008a900000, 0x000000008aa00000|  0%| F|  |TAMS 0x000000008a900000, 0x000000008a900000| Untracked 
| 144|0x000000008aa00000, 0x000000008aa00000, 0x000000008ab00000|  0%| F|  |TAMS 0x000000008aa00000, 0x000000008aa00000| Untracked 
| 145|0x000000008ab00000, 0x000000008ab00000, 0x000000008ac00000|  0%| F|  |TAMS 0x000000008ab00000, 0x000000008ab00000| Untracked 
| 146|0x000000008ac00000, 0x000000008ac00000, 0x000000008ad00000|  0%| F|  |TAMS 0x000000008ac00000, 0x000000008ac00000| Untracked 
| 147|0x000000008ad00000, 0x000000008ad00000, 0x000000008ae00000|  0%| F|  |TAMS 0x000000008ad00000, 0x000000008ad00000| Untracked 
| 148|0x000000008ae00000, 0x000000008ae00000, 0x000000008af00000|  0%| F|  |TAMS 0x000000008ae00000, 0x000000008ae00000| Untracked 
| 149|0x000000008af00000, 0x000000008af00000, 0x000000008b000000|  0%| F|  |TAMS 0x000000008af00000, 0x000000008af00000| Untracked 
| 150|0x000000008b000000, 0x000000008b000000, 0x000000008b100000|  0%| F|  |TAMS 0x000000008b000000, 0x000000008b000000| Untracked 
| 151|0x000000008b100000, 0x000000008b100000, 0x000000008b200000|  0%| F|  |TAMS 0x000000008b100000, 0x000000008b100000| Untracked 
| 152|0x000000008b200000, 0x000000008b200000, 0x000000008b300000|  0%| F|  |TAMS 0x000000008b200000, 0x000000008b200000| Untracked 
| 153|0x000000008b300000, 0x000000008b300000, 0x000000008b400000|  0%| F|  |TAMS 0x000000008b300000, 0x000000008b300000| Untracked 
| 154|0x000000008b400000, 0x000000008b400000, 0x000000008b500000|  0%| F|  |TAMS 0x000000008b400000, 0x000000008b400000| Untracked 
| 155|0x000000008b500000, 0x000000008b500000, 0x000000008b600000|  0%| F|  |TAMS 0x000000008b500000, 0x000000008b500000| Untracked 
| 156|0x000000008b600000, 0x000000008b600000, 0x000000008b700000|  0%| F|  |TAMS 0x000000008b600000, 0x000000008b600000| Untracked 
| 157|0x000000008b700000, 0x000000008b700000, 0x000000008b800000|  0%| F|  |TAMS 0x000000008b700000, 0x000000008b700000| Untracked 
| 158|0x000000008b800000, 0x000000008b800000, 0x000000008b900000|  0%| F|  |TAMS 0x000000008b800000, 0x000000008b800000| Untracked 
| 159|0x000000008b900000, 0x000000008b900000, 0x000000008ba00000|  0%| F|  |TAMS 0x000000008b900000, 0x000000008b900000| Untracked 
| 160|0x000000008ba00000, 0x000000008ba00000, 0x000000008bb00000|  0%| F|  |TAMS 0x000000008ba00000, 0x000000008ba00000| Untracked 
| 161|0x000000008bb00000, 0x000000008bb00000, 0x000000008bc00000|  0%| F|  |TAMS 0x000000008bb00000, 0x000000008bb00000| Untracked 
| 162|0x000000008bc00000, 0x000000008bc00000, 0x000000008bd00000|  0%| F|  |TAMS 0x000000008bc00000, 0x000000008bc00000| Untracked 
| 163|0x000000008bd00000, 0x000000008bd00000, 0x000000008be00000|  0%| F|  |TAMS 0x000000008bd00000, 0x000000008bd00000| Untracked 
| 164|0x000000008be00000, 0x000000008be00000, 0x000000008bf00000|  0%| F|  |TAMS 0x000000008be00000, 0x000000008be00000| Untracked 
| 165|0x000000008bf00000, 0x000000008bf00000, 0x000000008c000000|  0%| F|  |TAMS 0x000000008bf00000, 0x000000008bf00000| Untracked 
| 166|0x000000008c000000, 0x000000008c000000, 0x000000008c100000|  0%| F|  |TAMS 0x000000008c000000, 0x000000008c000000| Untracked 
| 167|0x000000008c100000, 0x000000008c100000, 0x000000008c200000|  0%| F|  |TAMS 0x000000008c100000, 0x000000008c100000| Untracked 
| 168|0x000000008c200000, 0x000000008c200000, 0x000000008c300000|  0%| F|  |TAMS 0x000000008c200000, 0x000000008c200000| Untracked 
| 169|0x000000008c300000, 0x000000008c300000, 0x000000008c400000|  0%| F|  |TAMS 0x000000008c300000, 0x000000008c300000| Untracked 
| 170|0x000000008c400000, 0x000000008c400000, 0x000000008c500000|  0%| F|  |TAMS 0x000000008c400000, 0x000000008c400000| Untracked 
| 171|0x000000008c500000, 0x000000008c500000, 0x000000008c600000|  0%| F|  |TAMS 0x000000008c500000, 0x000000008c500000| Untracked 
| 172|0x000000008c600000, 0x000000008c600000, 0x000000008c700000|  0%| F|  |TAMS 0x000000008c600000, 0x000000008c600000| Untracked 
| 173|0x000000008c700000, 0x000000008c700000, 0x000000008c800000|  0%| F|  |TAMS 0x000000008c700000, 0x000000008c700000| Untracked 
| 174|0x000000008c800000, 0x000000008c800000, 0x000000008c900000|  0%| F|  |TAMS 0x000000008c800000, 0x000000008c800000| Untracked 
| 175|0x000000008c900000, 0x000000008c900000, 0x000000008ca00000|  0%| F|  |TAMS 0x000000008c900000, 0x000000008c900000| Untracked 
| 176|0x000000008ca00000, 0x000000008ca00000, 0x000000008cb00000|  0%| F|  |TAMS 0x000000008ca00000, 0x000000008ca00000| Untracked 
| 177|0x000000008cb00000, 0x000000008cb00000, 0x000000008cc00000|  0%| F|  |TAMS 0x000000008cb00000, 0x000000008cb00000| Untracked 
| 178|0x000000008cc00000, 0x000000008cc00000, 0x000000008cd00000|  0%| F|  |TAMS 0x000000008cc00000, 0x000000008cc00000| Untracked 
| 179|0x000000008cd00000, 0x000000008cd00000, 0x000000008ce00000|  0%| F|  |TAMS 0x000000008cd00000, 0x000000008cd00000| Untracked 
| 180|0x000000008ce00000, 0x000000008ce00000, 0x000000008cf00000|  0%| F|  |TAMS 0x000000008ce00000, 0x000000008ce00000| Untracked 
| 181|0x000000008cf00000, 0x000000008cf00000, 0x000000008d000000|  0%| F|  |TAMS 0x000000008cf00000, 0x000000008cf00000| Untracked 
| 182|0x000000008d000000, 0x000000008d000000, 0x000000008d100000|  0%| F|  |TAMS 0x000000008d000000, 0x000000008d000000| Untracked 
| 183|0x000000008d100000, 0x000000008d100000, 0x000000008d200000|  0%| F|  |TAMS 0x000000008d100000, 0x000000008d100000| Untracked 
| 184|0x000000008d200000, 0x000000008d200000, 0x000000008d300000|  0%| F|  |TAMS 0x000000008d200000, 0x000000008d200000| Untracked 
| 185|0x000000008d300000, 0x000000008d300000, 0x000000008d400000|  0%| F|  |TAMS 0x000000008d300000, 0x000000008d300000| Untracked 
| 186|0x000000008d400000, 0x000000008d400000, 0x000000008d500000|  0%| F|  |TAMS 0x000000008d400000, 0x000000008d400000| Untracked 
| 187|0x000000008d500000, 0x000000008d500000, 0x000000008d600000|  0%| F|  |TAMS 0x000000008d500000, 0x000000008d500000| Untracked 
| 188|0x000000008d600000, 0x000000008d600000, 0x000000008d700000|  0%| F|  |TAMS 0x000000008d600000, 0x000000008d600000| Untracked 
| 189|0x000000008d700000, 0x000000008d700000, 0x000000008d800000|  0%| F|  |TAMS 0x000000008d700000, 0x000000008d700000| Untracked 
| 190|0x000000008d800000, 0x000000008d800000, 0x000000008d900000|  0%| F|  |TAMS 0x000000008d800000, 0x000000008d800000| Untracked 
| 191|0x000000008d900000, 0x000000008d900000, 0x000000008da00000|  0%| F|  |TAMS 0x000000008d900000, 0x000000008d900000| Untracked 
| 192|0x000000008da00000, 0x000000008da00000, 0x000000008db00000|  0%| F|  |TAMS 0x000000008da00000, 0x000000008da00000| Untracked 
| 193|0x000000008db00000, 0x000000008db00000, 0x000000008dc00000|  0%| F|  |TAMS 0x000000008db00000, 0x000000008db00000| Untracked 
| 194|0x000000008dc00000, 0x000000008dc00000, 0x000000008dd00000|  0%| F|  |TAMS 0x000000008dc00000, 0x000000008dc00000| Untracked 
| 195|0x000000008dd00000, 0x000000008dd00000, 0x000000008de00000|  0%| F|  |TAMS 0x000000008dd00000, 0x000000008dd00000| Untracked 
| 196|0x000000008de00000, 0x000000008df00000, 0x000000008df00000|100%| S|CS|TAMS 0x000000008de00000, 0x000000008de00000| Complete 
| 197|0x000000008df00000, 0x000000008e000000, 0x000000008e000000|100%| S|CS|TAMS 0x000000008df00000, 0x000000008df00000| Complete 
| 198|0x000000008e000000, 0x000000008e100000, 0x000000008e100000|100%| S|CS|TAMS 0x000000008e000000, 0x000000008e000000| Complete 
| 199|0x000000008e100000, 0x000000008e200000, 0x000000008e200000|100%| S|CS|TAMS 0x000000008e100000, 0x000000008e100000| Complete 
| 200|0x000000008e200000, 0x000000008e300000, 0x000000008e300000|100%| S|CS|TAMS 0x000000008e200000, 0x000000008e200000| Complete 
| 201|0x000000008e300000, 0x000000008e400000, 0x000000008e400000|100%| S|CS|TAMS 0x000000008e300000, 0x000000008e300000| Complete 
| 202|0x000000008e400000, 0x000000008e400000, 0x000000008e500000|  0%| F|  |TAMS 0x000000008e400000, 0x000000008e400000| Untracked 
| 203|0x000000008e500000, 0x000000008e500000, 0x000000008e600000|  0%| F|  |TAMS 0x000000008e500000, 0x000000008e500000| Untracked 
| 204|0x000000008e600000, 0x000000008e600000, 0x000000008e700000|  0%| F|  |TAMS 0x000000008e600000, 0x000000008e600000| Untracked 
| 205|0x000000008e700000, 0x000000008e700000, 0x000000008e800000|  0%| F|  |TAMS 0x000000008e700000, 0x000000008e700000| Untracked 
| 206|0x000000008e800000, 0x000000008e800000, 0x000000008e900000|  0%| F|  |TAMS 0x000000008e800000, 0x000000008e800000| Untracked 
| 207|0x000000008e900000, 0x000000008e900000, 0x000000008ea00000|  0%| F|  |TAMS 0x000000008e900000, 0x000000008e900000| Untracked 
| 208|0x000000008ea00000, 0x000000008ea00000, 0x000000008eb00000|  0%| F|  |TAMS 0x000000008ea00000, 0x000000008ea00000| Untracked 
| 209|0x000000008eb00000, 0x000000008eb00000, 0x000000008ec00000|  0%| F|  |TAMS 0x000000008eb00000, 0x000000008eb00000| Untracked 
| 210|0x000000008ec00000, 0x000000008ec00000, 0x000000008ed00000|  0%| F|  |TAMS 0x000000008ec00000, 0x000000008ec00000| Untracked 
| 211|0x000000008ed00000, 0x000000008ed00000, 0x000000008ee00000|  0%| F|  |TAMS 0x000000008ed00000, 0x000000008ed00000| Untracked 
| 212|0x000000008ee00000, 0x000000008ee00000, 0x000000008ef00000|  0%| F|  |TAMS 0x000000008ee00000, 0x000000008ee00000| Untracked 
| 213|0x000000008ef00000, 0x000000008ef00000, 0x000000008f000000|  0%| F|  |TAMS 0x000000008ef00000, 0x000000008ef00000| Untracked 
| 214|0x000000008f000000, 0x000000008f000000, 0x000000008f100000|  0%| F|  |TAMS 0x000000008f000000, 0x000000008f000000| Untracked 
| 215|0x000000008f100000, 0x000000008f100000, 0x000000008f200000|  0%| F|  |TAMS 0x000000008f100000, 0x000000008f100000| Untracked 
| 216|0x000000008f200000, 0x000000008f200000, 0x000000008f300000|  0%| F|  |TAMS 0x000000008f200000, 0x000000008f200000| Untracked 
| 217|0x000000008f300000, 0x000000008f300000, 0x000000008f400000|  0%| F|  |TAMS 0x000000008f300000, 0x000000008f300000| Untracked 
| 218|0x000000008f400000, 0x000000008f400000, 0x000000008f500000|  0%| F|  |TAMS 0x000000008f400000, 0x000000008f400000| Untracked 
| 219|0x000000008f500000, 0x000000008f500000, 0x000000008f600000|  0%| F|  |TAMS 0x000000008f500000, 0x000000008f500000| Untracked 
| 220|0x000000008f600000, 0x000000008f600000, 0x000000008f700000|  0%| F|  |TAMS 0x000000008f600000, 0x000000008f600000| Untracked 
| 221|0x000000008f700000, 0x000000008f700000, 0x000000008f800000|  0%| F|  |TAMS 0x000000008f700000, 0x000000008f700000| Untracked 
| 222|0x000000008f800000, 0x000000008f800000, 0x000000008f900000|  0%| F|  |TAMS 0x000000008f800000, 0x000000008f800000| Untracked 
| 223|0x000000008f900000, 0x000000008f900000, 0x000000008fa00000|  0%| F|  |TAMS 0x000000008f900000, 0x000000008f900000| Untracked 
| 224|0x000000008fa00000, 0x000000008fa00000, 0x000000008fb00000|  0%| F|  |TAMS 0x000000008fa00000, 0x000000008fa00000| Untracked 
| 225|0x000000008fb00000, 0x000000008fb00000, 0x000000008fc00000|  0%| F|  |TAMS 0x000000008fb00000, 0x000000008fb00000| Untracked 
| 226|0x000000008fc00000, 0x000000008fc00000, 0x000000008fd00000|  0%| F|  |TAMS 0x000000008fc00000, 0x000000008fc00000| Untracked 
| 227|0x000000008fd00000, 0x000000008fd00000, 0x000000008fe00000|  0%| F|  |TAMS 0x000000008fd00000, 0x000000008fd00000| Untracked 
| 228|0x000000008fe00000, 0x000000008fe00000, 0x000000008ff00000|  0%| F|  |TAMS 0x000000008fe00000, 0x000000008fe00000| Untracked 
| 229|0x000000008ff00000, 0x000000008ff00000, 0x0000000090000000|  0%| F|  |TAMS 0x000000008ff00000, 0x000000008ff00000| Untracked 
| 230|0x0000000090000000, 0x0000000090000000, 0x0000000090100000|  0%| F|  |TAMS 0x0000000090000000, 0x0000000090000000| Untracked 
| 231|0x0000000090100000, 0x0000000090100000, 0x0000000090200000|  0%| F|  |TAMS 0x0000000090100000, 0x0000000090100000| Untracked 
| 232|0x0000000090200000, 0x0000000090200000, 0x0000000090300000|  0%| F|  |TAMS 0x0000000090200000, 0x0000000090200000| Untracked 
| 233|0x0000000090300000, 0x0000000090300000, 0x0000000090400000|  0%| F|  |TAMS 0x0000000090300000, 0x0000000090300000| Untracked 
| 234|0x0000000090400000, 0x0000000090400000, 0x0000000090500000|  0%| F|  |TAMS 0x0000000090400000, 0x0000000090400000| Untracked 
| 235|0x0000000090500000, 0x0000000090500000, 0x0000000090600000|  0%| F|  |TAMS 0x0000000090500000, 0x0000000090500000| Untracked 
| 236|0x0000000090600000, 0x0000000090600000, 0x0000000090700000|  0%| F|  |TAMS 0x0000000090600000, 0x0000000090600000| Untracked 
| 237|0x0000000090700000, 0x0000000090700000, 0x0000000090800000|  0%| F|  |TAMS 0x0000000090700000, 0x0000000090700000| Untracked 
| 238|0x0000000090800000, 0x0000000090800000, 0x0000000090900000|  0%| F|  |TAMS 0x0000000090800000, 0x0000000090800000| Untracked 
| 239|0x0000000090900000, 0x0000000090900000, 0x0000000090a00000|  0%| F|  |TAMS 0x0000000090900000, 0x0000000090900000| Untracked 
| 240|0x0000000090a00000, 0x0000000090a00000, 0x0000000090b00000|  0%| F|  |TAMS 0x0000000090a00000, 0x0000000090a00000| Untracked 
|1993|0x00000000fe300000, 0x00000000fe400000, 0x00000000fe400000|100%| O|  |TAMS 0x00000000fe400000, 0x00000000fe400000| Untracked 
|1994|0x00000000fe400000, 0x00000000fe500000, 0x00000000fe500000|100%| O|  |TAMS 0x00000000fe500000, 0x00000000fe500000| Untracked 
|1995|0x00000000fe500000, 0x00000000fe600000, 0x00000000fe600000|100%| O|  |TAMS 0x00000000fe600000, 0x00000000fe600000| Untracked 
|1996|0x00000000fe600000, 0x00000000fe700000, 0x00000000fe700000|100%| O|  |TAMS 0x00000000fe700000, 0x00000000fe700000| Untracked 
|1997|0x00000000fe700000, 0x00000000fe800000, 0x00000000fe800000|100%| O|  |TAMS 0x00000000fe800000, 0x00000000fe800000| Untracked 
|1998|0x00000000fe800000, 0x00000000fe900000, 0x00000000fe900000|100%| O|  |TAMS 0x00000000fe900000, 0x00000000fe900000| Untracked 
|1999|0x00000000fe900000, 0x00000000fea00000, 0x00000000fea00000|100%| O|  |TAMS 0x00000000fea00000, 0x00000000fea00000| Untracked 
|2000|0x00000000fea00000, 0x00000000feb00000, 0x00000000feb00000|100%| O|  |TAMS 0x00000000feb00000, 0x00000000feb00000| Untracked 
|2001|0x00000000feb00000, 0x00000000fec00000, 0x00000000fec00000|100%| O|  |TAMS 0x00000000fec00000, 0x00000000fec00000| Untracked 
|2002|0x00000000fec00000, 0x00000000fed00000, 0x00000000fed00000|100%| O|  |TAMS 0x00000000fed00000, 0x00000000fed00000| Untracked 
|2003|0x00000000fed00000, 0x00000000fee00000, 0x00000000fee00000|100%| O|  |TAMS 0x00000000fee00000, 0x00000000fee00000| Untracked 
|2004|0x00000000fee00000, 0x00000000fef00000, 0x00000000fef00000|100%| O|  |TAMS 0x00000000fef00000, 0x00000000fef00000| Untracked 
|2005|0x00000000fef00000, 0x00000000ff000000, 0x00000000ff000000|100%| O|  |TAMS 0x00000000ff000000, 0x00000000ff000000| Untracked 
|2006|0x00000000ff000000, 0x00000000ff100000, 0x00000000ff100000|100%| O|  |TAMS 0x00000000ff100000, 0x00000000ff100000| Untracked 
|2007|0x00000000ff100000, 0x00000000ff200000, 0x00000000ff200000|100%| O|  |TAMS 0x00000000ff200000, 0x00000000ff200000| Untracked 
|2008|0x00000000ff200000, 0x00000000ff300000, 0x00000000ff300000|100%| O|  |TAMS 0x00000000ff300000, 0x00000000ff300000| Untracked 
|2009|0x00000000ff300000, 0x00000000ff400000, 0x00000000ff400000|100%| O|  |TAMS 0x00000000ff400000, 0x00000000ff400000| Untracked 
|2010|0x00000000ff400000, 0x00000000ff500000, 0x00000000ff500000|100%| O|  |TAMS 0x00000000ff500000, 0x00000000ff500000| Untracked 
|2011|0x00000000ff500000, 0x00000000ff600000, 0x00000000ff600000|100%| O|  |TAMS 0x00000000ff600000, 0x00000000ff600000| Untracked 
|2012|0x00000000ff600000, 0x00000000ff700000, 0x00000000ff700000|100%| O|  |TAMS 0x00000000ff700000, 0x00000000ff700000| Untracked 
|2013|0x00000000ff700000, 0x00000000ff800000, 0x00000000ff800000|100%| O|  |TAMS 0x00000000ff800000, 0x00000000ff800000| Untracked 
|2014|0x00000000ff800000, 0x00000000ff900000, 0x00000000ff900000|100%| O|  |TAMS 0x00000000ff900000, 0x00000000ff900000| Untracked 
|2015|0x00000000ff900000, 0x00000000ffa00000, 0x00000000ffa00000|100%| O|  |TAMS 0x00000000ffa00000, 0x00000000ffa00000| Untracked 
|2016|0x00000000ffa00000, 0x00000000ffb00000, 0x00000000ffb00000|100%| O|  |TAMS 0x00000000ffb00000, 0x00000000ffb00000| Untracked 
|2017|0x00000000ffb00000, 0x00000000ffc00000, 0x00000000ffc00000|100%| O|  |TAMS 0x00000000ffc00000, 0x00000000ffc00000| Untracked 
|2018|0x00000000ffc00000, 0x00000000ffd00000, 0x00000000ffd00000|100%| O|  |TAMS 0x00000000ffd00000, 0x00000000ffd00000| Untracked 
|2019|0x00000000ffd00000, 0x00000000ffe00000, 0x00000000ffe00000|100%| O|  |TAMS 0x00000000ffe00000, 0x00000000ffe00000| Untracked 
|2020|0x00000000ffe00000, 0x00000000fff00000, 0x00000000fff00000|100%| O|  |TAMS 0x00000000fff00000, 0x00000000fff00000| Untracked 
|2021|0x00000000fff00000, 0x0000000100000000, 0x0000000100000000|100%| O|  |TAMS 0x0000000100000000, 0x0000000100000000| Untracked 

Card table byte_map: [0x00000230a94e0000,0x00000230a98e0000] _byte_map_base: 0x00000230a90d3000

Marking Bits (Prev, Next): (CMBitMap*) 0x00000230928ce3e0, (CMBitMap*) 0x00000230928ce420
 Prev Bits: [0x00000230a9ce0000, 0x00000230abc78000)
 Next Bits: [0x00000230abc80000, 0x00000230adc18000)

Polling page: 0x0000023092060000

Metaspace:

Usage:
  Non-class:     16.08 MB used.
      Class:      2.05 MB used.
       Both:     18.13 MB used.

Virtual space:
  Non-class space:       24.00 MB reserved,      16.19 MB ( 67%) committed,  3 nodes.
      Class space:        1.00 GB reserved,       2.12 MB ( <1%) committed,  1 nodes.
             Both:        1.02 GB reserved,      18.31 MB (  2%) committed. 

Chunk freelists:
   Non-Class:  3.73 MB
       Class:  1.89 MB
        Both:  5.62 MB

MaxMetaspaceSize: unlimited
CompressedClassSpaceSize: 1.00 GB
Initial GC threshold: 21.00 MB
Current GC threshold: 23.44 MB
CDS: on
MetaspaceReclaimPolicy: balanced
 - commit_granule_bytes: 65536.
 - commit_granule_words: 8192.
 - virtual_space_node_default_size: 1048576.
 - enlarge_chunks_in_place: 1.
 - new_chunks_are_fully_committed: 0.
 - uncommit_free_chunks: 1.
 - use_allocation_guard: 0.
 - handle_deallocations: 1.


Internal statistics:

num_allocs_failed_limit: 0.
num_arena_births: 140.
num_arena_deaths: 0.
num_vsnodes_births: 4.
num_vsnodes_deaths: 0.
num_space_committed: 293.
num_space_uncommitted: 0.
num_chunks_returned_to_freelist: 0.
num_chunks_taken_from_freelist: 631.
num_chunk_merges: 0.
num_chunk_splits: 432.
num_chunks_enlarged: 339.
num_purges: 0.
num_inconsistent_stats: 0.

CodeHeap 'non-profiled nmethods': size=120000Kb used=2268Kb max_used=2268Kb free=117731Kb
 bounds [0x00000230a1bb0000, 0x00000230a1e20000, 0x00000230a90e0000]
CodeHeap 'profiled nmethods': size=120000Kb used=6114Kb max_used=6114Kb free=113885Kb
 bounds [0x000002309a680000, 0x000002309ac80000, 0x00000230a1bb0000]
CodeHeap 'non-nmethods': size=5760Kb used=1225Kb max_used=1268Kb free=4534Kb
 bounds [0x000002309a0e0000, 0x000002309a350000, 0x000002309a680000]
 total_blobs=3558 nmethods=3029 adapters=441
 compilation: enabled
              stopped_count=0, restarted_count=0
 full_count=0

Compilation events (20 events):
Event: 5.925 Thread 0x00000230b00d90a0 3066       2       java.lang.invoke.MethodHandleNatives::linkCallSite (66 bytes)
Event: 5.925 Thread 0x00000230b00d90a0 nmethod 3066 0x000002309ac74710 code [0x000002309ac748e0, 0x000002309ac74b08]
Event: 5.925 Thread 0x00000230b00d90a0 3067       2       java.lang.invoke.MethodHandleNatives::linkCallSiteImpl (44 bytes)
Event: 5.925 Thread 0x00000230b00d90a0 nmethod 3067 0x000002309ac74c90 code [0x000002309ac74e80, 0x000002309ac75338]
Event: 5.925 Thread 0x00000230b00d90a0 3068   !   2       java.lang.invoke.CallSite::makeSite (91 bytes)
Event: 5.926 Thread 0x00000230b00d90a0 nmethod 3068 0x000002309ac75610 code [0x000002309ac758c0, 0x000002309ac760d8]
Event: 5.926 Thread 0x00000230b00d90a0 3069       2       java.lang.invoke.ConstantCallSite::<init> (17 bytes)
Event: 5.926 Thread 0x00000230b00d90a0 nmethod 3069 0x000002309ac76b90 code [0x000002309ac76d40, 0x000002309ac76fc8]
Event: 5.926 Thread 0x00000230b00d90a0 3070       2       java.lang.invoke.CallSite::<init> (23 bytes)
Event: 5.926 Thread 0x00000230b00d90a0 nmethod 3070 0x000002309ac77110 code [0x000002309ac772c0, 0x000002309ac77528]
Event: 5.934 Thread 0x00000230b00d90a0 3071       2       java.lang.String::equals (56 bytes)
Event: 5.934 Thread 0x00000230b00d90a0 nmethod 3071 0x000002309ac77690 code [0x000002309ac77840, 0x000002309ac77a68]
Event: 5.935 Thread 0x00000230b00d90a0 3072       2       java.util.Locale::hashCode (41 bytes)
Event: 5.935 Thread 0x00000230b00d90a0 nmethod 3072 0x000002309ac77b90 code [0x000002309ac77d40, 0x000002309ac77ed8]
Event: 5.935 Thread 0x00000230b00d90a0 3073       2       java.io.DataInputStream::readLong (128 bytes)
Event: 5.936 Thread 0x00000230b00d90a0 nmethod 3073 0x000002309ac78010 code [0x000002309ac781c0, 0x000002309ac784a8]
Event: 5.936 Thread 0x00000230b00d90a0 3074       2       sun.util.cldr.CLDRTimeZoneNameProviderImpl::exists (31 bytes)
Event: 5.936 Thread 0x00000230b00d90a0 nmethod 3074 0x000002309ac78610 code [0x000002309ac787a0, 0x000002309ac78958]
Event: 5.936 Thread 0x00000230b00d90a0 3076       1       sun.util.resources.Bundles$CacheKey::hashCode (5 bytes)
Event: 5.936 Thread 0x00000230b00d90a0 nmethod 3076 0x00000230a1de6e10 code [0x00000230a1de6fa0, 0x00000230a1de7078]

GC Heap History (20 events):
Event: 3.174 GC heap after
{Heap after GC invocations=6 (full 0):
 garbage-first heap   total 131072K, used 30108K [0x0000000081a00000, 0x0000000100000000)
  region size 1024K, 2 young (2048K), 2 survivors (2048K)
 Metaspace       used 13493K, committed 13632K, reserved 1064960K
  class space    used 1513K, committed 1600K, reserved 1048576K
}
Event: 3.307 GC heap before
{Heap before GC invocations=6 (full 0):
 garbage-first heap   total 131072K, used 101788K [0x0000000081a00000, 0x0000000100000000)
  region size 1024K, 72 young (73728K), 2 survivors (2048K)
 Metaspace       used 13493K, committed 13632K, reserved 1064960K
  class space    used 1513K, committed 1600K, reserved 1048576K
}
Event: 3.310 GC heap after
{Heap after GC invocations=7 (full 0):
 garbage-first heap   total 131072K, used 30842K [0x0000000081a00000, 0x0000000100000000)
  region size 1024K, 3 young (3072K), 3 survivors (3072K)
 Metaspace       used 13493K, committed 13632K, reserved 1064960K
  class space    used 1513K, committed 1600K, reserved 1048576K
}
Event: 3.472 GC heap before
{Heap before GC invocations=7 (full 0):
 garbage-first heap   total 131072K, used 104570K [0x0000000081a00000, 0x0000000100000000)
  region size 1024K, 75 young (76800K), 3 survivors (3072K)
 Metaspace       used 13497K, committed 13632K, reserved 1064960K
  class space    used 1513K, committed 1600K, reserved 1048576K
}
Event: 3.474 GC heap after
{Heap after GC invocations=8 (full 0):
 garbage-first heap   total 131072K, used 31859K [0x0000000081a00000, 0x0000000100000000)
  region size 1024K, 4 young (4096K), 4 survivors (4096K)
 Metaspace       used 13497K, committed 13632K, reserved 1064960K
  class space    used 1513K, committed 1600K, reserved 1048576K
}
Event: 3.916 GC heap before
{Heap before GC invocations=8 (full 0):
 garbage-first heap   total 131072K, used 105587K [0x0000000081a00000, 0x0000000100000000)
  region size 1024K, 76 young (77824K), 4 survivors (4096K)
 Metaspace       used 13657K, committed 13824K, reserved 1064960K
  class space    used 1545K, committed 1600K, reserved 1048576K
}
Event: 3.955 GC heap after
{Heap after GC invocations=9 (full 0):
 garbage-first heap   total 193536K, used 82109K [0x0000000081a00000, 0x0000000100000000)
  region size 1024K, 10 young (10240K), 10 survivors (10240K)
 Metaspace       used 13657K, committed 13824K, reserved 1064960K
  class space    used 1545K, committed 1600K, reserved 1048576K
}
Event: 4.123 GC heap before
{Heap before GC invocations=9 (full 0):
 garbage-first heap   total 193536K, used 128189K [0x0000000081a00000, 0x0000000100000000)
  region size 1024K, 55 young (56320K), 10 survivors (10240K)
 Metaspace       used 13657K, committed 13824K, reserved 1064960K
  class space    used 1545K, committed 1600K, reserved 1048576K
}
Event: 4.160 GC heap after
{Heap after GC invocations=10 (full 0):
 garbage-first heap   total 193536K, used 118272K [0x0000000081a00000, 0x0000000100000000)
  region size 1024K, 7 young (7168K), 7 survivors (7168K)
 Metaspace       used 13657K, committed 13824K, reserved 1064960K
  class space    used 1545K, committed 1600K, reserved 1048576K
}
Event: 4.229 GC heap before
{Heap before GC invocations=10 (full 0):
 garbage-first heap   total 193536K, used 140800K [0x0000000081a00000, 0x0000000100000000)
  region size 1024K, 29 young (29696K), 7 survivors (7168K)
 Metaspace       used 13662K, committed 13824K, reserved 1064960K
  class space    used 1548K, committed 1600K, reserved 1048576K
}
Event: 4.242 GC heap after
{Heap after GC invocations=11 (full 0):
 garbage-first heap   total 193536K, used 135744K [0x0000000081a00000, 0x0000000100000000)
  region size 1024K, 4 young (4096K), 4 survivors (4096K)
 Metaspace       used 13662K, committed 13824K, reserved 1064960K
  class space    used 1548K, committed 1600K, reserved 1048576K
}
Event: 4.591 GC heap before
{Heap before GC invocations=12 (full 0):
 garbage-first heap   total 229376K, used 149056K [0x0000000081a00000, 0x0000000100000000)
  region size 1024K, 18 young (18432K), 4 survivors (4096K)
 Metaspace       used 14231K, committed 14336K, reserved 1064960K
  class space    used 1605K, committed 1664K, reserved 1048576K
}
Event: 4.600 GC heap after
{Heap after GC invocations=13 (full 0):
 garbage-first heap   total 229376K, used 140288K [0x0000000081a00000, 0x0000000100000000)
  region size 1024K, 3 young (3072K), 3 survivors (3072K)
 Metaspace       used 14231K, committed 14336K, reserved 1064960K
  class space    used 1605K, committed 1664K, reserved 1048576K
}
Event: 4.778 GC heap before
{Heap before GC invocations=13 (full 0):
 garbage-first heap   total 229376K, used 167936K [0x0000000081a00000, 0x0000000100000000)
  region size 1024K, 30 young (30720K), 3 survivors (3072K)
 Metaspace       used 14262K, committed 14400K, reserved 1064960K
  class space    used 1605K, committed 1664K, reserved 1048576K
}
Event: 4.793 GC heap after
{Heap after GC invocations=14 (full 0):
 garbage-first heap   total 229376K, used 148390K [0x0000000081a00000, 0x0000000100000000)
  region size 1024K, 4 young (4096K), 4 survivors (4096K)
 Metaspace       used 14262K, committed 14400K, reserved 1064960K
  class space    used 1605K, committed 1664K, reserved 1048576K
}
Event: 5.006 GC heap before
{Heap before GC invocations=14 (full 0):
 garbage-first heap   total 276480K, used 173990K [0x0000000081a00000, 0x0000000100000000)
  region size 1024K, 29 young (29696K), 4 survivors (4096K)
 Metaspace       used 14280K, committed 14400K, reserved 1064960K
  class space    used 1605K, committed 1664K, reserved 1048576K
}
Event: 5.021 GC heap after
{Heap after GC invocations=15 (full 0):
 garbage-first heap   total 276480K, used 156006K [0x0000000081a00000, 0x0000000100000000)
  region size 1024K, 4 young (4096K), 4 survivors (4096K)
 Metaspace       used 14280K, committed 14400K, reserved 1064960K
  class space    used 1605K, committed 1664K, reserved 1048576K
}
Event: 5.218 GC heap before
{Heap before GC invocations=16 (full 0):
 garbage-first heap   total 276480K, used 200038K [0x0000000081a00000, 0x0000000100000000)
  region size 1024K, 47 young (48128K), 4 survivors (4096K)
 Metaspace       used 14298K, committed 14400K, reserved 1064960K
  class space    used 1605K, committed 1664K, reserved 1048576K
}
Event: 5.239 GC heap after
{Heap after GC invocations=17 (full 0):
 garbage-first heap   total 276480K, used 168960K [0x0000000081a00000, 0x0000000100000000)
  region size 1024K, 6 young (6144K), 6 survivors (6144K)
 Metaspace       used 14298K, committed 14400K, reserved 1064960K
  class space    used 1605K, committed 1664K, reserved 1048576K
}
Event: 5.937 GC heap before
{Heap before GC invocations=17 (full 0):
 garbage-first heap   total 276480K, used 208896K [0x0000000081a00000, 0x0000000100000000)
  region size 1024K, 45 young (46080K), 6 survivors (6144K)
 Metaspace       used 18565K, committed 18752K, reserved 1073152K
  class space    used 2103K, committed 2176K, reserved 1048576K
}

Deoptimization events (20 events):
Event: 5.860 Thread 0x0000023092890d90 Uncommon trap: trap_request=0xffffff45 fr.pc=0x00000230a1c10df4 relative=0x0000000000000f94
Event: 5.860 Thread 0x0000023092890d90 Uncommon trap: reason=unstable_if action=reinterpret pc=0x00000230a1c10df4 method=java.util.concurrent.ConcurrentHashMap.transfer([Ljava/util/concurrent/ConcurrentHashMap$Node;[Ljava/util/concurrent/ConcurrentHashMap$Node;)V @ 352 c2
Event: 5.860 Thread 0x0000023092890d90 DEOPT PACKING pc=0x00000230a1c10df4 sp=0x000000d1af6fd570
Event: 5.860 Thread 0x0000023092890d90 DEOPT UNPACKING pc=0x000002309a1323a3 sp=0x000000d1af6fd4d8 mode 2
Event: 5.907 Thread 0x0000023092890d90 Uncommon trap: trap_request=0xffffff45 fr.pc=0x00000230a1dc8760 relative=0x00000000000000c0
Event: 5.907 Thread 0x0000023092890d90 Uncommon trap: reason=unstable_if action=reinterpret pc=0x00000230a1dc8760 method=java.lang.CharacterDataLatin1.digit(II)I @ 7 c2
Event: 5.907 Thread 0x0000023092890d90 DEOPT PACKING pc=0x00000230a1dc8760 sp=0x000000d1af6fd3f0
Event: 5.907 Thread 0x0000023092890d90 DEOPT UNPACKING pc=0x000002309a1323a3 sp=0x000000d1af6fd2b0 mode 2
Event: 5.907 Thread 0x0000023092890d90 Uncommon trap: trap_request=0xffffff45 fr.pc=0x00000230a1d5beb4 relative=0x0000000000000094
Event: 5.907 Thread 0x0000023092890d90 Uncommon trap: reason=unstable_if action=reinterpret pc=0x00000230a1d5beb4 method=java.lang.CharacterDataLatin1.digit(II)I @ 7 c2
Event: 5.907 Thread 0x0000023092890d90 DEOPT PACKING pc=0x00000230a1d5beb4 sp=0x000000d1af6fd320
Event: 5.907 Thread 0x0000023092890d90 DEOPT UNPACKING pc=0x000002309a1323a3 sp=0x000000d1af6fd2b8 mode 2
Event: 5.921 Thread 0x0000023092890d90 Uncommon trap: trap_request=0xffffff45 fr.pc=0x00000230a1bcaf8c relative=0x000000000000018c
Event: 5.921 Thread 0x0000023092890d90 Uncommon trap: reason=unstable_if action=reinterpret pc=0x00000230a1bcaf8c method=java.lang.String.equals(Ljava/lang/Object;)Z @ 33 c2
Event: 5.921 Thread 0x0000023092890d90 DEOPT PACKING pc=0x00000230a1bcaf8c sp=0x000000d1af6fd180
Event: 5.921 Thread 0x0000023092890d90 DEOPT UNPACKING pc=0x000002309a1323a3 sp=0x000000d1af6fd120 mode 2
Event: 5.930 Thread 0x0000023092890d90 Uncommon trap: trap_request=0xffffff45 fr.pc=0x00000230a1d80e04 relative=0x0000000000000164
Event: 5.930 Thread 0x0000023092890d90 Uncommon trap: reason=unstable_if action=reinterpret pc=0x00000230a1d80e04 method=java.util.ArrayList.fastRemove([Ljava/lang/Object;I)V @ 19 c2
Event: 5.930 Thread 0x0000023092890d90 DEOPT PACKING pc=0x00000230a1d80e04 sp=0x000000d1af6fcc90
Event: 5.930 Thread 0x0000023092890d90 DEOPT UNPACKING pc=0x000002309a1323a3 sp=0x000000d1af6fcbd0 mode 2

Classes unloaded (0 events):
No events

Classes redefined (0 events):
No events

Internal exceptions (20 events):
Event: 1.118 Thread 0x0000023092890d90 Exception <a 'java/lang/NoSuchMethodError'{0x0000000088e09338}: 'java.lang.Object java.lang.invoke.DirectMethodHandle$Holder.invokeStatic(java.lang.Object, java.lang.Object, int, int)'> (0x0000000088e09338) 
thrown [t:\workspace\open\src\hotspot\share\interpreter\linkResolver.cpp, line 766]
Event: 1.118 Thread 0x0000023092890d90 Exception <a 'java/lang/NoSuchMethodError'{0x0000000088e0cdb0}: 'java.lang.Object java.lang.invoke.DirectMethodHandle$Holder.invokeStaticInit(java.lang.Object, java.lang.Object, int, int)'> (0x0000000088e0cdb0) 
thrown [t:\workspace\open\src\hotspot\share\interpreter\linkResolver.cpp, line 766]
Event: 1.377 Thread 0x0000023092890d90 Exception <a 'java/lang/NoSuchMethodError'{0x00000000887aaa58}: 'java.lang.Object java.lang.invoke.DirectMethodHandle$Holder.invokeInterface(java.lang.Object, java.lang.Object)'> (0x00000000887aaa58) 
thrown [t:\workspace\open\src\hotspot\share\interpreter\linkResolver.cpp, line 766]
Event: 1.437 Thread 0x0000023092890d90 Exception <a 'java/lang/NoSuchMethodError'{0x000000008859c018}: 'java.lang.Object java.lang.invoke.DirectMethodHandle$Holder.newInvokeSpecial(java.lang.Object, java.lang.Object, int, java.lang.Object)'> (0x000000008859c018) 
thrown [t:\workspace\open\src\hotspot\share\interpreter\linkResolver.cpp, line 766]
Event: 1.440 Thread 0x0000023092890d90 Exception <a 'java/lang/NoSuchMethodError'{0x00000000885a06a0}: 'java.lang.Object java.lang.invoke.DirectMethodHandle$Holder.invokeSpecial(java.lang.Object, java.lang.Object, java.lang.Object, int, java.lang.Object)'> (0x00000000885a06a0) 
thrown [t:\workspace\open\src\hotspot\share\interpreter\linkResolver.cpp, line 766]
Event: 1.466 Thread 0x0000023092890d90 Exception <a 'java/lang/NoSuchMethodError'{0x0000000089900c40}: 'void java.lang.invoke.DirectMethodHandle$Holder.invokeVirtual(java.lang.Object, java.lang.Object)'> (0x0000000089900c40) 
thrown [t:\workspace\open\src\hotspot\share\interpreter\linkResolver.cpp, line 766]
Event: 4.431 Thread 0x0000023092890d90 Implicit null exception at 0x00000230a1d445f0 to 0x00000230a1d446d4
Event: 5.358 Thread 0x0000023092890d90 Exception <a 'java/lang/NoSuchMethodError'{0x000000008f5ea090}: 'java.lang.Object java.lang.invoke.DirectMethodHandle$Holder.invokeVirtual(java.lang.Object, java.lang.Object, int)'> (0x000000008f5ea090) 
thrown [t:\workspace\open\src\hotspot\share\interpreter\linkResolver.cpp, line 766]
Event: 5.360 Thread 0x0000023092890d90 Exception <a 'java/lang/NoSuchMethodError'{0x000000008f5fc1e0}: 'void java.lang.invoke.DirectMethodHandle$Holder.invokeVirtual(java.lang.Object, java.lang.Object, int)'> (0x000000008f5fc1e0) 
thrown [t:\workspace\open\src\hotspot\share\interpreter\linkResolver.cpp, line 766]
Event: 5.361 Thread 0x0000023092890d90 Exception <a 'java/lang/NoSuchMethodError'{0x000000008f403548}: 'int java.lang.invoke.DirectMethodHandle$Holder.invokeVirtual(java.lang.Object, java.lang.Object)'> (0x000000008f403548) 
thrown [t:\workspace\open\src\hotspot\share\interpreter\linkResolver.cpp, line 766]
Event: 5.388 Thread 0x0000023092890d90 Implicit null exception at 0x00000230a1d5b97a to 0x00000230a1d5bad0
Event: 5.451 Thread 0x0000023092890d90 Exception <a 'java/lang/NoClassDefFoundError'{0x000000008f263610}: org/slf4j/impl/StaticLoggerBinder> (0x000000008f263610) 
thrown [t:\workspace\open\src\hotspot\share\classfile\systemDictionary.cpp, line 245]
Event: 5.456 Thread 0x0000023092890d90 Exception <a 'java/lang/NoSuchMethodError'{0x000000008f2a8fe0}: 'int java.lang.invoke.DirectMethodHandle$Holder.invokeSpecial(java.lang.Object, java.lang.Object, java.lang.Object)'> (0x000000008f2a8fe0) 
thrown [t:\workspace\open\src\hotspot\share\interpreter\linkResolver.cpp, line 766]
Event: 5.669 Thread 0x0000023092890d90 Exception <a 'sun/nio/fs/WindowsException'{0x000000008edd92d8}> (0x000000008edd92d8) 
thrown [t:\workspace\open\src\hotspot\share\prims\jni.cpp, line 516]
Event: 5.704 Thread 0x0000023092890d90 Exception <a 'java/lang/NoSuchMethodError'{0x000000008ec014f8}: 'int java.lang.invoke.DirectMethodHandle$Holder.invokeStaticInit(java.lang.Object, java.lang.Object, java.lang.Object, java.lang.Object)'> (0x000000008ec014f8) 
thrown [t:\workspace\open\src\hotspot\share\interpreter\linkResolver.cpp, line 766]
Event: 5.704 Thread 0x0000023092890d90 Exception <a 'java/lang/IncompatibleClassChangeError'{0x000000008ec0a9e8}: Found class java.lang.Object, but interface was expected> (0x000000008ec0a9e8) 
thrown [t:\workspace\open\src\hotspot\share\interpreter\linkResolver.cpp, line 833]
Event: 5.705 Thread 0x0000023092890d90 Exception <a 'java/lang/NoSuchMethodError'{0x000000008ec0dba8}: 'void java.lang.invoke.DirectMethodHandle$Holder.invokeStaticInit(java.lang.Object, java.lang.Object)'> (0x000000008ec0dba8) 
thrown [t:\workspace\open\src\hotspot\share\interpreter\linkResolver.cpp, line 766]
Event: 5.706 Thread 0x0000023092890d90 Exception <a 'java/lang/NoSuchMethodError'{0x000000008ec13ec8}: 'int java.lang.invoke.DirectMethodHandle$Holder.invokeStaticInit(java.lang.Object, java.lang.Object)'> (0x000000008ec13ec8) 
thrown [t:\workspace\open\src\hotspot\share\interpreter\linkResolver.cpp, line 766]
Event: 5.877 Thread 0x0000023092890d90 Exception <a 'java/lang/NoSuchMethodError'{0x000000008e6c2df8}: 'java.lang.Object java.lang.invoke.DirectMethodHandle$Holder.invokeVirtual(java.lang.Object, java.lang.Object, java.lang.Object)'> (0x000000008e6c2df8) 
thrown [t:\workspace\open\src\hotspot\share\interpreter\linkResolver.cpp, line 766]
Event: 5.900 Thread 0x0000023092890d90 Exception <a 'java/lang/NoSuchMethodError'{0x000000008e5a16b8}: 'int java.lang.invoke.DirectMethodHandle$Holder.invokeStatic(java.lang.Object, java.lang.Object, int)'> (0x000000008e5a16b8) 
thrown [t:\workspace\open\src\hotspot\share\interpreter\linkResolver.cpp, line 766]

VM Operations (20 events):
Event: 4.952 Executing VM operation: G1Concurrent done
Event: 5.006 Executing VM operation: G1CollectForAllocation
Event: 5.021 Executing VM operation: G1CollectForAllocation done
Event: 5.036 Executing VM operation: G1Concurrent
Event: 5.037 Executing VM operation: G1Concurrent done
Event: 5.218 Executing VM operation: G1CollectForAllocation
Event: 5.239 Executing VM operation: G1CollectForAllocation done
Event: 5.416 Executing VM operation: HandshakeAllThreads
Event: 5.416 Executing VM operation: HandshakeAllThreads done
Event: 5.519 Executing VM operation: HandshakeAllThreads
Event: 5.519 Executing VM operation: HandshakeAllThreads done
Event: 5.553 Executing VM operation: HandshakeAllThreads
Event: 5.553 Executing VM operation: HandshakeAllThreads done
Event: 5.672 Executing VM operation: HandshakeAllThreads
Event: 5.672 Executing VM operation: HandshakeAllThreads done
Event: 5.691 Executing VM operation: HandshakeAllThreads
Event: 5.691 Executing VM operation: HandshakeAllThreads done
Event: 5.692 Executing VM operation: HandshakeAllThreads
Event: 5.692 Executing VM operation: HandshakeAllThreads done
Event: 5.937 Executing VM operation: G1CollectForAllocation

Events (20 events):
Event: 5.911 loading class sun/util/resources/cldr/TimeZoneNames
Event: 5.911 loading class sun/util/resources/TimeZoneNamesBundle
Event: 5.912 loading class sun/util/resources/OpenListResourceBundle
Event: 5.912 loading class sun/util/resources/OpenListResourceBundle done
Event: 5.912 loading class sun/util/resources/TimeZoneNamesBundle done
Event: 5.912 loading class sun/util/resources/cldr/TimeZoneNames done
Event: 5.912 loading class sun/util/resources/cldr/TimeZoneNames_en
Event: 5.913 loading class sun/util/resources/cldr/TimeZoneNames_en done
Event: 5.913 loading class sun/util/resources/cldr/TimeZoneNames_en_US
Event: 5.913 loading class sun/util/resources/cldr/TimeZoneNames_en_US done
Event: 5.917 loading class sun/util/cldr/CLDRBaseLocaleDataMetaInfo$TZCanonicalIDMapHolder
Event: 5.920 loading class sun/util/cldr/CLDRBaseLocaleDataMetaInfo$TZCanonicalIDMapHolder done
Event: 5.924 loading class sun/util/locale/provider/BaseLocaleDataMetaInfo
Event: 5.924 loading class sun/util/locale/provider/BaseLocaleDataMetaInfo done
Event: 5.930 loading class sun/util/resources/TimeZoneNames
Event: 5.932 loading class sun/util/resources/TimeZoneNames done
Event: 5.932 loading class sun/util/resources/TimeZoneNames_en
Event: 5.933 loading class sun/util/resources/TimeZoneNames_en done
Event: 5.937 loading class sun/util/resources/ParallelListResourceBundle
Event: 5.937 loading class sun/util/resources/ParallelListResourceBundle done


Dynamic libraries:
0x00007ff7272f0000 - 0x00007ff727300000 	C:\Program Files\Java\jdk-17.0.2\bin\javaw.exe
0x00007fffcdfb0000 - 0x00007fffce1a8000 	C:\Windows\SYSTEM32\ntdll.dll
0x00007fffcdc60000 - 0x00007fffcdd1f000 	C:\Windows\System32\KERNEL32.DLL
0x00007fffcba50000 - 0x00007fffcbd46000 	C:\Windows\System32\KERNELBASE.dll
0x00007fffcbee0000 - 0x00007fffcbfe0000 	C:\Windows\System32\ucrtbase.dll
0x00007fffc89a0000 - 0x00007fffc89b8000 	C:\Program Files\Java\jdk-17.0.2\bin\jli.dll
0x00007fffc8900000 - 0x00007fffc891a000 	C:\Program Files\Java\jdk-17.0.2\bin\VCRUNTIME140.dll
0x00007fffcc010000 - 0x00007fffcc0bf000 	C:\Windows\System32\ADVAPI32.dll
0x00007fffcd3a0000 - 0x00007fffcd43e000 	C:\Windows\System32\msvcrt.dll
0x00007fffcd440000 - 0x00007fffcd4dc000 	C:\Windows\System32\sechost.dll
0x00007fffcc530000 - 0x00007fffcc656000 	C:\Windows\System32\RPCRT4.dll
0x00007fffcddd0000 - 0x00007fffcdf6d000 	C:\Windows\System32\USER32.dll
0x00007fffcbd50000 - 0x00007fffcbd72000 	C:\Windows\System32\win32u.dll
0x00007fffcd5b0000 - 0x00007fffcd5dc000 	C:\Windows\System32\GDI32.dll
0x00007fffcb930000 - 0x00007fffcba45000 	C:\Windows\System32\gdi32full.dll
0x00007fffcb890000 - 0x00007fffcb92d000 	C:\Windows\System32\msvcp_win.dll
0x00007fffc3200000 - 0x00007fffc320a000 	C:\Windows\SYSTEM32\VERSION.dll
0x00007fffb9630000 - 0x00007fffb98ca000 	C:\Windows\WinSxS\amd64_microsoft.windows.common-controls_6595b64144ccf1df_6.0.19041.1110_none_60b5254171f9507e\COMCTL32.dll
0x00007fffcc350000 - 0x00007fffcc380000 	C:\Windows\System32\IMM32.DLL
0x00007fffc8990000 - 0x00007fffc899c000 	C:\Program Files\Java\jdk-17.0.2\bin\vcruntime140_1.dll
0x00007fffabf70000 - 0x00007fffabffd000 	C:\Program Files\Java\jdk-17.0.2\bin\msvcp140.dll
0x00007fff89c50000 - 0x00007fff8a811000 	C:\Program Files\Java\jdk-17.0.2\bin\server\jvm.dll
0x00007fffcc660000 - 0x00007fffcc668000 	C:\Windows\System32\PSAPI.DLL
0x00007fffbc800000 - 0x00007fffbc809000 	C:\Windows\SYSTEM32\WSOCK32.dll
0x00007fffcd540000 - 0x00007fffcd5ab000 	C:\Windows\System32\WS2_32.dll
0x00007fffc1600000 - 0x00007fffc1627000 	C:\Windows\SYSTEM32\WINMM.dll
0x00007fffc9d00000 - 0x00007fffc9d12000 	C:\Windows\SYSTEM32\kernel.appcore.dll
0x00007fffc8700000 - 0x00007fffc870a000 	C:\Program Files\Java\jdk-17.0.2\bin\jimage.dll
0x00007fffb99d0000 - 0x00007fffb9bb4000 	C:\Windows\SYSTEM32\DBGHELP.DLL
0x00007fffb9420000 - 0x00007fffb9454000 	C:\Windows\SYSTEM32\dbgcore.DLL
0x00007fffcb7b0000 - 0x00007fffcb832000 	C:\Windows\System32\bcryptPrimitives.dll
0x00007fffc26f0000 - 0x00007fffc2715000 	C:\Program Files\Java\jdk-17.0.2\bin\java.dll
0x00007fffaa9d0000 - 0x00007fffaaaa6000 	C:\Program Files\Java\jdk-17.0.2\bin\jsvml.dll
0x00007fffcc9d0000 - 0x00007fffcd114000 	C:\Windows\System32\SHELL32.dll
0x00007fffc9550000 - 0x00007fffc9ce3000 	C:\Windows\SYSTEM32\windows.storage.dll
0x00007fffcc670000 - 0x00007fffcc9c4000 	C:\Windows\System32\combase.dll
0x00007fffcb000000 - 0x00007fffcb02e000 	C:\Windows\SYSTEM32\Wldp.dll
0x00007fffcdd20000 - 0x00007fffcddcd000 	C:\Windows\System32\SHCORE.dll
0x00007fffcdc00000 - 0x00007fffcdc55000 	C:\Windows\System32\shlwapi.dll
0x00007fffcb5c0000 - 0x00007fffcb5e5000 	C:\Windows\SYSTEM32\profapi.dll
0x00007fffc86e0000 - 0x00007fffc86f9000 	C:\Program Files\Java\jdk-17.0.2\bin\net.dll
0x00007fffc5750000 - 0x00007fffc585a000 	C:\Windows\SYSTEM32\WINHTTP.dll
0x00007fffcad60000 - 0x00007fffcadca000 	C:\Windows\system32\mswsock.dll
0x00007fffbcb70000 - 0x00007fffbcb86000 	C:\Program Files\Java\jdk-17.0.2\bin\nio.dll
0x00007fffbbb10000 - 0x00007fffbbb28000 	C:\Program Files\Java\jdk-17.0.2\bin\zip.dll
0x00007fffc2930000 - 0x00007fffc2940000 	C:\Program Files\Java\jdk-17.0.2\bin\verify.dll
0x00007fffcaa90000 - 0x00007fffcab5a000 	C:\Windows\SYSTEM32\DNSAPI.dll
0x00007fffcaa50000 - 0x00007fffcaa8b000 	C:\Windows\SYSTEM32\IPHLPAPI.DLL
0x00007fffcd270000 - 0x00007fffcd278000 	C:\Windows\System32\NSI.dll
0x00007fffc4880000 - 0x00007fffc488a000 	C:\Windows\System32\rasadhlp.dll
0x00007fffc6890000 - 0x00007fffc6912000 	C:\Windows\System32\fwpuclnt.dll
0x00007fffcbfe0000 - 0x00007fffcc007000 	C:\Windows\System32\bcrypt.dll
0x00007fffcaf50000 - 0x00007fffcaf68000 	C:\Windows\SYSTEM32\CRYPTSP.dll
0x00007fffca670000 - 0x00007fffca6a4000 	C:\Windows\system32\rsaenh.dll
0x00007fffcb580000 - 0x00007fffcb5ae000 	C:\Windows\SYSTEM32\USERENV.dll
0x00007fffcaf70000 - 0x00007fffcaf7c000 	C:\Windows\SYSTEM32\CRYPTBASE.dll
0x00007fffc67e0000 - 0x00007fffc67f7000 	C:\Windows\SYSTEM32\dhcpcsvc6.DLL
0x00007fffc67b0000 - 0x00007fffc67cd000 	C:\Windows\SYSTEM32\dhcpcsvc.DLL

dbghelp: loaded successfully - version: 4.0.5 - missing functions: none
symbol engine: initialized successfully - sym options: 0x614 - pdb path: .;C:\Program Files\Java\jdk-17.0.2\bin;C:\Windows\SYSTEM32;C:\Windows\WinSxS\amd64_microsoft.windows.common-controls_6595b64144ccf1df_6.0.19041.1110_none_60b5254171f9507e;C:\Program Files\Java\jdk-17.0.2\bin\server

VM Arguments:
jvm_args: -ea -Dfile.encoding=Cp1252 -XX:+ShowCodeDetailsInExceptionMessages 
java_command: org.testng.remote.RemoteTestNG -serport 62882 -protocol json -d C:\Users\adityak\eclipse-workspace\MahaKhanij\test-output C:\Users\adityak\AppData\Local\Temp\testng-eclipse--60256166\testng-customsuite.xml
java_class_path (initial): C:\Users\adityak\eclipse\java-2021-12\eclipse\configuration\org.eclipse.osgi\426\0\.cp\lib\testng-remote.jar;C:\Users\adityak\eclipse-workspace\MahaKhanij\target\test-classes;C:\Users\adityak\eclipse-workspace\MahaKhanij\target\classes;C:\Users\adityak\eclipse\java-2021-12\eclipse\configuration\org.eclipse.osgi\426\0\.cp\lib\testng.jar;C:\Users\adityak\eclipse\java-2021-12\eclipse\configuration\org.eclipse.osgi\426\0\.cp\lib\jcommander.jar;C:\Users\adityak\eclipse\java-2021-12\eclipse\configuration\org.eclipse.osgi\426\0\.cp\lib\bsh-2.0b4.jar;C:\Users\adityak\eclipse\java-2021-12\eclipse\configuration\org.eclipse.osgi\426\0\.cp\lib\snakeyaml.jar;C:\Users\adityak\.m2\repository\org\seleniumhq\selenium\selenium-java\4.1.2\selenium-java-4.1.2.jar;C:\Users\adityak\.m2\repository\org\seleniumhq\selenium\selenium-api\4.1.2\selenium-api-4.1.2.jar;C:\Users\adityak\.m2\repository\org\seleniumhq\selenium\selenium-chrome-driver\4.1.2\selenium-chrome-driver-4.1.2.jar;C:\Users\adityak\.m2\repository\com\google\guava\guava\31.0.1-jre\guava-31.0.1-jre.jar;C:\Users\adityak\.m2\repository\com\google\guava\failureaccess\1.0.1\failureaccess-1.0.1.jar;C:\Users\adityak\.m2\repository\com\google\guava\listenablefuture\9999.0-empty-to-avoid-conflict-with-guava\listenablefuture-9999.0-empty-to-avoid-conflict-with-guava.jar;C:\Users\adityak\.m2\repository\org\checkerframework\checker-qual\3.12.0\checker-qual-3.12.0.jar;C:\Users\adityak\.m2\repository\com\google\errorprone\error_prone_annotations\2.7.1\error_prone_annotations-2.7.1.jar;C:\Users\adityak\.m2\repository\com\google\j2objc\j2objc-annotations\1.3\j2objc-annotations-1.3.jar;C:\Users\adityak\.m2\repository\org\seleniumhq\selenium\selenium-chromium-driver\4.1.2\selenium-chromium-driver-4.1.2.jar;C:\Users\adityak\.m2\repository\org\seleniumhq\selenium\selenium-json\4.1.2\selenium-json-4.1.2.jar;C:\Users\adityak\.m2\repository\org\seleniumhq\selenium\selenium-devtools-v85\4.1.2\selenium-devtools-v85-4.1.2.j
Launcher Type: SUN_STANDARD

[Global flags]
     intx CICompilerCount                          = 3                                         {product} {ergonomic}
     uint ConcGCThreads                            = 1                                         {product} {ergonomic}
     uint G1ConcRefinementThreads                  = 4                                         {product} {ergonomic}
   size_t G1HeapRegionSize                         = 1048576                                   {product} {ergonomic}
    uintx GCDrainStackTargetSize                   = 64                                        {product} {ergonomic}
   size_t InitialHeapSize                          = 134217728                                 {product} {ergonomic}
   size_t MarkStackSize                            = 4194304                                   {product} {ergonomic}
   size_t MaxHeapSize                              = 2120220672                                {product} {ergonomic}
   size_t MaxNewSize                               = 1271922688                                {product} {ergonomic}
   size_t MinHeapDeltaBytes                        = 1048576                                   {product} {ergonomic}
   size_t MinHeapSize                              = 8388608                                   {product} {ergonomic}
    uintx NonNMethodCodeHeapSize                   = 5832780                                {pd product} {ergonomic}
    uintx NonProfiledCodeHeapSize                  = 122912730                              {pd product} {ergonomic}
    uintx ProfiledCodeHeapSize                     = 122912730                              {pd product} {ergonomic}
    uintx ReservedCodeCacheSize                    = 251658240                              {pd product} {ergonomic}
     bool SegmentedCodeCache                       = true                                      {product} {ergonomic}
     bool ShowCodeDetailsInExceptionMessages       = true                                   {manageable} {command line}
   size_t SoftMaxHeapSize                          = 2120220672                             {manageable} {ergonomic}
     bool UseCompressedClassPointers               = true                           {product lp64_product} {ergonomic}
     bool UseCompressedOops                        = true                           {product lp64_product} {ergonomic}
     bool UseG1GC                                  = true                                      {product} {ergonomic}
     bool UseLargePagesIndividualAllocation        = false                                  {pd product} {ergonomic}

Logging:
Log output configuration:
 #0: stdout all=warning uptime,level,tags
 #1: stderr all=off uptime,level,tags

Environment Variables:
PATH=C:\Program Files\Common Files\Oracle\Java\javapath;C:\Windows\system32;C:\Windows;C:\Windows\System32\Wbem;C:\Windows\System32\WindowsPowerShell\v1.0\;C:\Windows\System32\OpenSSH\;C:\Program Files (x86)\Microsoft SQL Server\140\Tools\Binn\;C:\Program Files\Microsoft SQL Server\140\Tools\Binn\;C:\Program Files (x86)\Microsoft SQL Server\140\DTS\Binn\;C:\Program Files\Microsoft SQL Server\140\DTS\Binn\;C:\Program Files\Microsoft SQL Server\Client SDK\ODBC\130\Tools\Binn\;C:\Program Files (x86)\Microsoft SQL Server\Client SDK\ODBC\130\Tools\Binn\;C:\Program Files (x86)\Microsoft SQL Server\140\Tools\Binn\ManagementStudio\;C:\Users\adityak\AppData\Local\Microsoft\WindowsApps;
USERNAME=adityak
OS=Windows_NT
PROCESSOR_IDENTIFIER=Intel64 Family 6 Model 60 Stepping 3, GenuineIntel



---------------  S Y S T E M  ---------------

OS:
 Windows 10 , 64 bit Build 19041 (10.0.19041.3155)
OS uptime: 1 days 0:44 hours

CPU: total 4 (initial active 4) (4 cores per cpu, 1 threads per core) family 6 model 60 stepping 3 microcode 0x27, cx8, cmov, fxsr, mmx, sse, sse2, sse3, ssse3, sse4.1, sse4.2, popcnt, lzcnt, tsc, tscinvbit, avx, avx2, aes, erms, clmul, bmi1, bmi2, fma, vzeroupper, clflush

Memory: 4k page, system-wide physical 8082M (334M free)
TotalPageFile size 32658M (AvailPageFile size 60M)
current process WorkingSet (physical memory assigned to process): 396M, peak: 396M
current process commit charge ("private bytes"): 430M, peak: 698M

vm_info: Java HotSpot(TM) 64-Bit Server VM (17.0.2+8-LTS-86) for windows-amd64 JRE (17.0.2+8-LTS-86), built on Dec  7 2021 21:51:03 by "mach5one" with MS VC++ 16.8 / 16.9 (VS2019)

END.
