#
# There is insufficient memory for the Java Runtime Environment to continue.
# Native memory allocation (mmap) failed to map 261095424 bytes for G1 virtual space
# Possible reasons:
#   The system is out of physical RAM or swap space
#   The process is running with CompressedOops enabled, and the Java Heap may be blocking the growth of the native heap
# Possible solutions:
#   Reduce memory load on the system
#   Increase physical memory or swap space
#   Check if swap backing store is full
#   Decrease Java heap size (-Xmx/-Xms)
#   Decrease number of Java threads
#   Decrease Java thread stack sizes (-Xss)
#   Set larger code cache with -XX:ReservedCodeCacheSize=
#   JVM is running with Unscaled Compressed Oops mode in which the Java heap is
#     placed in the first 4GB address space. The Java Heap base address is the
#     maximum limit for the native heap growth. Please use -XX:HeapBaseMinAddress
#     to set the Java Heap base and to place the Java Heap above 4GB virtual address.
# This output file may be truncated or incomplete.
#
#  Out of Memory Error (os_windows.cpp:3532), pid=75600, tid=89580
#
# JRE version: Java(TM) SE Runtime Environment (17.0.2+8) (build 17.0.2+8-LTS-86)
# Java VM: Java HotSpot(TM) 64-Bit Server VM (17.0.2+8-LTS-86, mixed mode, sharing, tiered, compressed oops, compressed class ptrs, g1 gc, windows-amd64)
# No core dump will be written. Minidumps are not enabled by default on client versions of Windows
#

---------------  S U M M A R Y ------------

Command Line: -ea -Dfile.encoding=Cp1252 -XX:+ShowCodeDetailsInExceptionMessages org.testng.remote.RemoteTestNG -serport 57504 -protocol json -d C:\Users\adityak\eclipse-workspace\MahaKhanij\test-output C:\Users\adityak\AppData\Local\Temp\testng-eclipse--1652508350\testng-customsuite.xml

Host: Intel(R) Core(TM) i5-4590 CPU @ 3.30GHz, 4 cores, 7G,  Windows 10 , 64 bit Build 19041 (10.0.19041.3155)
Time: Fri Aug 25 15:24:58 2023 India Standard Time elapsed time: 3.206451 seconds (0d 0h 0m 3s)

---------------  T H R E A D  ---------------

Current thread (0x00000207f46b2f50):  VMThread "VM Thread" [stack: 0x0000008376300000,0x0000008376400000] [id=89580]

Stack: [0x0000008376300000,0x0000008376400000]
Native frames: (J=compiled Java code, j=interpreted, Vv=VM code, C=native code)
V  [jvm.dll+0x670baa]
V  [jvm.dll+0x7cfcb4]
V  [jvm.dll+0x7d145e]
V  [jvm.dll+0x7d1ac3]
V  [jvm.dll+0x242bc5]
V  [jvm.dll+0x66dac9]
V  [jvm.dll+0x662412]
V  [jvm.dll+0x300c0b]
V  [jvm.dll+0x3081a6]
V  [jvm.dll+0x357d0e]
V  [jvm.dll+0x357f3f]
V  [jvm.dll+0x2d7ec8]
V  [jvm.dll+0x2d6194]
V  [jvm.dll+0x2d579c]
V  [jvm.dll+0x3190eb]
V  [jvm.dll+0x7d5f9b]
V  [jvm.dll+0x7d6cd4]
V  [jvm.dll+0x7d71ec]
V  [jvm.dll+0x7d75c4]
V  [jvm.dll+0x7d7690]
V  [jvm.dll+0x77ff7a]
V  [jvm.dll+0x66fa35]
C  [ucrtbase.dll+0x21bb2]
C  [KERNEL32.DLL+0x17614]
C  [ntdll.dll+0x526b1]

VM_Operation (0x0000008375dfd360): G1CollectForAllocation, mode: safepoint, requested by thread 0x00000207d4f61410


---------------  P R O C E S S  ---------------

Threads class SMR info:
_java_thread_list=0x00000207f5b9ae20, length=14, elements={
0x00000207d4f61410, 0x00000207f46b7a60, 0x00000207f46ba7f0, 0x00000207f46cd300,
0x00000207f46cffd0, 0x00000207f46d0ea0, 0x00000207f46d1760, 0x00000207f46da410,
0x00000207f46de700, 0x00000207f474a360, 0x00000207f51a72c0, 0x00000207f51ae440,
0x00000207f5855e20, 0x00000207f59e07c0
}

Java Threads: ( => current thread )
  0x00000207d4f61410 JavaThread "main" [_thread_blocked, id=90424, stack(0x0000008375d00000,0x0000008375e00000)]
  0x00000207f46b7a60 JavaThread "Reference Handler" daemon [_thread_blocked, id=91824, stack(0x0000008376400000,0x0000008376500000)]
  0x00000207f46ba7f0 JavaThread "Finalizer" daemon [_thread_blocked, id=78360, stack(0x0000008376500000,0x0000008376600000)]
  0x00000207f46cd300 JavaThread "Signal Dispatcher" daemon [_thread_blocked, id=10588, stack(0x0000008376600000,0x0000008376700000)]
  0x00000207f46cffd0 JavaThread "Attach Listener" daemon [_thread_blocked, id=92060, stack(0x0000008376700000,0x0000008376800000)]
  0x00000207f46d0ea0 JavaThread "Service Thread" daemon [_thread_blocked, id=85188, stack(0x0000008376800000,0x0000008376900000)]
  0x00000207f46d1760 JavaThread "Monitor Deflation Thread" daemon [_thread_blocked, id=88980, stack(0x0000008376900000,0x0000008376a00000)]
  0x00000207f46da410 JavaThread "C2 CompilerThread0" daemon [_thread_blocked, id=90108, stack(0x0000008376a00000,0x0000008376b00000)]
  0x00000207f46de700 JavaThread "C1 CompilerThread0" daemon [_thread_blocked, id=85488, stack(0x0000008376b00000,0x0000008376c00000)]
  0x00000207f474a360 JavaThread "Sweeper thread" daemon [_thread_blocked, id=85524, stack(0x0000008376c00000,0x0000008376d00000)]
  0x00000207f51a72c0 JavaThread "Notification Thread" daemon [_thread_blocked, id=89896, stack(0x0000008376d00000,0x0000008376e00000)]
  0x00000207f51ae440 JavaThread "Common-Cleaner" daemon [_thread_blocked, id=90936, stack(0x0000008376f00000,0x0000008377000000)]
  0x00000207f5855e20 JavaThread "ReaderThread" [_thread_in_native, id=91176, stack(0x0000008377000000,0x0000008377100000)]
  0x00000207f59e07c0 JavaThread "C2 CompilerThread1" daemon [_thread_blocked, id=73700, stack(0x0000008377400000,0x0000008377500000)]

Other Threads:
=>0x00000207f46b2f50 VMThread "VM Thread" [stack: 0x0000008376300000,0x0000008376400000] [id=89580]
  0x00000207f51a8de0 WatcherThread [stack: 0x0000008376e00000,0x0000008376f00000] [id=77096]
  0x00000207d4f9ff70 GCTaskThread "GC Thread#0" [stack: 0x0000008375e00000,0x0000008375f00000] [id=74568]
  0x00000207f59b0350 GCTaskThread "GC Thread#1" [stack: 0x0000008377100000,0x0000008377200000] [id=67156]
  0x00000207f59a1e60 GCTaskThread "GC Thread#2" [stack: 0x0000008377200000,0x0000008377300000] [id=91256]
  0x00000207f59a2110 GCTaskThread "GC Thread#3" [stack: 0x0000008377300000,0x0000008377400000] [id=91272]
  0x00000207d4fb1220 ConcurrentGCThread "G1 Main Marker" [stack: 0x0000008375f00000,0x0000008376000000] [id=92316]
  0x00000207d4fb1b40 ConcurrentGCThread "G1 Conc#0" [stack: 0x0000008376000000,0x0000008376100000] [id=85060]
  0x00000207d502b0b0 ConcurrentGCThread "G1 Refine#0" [stack: 0x0000008376100000,0x0000008376200000] [id=73172]
  0x00000207f68adfe0 ConcurrentGCThread "G1 Refine#1" [stack: 0x0000008377500000,0x0000008377600000] [id=90880]
  0x00000207f6e654b0 ConcurrentGCThread "G1 Refine#2" [stack: 0x0000008377600000,0x0000008377700000] [id=88384]
  0x00000207f6454c70 ConcurrentGCThread "G1 Refine#3" [stack: 0x0000008377700000,0x0000008377800000] [id=86608]
  0x00000207d502b9e0 ConcurrentGCThread "G1 Service" [stack: 0x0000008376200000,0x0000008376300000] [id=59056]

Threads with active compile tasks:
C2 CompilerThread0     3230 2640   !   4       org.apache.xmlbeans.impl.values.XmlObjectBase::check_dated (270 bytes)
C2 CompilerThread1     3230 2597       4       org.apache.xmlbeans.impl.values.JavaStringEnumerationHolderEx::getEnumValue (9 bytes)

VM state: at safepoint (normal execution)

VM Mutex/Monitor currently owned by a thread:  ([mutex/lock_event])
[0x00000207d4f5cca0] Threads_lock - owner thread: 0x00000207f46b2f50
[0x00000207d4f5cf70] Heap_lock - owner thread: 0x00000207d4f61410

Heap address: 0x0000000081a00000, size: 2022 MB, Compressed Oops mode: 32-bit

CDS archive(s) mapped at: [0x0000000800000000-0x0000000800bc0000-0x0000000800bc0000), size 12320768, SharedBaseAddress: 0x0000000800000000, ArchiveRelocationMode: 0.
Compressed class space mapped at: 0x0000000800c00000-0x0000000840c00000, reserved size: 1073741824
Narrow klass base: 0x0000000800000000, Narrow klass shift: 0, Narrow klass range: 0x100000000

GC Precious Log:
 CPUs: 4 total, 4 available
 Memory: 8082M
 Large Page Support: Disabled
 NUMA Support: Disabled
 Compressed Oops: Enabled (32-bit)
 Heap Region Size: 1M
 Heap Min Capacity: 8M
 Heap Initial Capacity: 128M
 Heap Max Capacity: 2022M
 Pre-touch: Disabled
 Parallel Workers: 4
 Concurrent Workers: 1
 Concurrent Refinement Workers: 4
 Periodic GC: Disabled

Heap:
 garbage-first heap   total 254976K, used 156160K [0x0000000081a00000, 0x0000000100000000)
  region size 1024K, 6 young (6144K), 6 survivors (6144K)
 Metaspace       used 14279K, committed 14464K, reserved 1064960K
  class space    used 1606K, committed 1664K, reserved 1048576K

Heap Regions: E=young(eden), S=young(survivor), O=old, HS=humongous(starts), HC=humongous(continues), CS=collection set, F=free, OA=open archive, CA=closed archive, TAMS=top-at-mark-start (previous, next)
|   0|0x0000000081a00000, 0x0000000081b00000, 0x0000000081b00000|100%| O|  |TAMS 0x0000000081b00000, 0x0000000081b00000| Untracked 
|   1|0x0000000081b00000, 0x0000000081c00000, 0x0000000081c00000|100%| O|  |TAMS 0x0000000081c00000, 0x0000000081c00000| Untracked 
|   2|0x0000000081c00000, 0x0000000081d00000, 0x0000000081d00000|100%| O|  |TAMS 0x0000000081d00000, 0x0000000081d00000| Untracked 
|   3|0x0000000081d00000, 0x0000000081e00000, 0x0000000081e00000|100%| O|  |TAMS 0x0000000081e00000, 0x0000000081e00000| Untracked 
|   4|0x0000000081e00000, 0x0000000081f00000, 0x0000000081f00000|100%| O|  |TAMS 0x0000000081f00000, 0x0000000081f00000| Untracked 
|   5|0x0000000081f00000, 0x0000000082000000, 0x0000000082000000|100%| O|  |TAMS 0x0000000082000000, 0x0000000082000000| Untracked 
|   6|0x0000000082000000, 0x0000000082100000, 0x0000000082100000|100%| O|  |TAMS 0x0000000082100000, 0x0000000082100000| Untracked 
|   7|0x0000000082100000, 0x0000000082200000, 0x0000000082200000|100%| O|  |TAMS 0x0000000082200000, 0x0000000082200000| Untracked 
|   8|0x0000000082200000, 0x0000000082300000, 0x0000000082300000|100%|HS|  |TAMS 0x0000000082300000, 0x0000000082300000| Complete 
|   9|0x0000000082300000, 0x0000000082400000, 0x0000000082400000|100%| O|  |TAMS 0x0000000082400000, 0x0000000082400000| Untracked 
|  10|0x0000000082400000, 0x0000000082500000, 0x0000000082500000|100%| O|  |TAMS 0x0000000082500000, 0x0000000082500000| Untracked 
|  11|0x0000000082500000, 0x0000000082600000, 0x0000000082600000|100%| O|  |TAMS 0x0000000082600000, 0x0000000082600000| Untracked 
|  12|0x0000000082600000, 0x0000000082700000, 0x0000000082700000|100%| O|  |TAMS 0x0000000082700000, 0x0000000082700000| Untracked 
|  13|0x0000000082700000, 0x0000000082800000, 0x0000000082800000|100%| O|  |TAMS 0x0000000082800000, 0x0000000082800000| Untracked 
|  14|0x0000000082800000, 0x0000000082900000, 0x0000000082900000|100%| O|  |TAMS 0x0000000082900000, 0x0000000082900000| Untracked 
|  15|0x0000000082900000, 0x0000000082a00000, 0x0000000082a00000|100%| O|  |TAMS 0x0000000082a00000, 0x0000000082a00000| Untracked 
|  16|0x0000000082a00000, 0x0000000082b00000, 0x0000000082b00000|100%| O|  |TAMS 0x0000000082b00000, 0x0000000082b00000| Untracked 
|  17|0x0000000082b00000, 0x0000000082c00000, 0x0000000082c00000|100%| O|  |TAMS 0x0000000082c00000, 0x0000000082c00000| Untracked 
|  18|0x0000000082c00000, 0x0000000082d00000, 0x0000000082d00000|100%|HS|  |TAMS 0x0000000082d00000, 0x0000000082d00000| Complete 
|  19|0x0000000082d00000, 0x0000000082e00000, 0x0000000082e00000|100%|HC|  |TAMS 0x0000000082e00000, 0x0000000082e00000| Complete 
|  20|0x0000000082e00000, 0x0000000082f00000, 0x0000000082f00000|100%|HC|  |TAMS 0x0000000082f00000, 0x0000000082f00000| Complete 
|  21|0x0000000082f00000, 0x0000000083000000, 0x0000000083000000|100%|HC|  |TAMS 0x0000000083000000, 0x0000000083000000| Complete 
|  22|0x0000000083000000, 0x0000000083100000, 0x0000000083100000|100%|HC|  |TAMS 0x0000000083100000, 0x0000000083100000| Complete 
|  23|0x0000000083100000, 0x0000000083200000, 0x0000000083200000|100%|HC|  |TAMS 0x0000000083200000, 0x0000000083200000| Complete 
|  24|0x0000000083200000, 0x0000000083300000, 0x0000000083300000|100%|HC|  |TAMS 0x0000000083300000, 0x0000000083300000| Complete 
|  25|0x0000000083300000, 0x0000000083400000, 0x0000000083400000|100%|HC|  |TAMS 0x0000000083400000, 0x0000000083400000| Complete 
|  26|0x0000000083400000, 0x0000000083500000, 0x0000000083500000|100%|HC|  |TAMS 0x0000000083500000, 0x0000000083500000| Complete 
|  27|0x0000000083500000, 0x0000000083600000, 0x0000000083600000|100%| O|  |TAMS 0x0000000083600000, 0x0000000083600000| Untracked 
|  28|0x0000000083600000, 0x0000000083700000, 0x0000000083700000|100%| O|  |TAMS 0x0000000083700000, 0x0000000083700000| Untracked 
|  29|0x0000000083700000, 0x0000000083800000, 0x0000000083800000|100%| O|  |TAMS 0x0000000083800000, 0x0000000083800000| Untracked 
|  30|0x0000000083800000, 0x0000000083900000, 0x0000000083900000|100%| O|  |TAMS 0x0000000083900000, 0x0000000083900000| Untracked 
|  31|0x0000000083900000, 0x0000000083a00000, 0x0000000083a00000|100%| O|  |TAMS 0x0000000083a00000, 0x0000000083a00000| Untracked 
|  32|0x0000000083a00000, 0x0000000083b00000, 0x0000000083b00000|100%| O|  |TAMS 0x0000000083b00000, 0x0000000083b00000| Untracked 
|  33|0x0000000083b00000, 0x0000000083c00000, 0x0000000083c00000|100%| O|  |TAMS 0x0000000083c00000, 0x0000000083c00000| Untracked 
|  34|0x0000000083c00000, 0x0000000083d00000, 0x0000000083d00000|100%| O|  |TAMS 0x0000000083d00000, 0x0000000083d00000| Untracked 
|  35|0x0000000083d00000, 0x0000000083e00000, 0x0000000083e00000|100%| O|  |TAMS 0x0000000083e00000, 0x0000000083e00000| Untracked 
|  36|0x0000000083e00000, 0x0000000083f00000, 0x0000000083f00000|100%| O|  |TAMS 0x0000000083f00000, 0x0000000083f00000| Untracked 
|  37|0x0000000083f00000, 0x0000000084000000, 0x0000000084000000|100%| O|  |TAMS 0x0000000084000000, 0x0000000084000000| Untracked 
|  38|0x0000000084000000, 0x0000000084100000, 0x0000000084100000|100%| O|  |TAMS 0x0000000084100000, 0x0000000084100000| Untracked 
|  39|0x0000000084100000, 0x0000000084200000, 0x0000000084200000|100%| O|  |TAMS 0x0000000084200000, 0x0000000084200000| Untracked 
|  40|0x0000000084200000, 0x0000000084300000, 0x0000000084300000|100%| O|  |TAMS 0x0000000084300000, 0x0000000084300000| Untracked 
|  41|0x0000000084300000, 0x0000000084400000, 0x0000000084400000|100%| O|  |TAMS 0x0000000084400000, 0x0000000084400000| Untracked 
|  42|0x0000000084400000, 0x0000000084500000, 0x0000000084500000|100%| O|  |TAMS 0x0000000084500000, 0x0000000084500000| Untracked 
|  43|0x0000000084500000, 0x0000000084600000, 0x0000000084600000|100%| O|  |TAMS 0x0000000084600000, 0x0000000084600000| Untracked 
|  44|0x0000000084600000, 0x0000000084700000, 0x0000000084700000|100%| O|  |TAMS 0x0000000084700000, 0x0000000084700000| Untracked 
|  45|0x0000000084700000, 0x0000000084800000, 0x0000000084800000|100%| O|  |TAMS 0x0000000084800000, 0x0000000084800000| Untracked 
|  46|0x0000000084800000, 0x0000000084900000, 0x0000000084900000|100%| O|  |TAMS 0x0000000084900000, 0x0000000084900000| Untracked 
|  47|0x0000000084900000, 0x0000000084a00000, 0x0000000084a00000|100%| O|  |TAMS 0x0000000084a00000, 0x0000000084a00000| Untracked 
|  48|0x0000000084a00000, 0x0000000084b00000, 0x0000000084b00000|100%| O|  |TAMS 0x0000000084b00000, 0x0000000084b00000| Untracked 
|  49|0x0000000084b00000, 0x0000000084c00000, 0x0000000084c00000|100%| O|  |TAMS 0x0000000084c00000, 0x0000000084c00000| Untracked 
|  50|0x0000000084c00000, 0x0000000084d00000, 0x0000000084d00000|100%| O|  |TAMS 0x0000000084d00000, 0x0000000084d00000| Untracked 
|  51|0x0000000084d00000, 0x0000000084e00000, 0x0000000084e00000|100%| O|  |TAMS 0x0000000084e00000, 0x0000000084e00000| Untracked 
|  52|0x0000000084e00000, 0x0000000084f00000, 0x0000000084f00000|100%| O|  |TAMS 0x0000000084f00000, 0x0000000084f00000| Untracked 
|  53|0x0000000084f00000, 0x0000000085000000, 0x0000000085000000|100%| O|  |TAMS 0x0000000085000000, 0x0000000085000000| Untracked 
|  54|0x0000000085000000, 0x0000000085100000, 0x0000000085100000|100%| O|  |TAMS 0x0000000085100000, 0x0000000085100000| Untracked 
|  55|0x0000000085100000, 0x0000000085200000, 0x0000000085200000|100%| O|  |TAMS 0x0000000085100000, 0x0000000085200000| Untracked 
|  56|0x0000000085200000, 0x0000000085300000, 0x0000000085300000|100%| O|  |TAMS 0x0000000085200000, 0x0000000085300000| Untracked 
|  57|0x0000000085300000, 0x0000000085400000, 0x0000000085400000|100%| O|  |TAMS 0x0000000085300000, 0x0000000085400000| Untracked 
|  58|0x0000000085400000, 0x0000000085500000, 0x0000000085500000|100%| O|  |TAMS 0x0000000085400000, 0x0000000085500000| Untracked 
|  59|0x0000000085500000, 0x0000000085600000, 0x0000000085600000|100%| O|  |TAMS 0x0000000085500000, 0x0000000085600000| Untracked 
|  60|0x0000000085600000, 0x0000000085700000, 0x0000000085700000|100%| O|  |TAMS 0x0000000085600000, 0x0000000085700000| Untracked 
|  61|0x0000000085700000, 0x0000000085800000, 0x0000000085800000|100%| O|  |TAMS 0x0000000085700000, 0x0000000085800000| Untracked 
|  62|0x0000000085800000, 0x0000000085900000, 0x0000000085900000|100%| O|  |TAMS 0x0000000085800000, 0x0000000085900000| Untracked 
|  63|0x0000000085900000, 0x0000000085a00000, 0x0000000085a00000|100%| O|  |TAMS 0x0000000085900000, 0x0000000085a00000| Untracked 
|  64|0x0000000085a00000, 0x0000000085b00000, 0x0000000085b00000|100%| O|  |TAMS 0x0000000085a00000, 0x0000000085b00000| Untracked 
|  65|0x0000000085b00000, 0x0000000085c00000, 0x0000000085c00000|100%| O|  |TAMS 0x0000000085b00000, 0x0000000085c00000| Untracked 
|  66|0x0000000085c00000, 0x0000000085d00000, 0x0000000085d00000|100%| O|  |TAMS 0x0000000085c00000, 0x0000000085d00000| Untracked 
|  67|0x0000000085d00000, 0x0000000085e00000, 0x0000000085e00000|100%| O|  |TAMS 0x0000000085d00000, 0x0000000085e00000| Untracked 
|  68|0x0000000085e00000, 0x0000000085f00000, 0x0000000085f00000|100%| O|  |TAMS 0x0000000085e00000, 0x0000000085f00000| Untracked 
|  69|0x0000000085f00000, 0x0000000086000000, 0x0000000086000000|100%| O|  |TAMS 0x0000000085f00000, 0x0000000086000000| Untracked 
|  70|0x0000000086000000, 0x0000000086100000, 0x0000000086100000|100%| O|  |TAMS 0x0000000086000000, 0x0000000086100000| Untracked 
|  71|0x0000000086100000, 0x0000000086200000, 0x0000000086200000|100%| O|  |TAMS 0x0000000086100000, 0x0000000086200000| Untracked 
|  72|0x0000000086200000, 0x0000000086300000, 0x0000000086300000|100%| O|  |TAMS 0x0000000086200000, 0x0000000086300000| Untracked 
|  73|0x0000000086300000, 0x0000000086400000, 0x0000000086400000|100%| O|  |TAMS 0x0000000086300000, 0x0000000086400000| Untracked 
|  74|0x0000000086400000, 0x0000000086500000, 0x0000000086500000|100%| O|  |TAMS 0x0000000086400000, 0x0000000086500000| Untracked 
|  75|0x0000000086500000, 0x0000000086600000, 0x0000000086600000|100%| O|  |TAMS 0x0000000086500000, 0x0000000086580000| Untracked 
|  76|0x0000000086600000, 0x0000000086700000, 0x0000000086700000|100%| O|  |TAMS 0x0000000086600000, 0x0000000086600000| Untracked 
|  77|0x0000000086700000, 0x0000000086800000, 0x0000000086800000|100%| O|  |TAMS 0x0000000086700000, 0x0000000086700000| Untracked 
|  78|0x0000000086800000, 0x0000000086900000, 0x0000000086900000|100%| O|  |TAMS 0x0000000086800000, 0x0000000086800000| Untracked 
|  79|0x0000000086900000, 0x0000000086a00000, 0x0000000086a00000|100%| O|  |TAMS 0x0000000086900000, 0x0000000086a00000| Untracked 
|  80|0x0000000086a00000, 0x0000000086b00000, 0x0000000086b00000|100%| O|  |TAMS 0x0000000086a00000, 0x0000000086b00000| Untracked 
|  81|0x0000000086b00000, 0x0000000086c00000, 0x0000000086c00000|100%| O|  |TAMS 0x0000000086b00000, 0x0000000086c00000| Untracked 
|  82|0x0000000086c00000, 0x0000000086d00000, 0x0000000086d00000|100%| O|  |TAMS 0x0000000086c00000, 0x0000000086d00000| Untracked 
|  83|0x0000000086d00000, 0x0000000086e00000, 0x0000000086e00000|100%| O|  |TAMS 0x0000000086d00000, 0x0000000086e00000| Untracked 
|  84|0x0000000086e00000, 0x0000000086f00000, 0x0000000086f00000|100%| O|  |TAMS 0x0000000086e00000, 0x0000000086f00000| Untracked 
|  85|0x0000000086f00000, 0x0000000087000000, 0x0000000087000000|100%| O|  |TAMS 0x0000000086f00000, 0x0000000087000000| Untracked 
|  86|0x0000000087000000, 0x0000000087100000, 0x0000000087100000|100%| O|  |TAMS 0x0000000087000000, 0x0000000087100000| Untracked 
|  87|0x0000000087100000, 0x0000000087200000, 0x0000000087200000|100%| O|  |TAMS 0x0000000087100000, 0x0000000087200000| Untracked 
|  88|0x0000000087200000, 0x0000000087300000, 0x0000000087300000|100%| O|  |TAMS 0x0000000087200000, 0x0000000087300000| Untracked 
|  89|0x0000000087300000, 0x0000000087400000, 0x0000000087400000|100%| O|  |TAMS 0x0000000087300000, 0x0000000087400000| Untracked 
|  90|0x0000000087400000, 0x0000000087500000, 0x0000000087500000|100%| O|  |TAMS 0x0000000087400000, 0x0000000087500000| Untracked 
|  91|0x0000000087500000, 0x0000000087600000, 0x0000000087600000|100%| O|  |TAMS 0x0000000087500000, 0x0000000087600000| Untracked 
|  92|0x0000000087600000, 0x0000000087700000, 0x0000000087700000|100%| O|  |TAMS 0x0000000087600000, 0x0000000087700000| Untracked 
|  93|0x0000000087700000, 0x0000000087800000, 0x0000000087800000|100%| O|  |TAMS 0x0000000087700000, 0x0000000087800000| Untracked 
|  94|0x0000000087800000, 0x0000000087900000, 0x0000000087900000|100%| O|  |TAMS 0x0000000087800000, 0x0000000087900000| Untracked 
|  95|0x0000000087900000, 0x0000000087a00000, 0x0000000087a00000|100%| O|  |TAMS 0x0000000087900000, 0x0000000087a00000| Untracked 
|  96|0x0000000087a00000, 0x0000000087b00000, 0x0000000087b00000|100%| O|  |TAMS 0x0000000087a00000, 0x0000000087b00000| Untracked 
|  97|0x0000000087b00000, 0x0000000087c00000, 0x0000000087c00000|100%| O|  |TAMS 0x0000000087b00000, 0x0000000087c00000| Untracked 
|  98|0x0000000087c00000, 0x0000000087d00000, 0x0000000087d00000|100%| O|  |TAMS 0x0000000087c00000, 0x0000000087d00000| Untracked 
|  99|0x0000000087d00000, 0x0000000087e00000, 0x0000000087e00000|100%| O|  |TAMS 0x0000000087d00000, 0x0000000087d00000| Untracked 
| 100|0x0000000087e00000, 0x0000000087f00000, 0x0000000087f00000|100%| O|  |TAMS 0x0000000087e00000, 0x0000000087e00000| Untracked 
| 101|0x0000000087f00000, 0x0000000088000000, 0x0000000088000000|100%| O|  |TAMS 0x0000000087f00000, 0x0000000087f00000| Untracked 
| 102|0x0000000088000000, 0x0000000088100000, 0x0000000088100000|100%| O|  |TAMS 0x0000000088000000, 0x0000000088000000| Untracked 
| 103|0x0000000088100000, 0x0000000088200000, 0x0000000088200000|100%| O|  |TAMS 0x0000000088100000, 0x0000000088100000| Untracked 
| 104|0x0000000088200000, 0x0000000088280000, 0x0000000088300000| 50%| O|  |TAMS 0x0000000088200000, 0x0000000088200000| Untracked 
| 105|0x0000000088300000, 0x0000000088300000, 0x0000000088400000|  0%| F|  |TAMS 0x0000000088300000, 0x0000000088300000| Untracked 
| 106|0x0000000088400000, 0x0000000088400000, 0x0000000088500000|  0%| F|  |TAMS 0x0000000088400000, 0x0000000088400000| Untracked 
| 107|0x0000000088500000, 0x0000000088500000, 0x0000000088600000|  0%| F|  |TAMS 0x0000000088500000, 0x0000000088500000| Untracked 
| 108|0x0000000088600000, 0x0000000088600000, 0x0000000088700000|  0%| F|  |TAMS 0x0000000088600000, 0x0000000088600000| Untracked 
| 109|0x0000000088700000, 0x0000000088700000, 0x0000000088800000|  0%| F|  |TAMS 0x0000000088700000, 0x0000000088700000| Untracked 
| 110|0x0000000088800000, 0x0000000088800000, 0x0000000088900000|  0%| F|  |TAMS 0x0000000088800000, 0x0000000088800000| Untracked 
| 111|0x0000000088900000, 0x0000000088900000, 0x0000000088a00000|  0%| F|  |TAMS 0x0000000088900000, 0x0000000088900000| Untracked 
| 112|0x0000000088a00000, 0x0000000088a00000, 0x0000000088b00000|  0%| F|  |TAMS 0x0000000088a00000, 0x0000000088a00000| Untracked 
| 113|0x0000000088b00000, 0x0000000088b00000, 0x0000000088c00000|  0%| F|  |TAMS 0x0000000088b00000, 0x0000000088b00000| Untracked 
| 114|0x0000000088c00000, 0x0000000088c00000, 0x0000000088d00000|  0%| F|  |TAMS 0x0000000088c00000, 0x0000000088c00000| Untracked 
| 115|0x0000000088d00000, 0x0000000088d00000, 0x0000000088e00000|  0%| F|  |TAMS 0x0000000088d00000, 0x0000000088d00000| Untracked 
| 116|0x0000000088e00000, 0x0000000088e00000, 0x0000000088f00000|  0%| F|  |TAMS 0x0000000088e00000, 0x0000000088e00000| Untracked 
| 117|0x0000000088f00000, 0x0000000088f00000, 0x0000000089000000|  0%| F|  |TAMS 0x0000000088f00000, 0x0000000088f00000| Untracked 
| 118|0x0000000089000000, 0x0000000089000000, 0x0000000089100000|  0%| F|  |TAMS 0x0000000089000000, 0x0000000089000000| Untracked 
| 119|0x0000000089100000, 0x0000000089100000, 0x0000000089200000|  0%| F|  |TAMS 0x0000000089100000, 0x0000000089100000| Untracked 
| 120|0x0000000089200000, 0x0000000089200000, 0x0000000089300000|  0%| F|  |TAMS 0x0000000089200000, 0x0000000089200000| Untracked 
| 121|0x0000000089300000, 0x0000000089300000, 0x0000000089400000|  0%| F|  |TAMS 0x0000000089300000, 0x0000000089300000| Untracked 
| 122|0x0000000089400000, 0x0000000089400000, 0x0000000089500000|  0%| F|  |TAMS 0x0000000089400000, 0x0000000089400000| Untracked 
| 123|0x0000000089500000, 0x0000000089500000, 0x0000000089600000|  0%| F|  |TAMS 0x0000000089500000, 0x0000000089500000| Untracked 
| 124|0x0000000089600000, 0x0000000089600000, 0x0000000089700000|  0%| F|  |TAMS 0x0000000089600000, 0x0000000089600000| Untracked 
| 125|0x0000000089700000, 0x0000000089700000, 0x0000000089800000|  0%| F|  |TAMS 0x0000000089700000, 0x0000000089700000| Untracked 
| 126|0x0000000089800000, 0x0000000089800000, 0x0000000089900000|  0%| F|  |TAMS 0x0000000089800000, 0x0000000089800000| Untracked 
| 127|0x0000000089900000, 0x0000000089900000, 0x0000000089a00000|  0%| F|  |TAMS 0x0000000089900000, 0x0000000089900000| Untracked 
| 128|0x0000000089a00000, 0x0000000089a00000, 0x0000000089b00000|  0%| F|  |TAMS 0x0000000089a00000, 0x0000000089a00000| Untracked 
| 129|0x0000000089b00000, 0x0000000089b00000, 0x0000000089c00000|  0%| F|  |TAMS 0x0000000089b00000, 0x0000000089b00000| Untracked 
| 130|0x0000000089c00000, 0x0000000089c00000, 0x0000000089d00000|  0%| F|  |TAMS 0x0000000089c00000, 0x0000000089c00000| Untracked 
| 131|0x0000000089d00000, 0x0000000089d00000, 0x0000000089e00000|  0%| F|  |TAMS 0x0000000089d00000, 0x0000000089d00000| Untracked 
| 132|0x0000000089e00000, 0x0000000089e00000, 0x0000000089f00000|  0%| F|  |TAMS 0x0000000089e00000, 0x0000000089e00000| Untracked 
| 133|0x0000000089f00000, 0x0000000089f00000, 0x000000008a000000|  0%| F|  |TAMS 0x0000000089f00000, 0x0000000089f00000| Untracked 
| 134|0x000000008a000000, 0x000000008a000000, 0x000000008a100000|  0%| F|  |TAMS 0x000000008a000000, 0x000000008a000000| Untracked 
| 135|0x000000008a100000, 0x000000008a100000, 0x000000008a200000|  0%| F|  |TAMS 0x000000008a100000, 0x000000008a100000| Untracked 
| 136|0x000000008a200000, 0x000000008a200000, 0x000000008a300000|  0%| F|  |TAMS 0x000000008a200000, 0x000000008a200000| Untracked 
| 137|0x000000008a300000, 0x000000008a300000, 0x000000008a400000|  0%| F|  |TAMS 0x000000008a300000, 0x000000008a300000| Untracked 
| 138|0x000000008a400000, 0x000000008a400000, 0x000000008a500000|  0%| F|  |TAMS 0x000000008a400000, 0x000000008a400000| Untracked 
| 139|0x000000008a500000, 0x000000008a500000, 0x000000008a600000|  0%| F|  |TAMS 0x000000008a500000, 0x000000008a500000| Untracked 
| 140|0x000000008a600000, 0x000000008a600000, 0x000000008a700000|  0%| F|  |TAMS 0x000000008a600000, 0x000000008a600000| Untracked 
| 141|0x000000008a700000, 0x000000008a700000, 0x000000008a800000|  0%| F|  |TAMS 0x000000008a700000, 0x000000008a700000| Untracked 
| 142|0x000000008a800000, 0x000000008a800000, 0x000000008a900000|  0%| F|  |TAMS 0x000000008a800000, 0x000000008a800000| Untracked 
| 143|0x000000008a900000, 0x000000008a900000, 0x000000008aa00000|  0%| F|  |TAMS 0x000000008a900000, 0x000000008a900000| Untracked 
| 144|0x000000008aa00000, 0x000000008aa00000, 0x000000008ab00000|  0%| F|  |TAMS 0x000000008aa00000, 0x000000008aa00000| Untracked 
| 145|0x000000008ab00000, 0x000000008ab00000, 0x000000008ac00000|  0%| F|  |TAMS 0x000000008ab00000, 0x000000008ab00000| Untracked 
| 146|0x000000008ac00000, 0x000000008ac00000, 0x000000008ad00000|  0%| F|  |TAMS 0x000000008ac00000, 0x000000008ac00000| Untracked 
| 147|0x000000008ad00000, 0x000000008ad00000, 0x000000008ae00000|  0%| F|  |TAMS 0x000000008ad00000, 0x000000008ad00000| Untracked 
| 148|0x000000008ae00000, 0x000000008ae00000, 0x000000008af00000|  0%| F|  |TAMS 0x000000008ae00000, 0x000000008ae00000| Untracked 
| 149|0x000000008af00000, 0x000000008af00000, 0x000000008b000000|  0%| F|  |TAMS 0x000000008af00000, 0x000000008af00000| Untracked 
| 150|0x000000008b000000, 0x000000008b000000, 0x000000008b100000|  0%| F|  |TAMS 0x000000008b000000, 0x000000008b000000| Untracked 
| 151|0x000000008b100000, 0x000000008b100000, 0x000000008b200000|  0%| F|  |TAMS 0x000000008b100000, 0x000000008b100000| Untracked 
| 152|0x000000008b200000, 0x000000008b200000, 0x000000008b300000|  0%| F|  |TAMS 0x000000008b200000, 0x000000008b200000| Untracked 
| 153|0x000000008b300000, 0x000000008b300000, 0x000000008b400000|  0%| F|  |TAMS 0x000000008b300000, 0x000000008b300000| Untracked 
| 154|0x000000008b400000, 0x000000008b400000, 0x000000008b500000|  0%| F|  |TAMS 0x000000008b400000, 0x000000008b400000| Untracked 
| 155|0x000000008b500000, 0x000000008b500000, 0x000000008b600000|  0%| F|  |TAMS 0x000000008b500000, 0x000000008b500000| Untracked 
| 156|0x000000008b600000, 0x000000008b600000, 0x000000008b700000|  0%| F|  |TAMS 0x000000008b600000, 0x000000008b600000| Untracked 
| 157|0x000000008b700000, 0x000000008b700000, 0x000000008b800000|  0%| F|  |TAMS 0x000000008b700000, 0x000000008b700000| Untracked 
| 158|0x000000008b800000, 0x000000008b800000, 0x000000008b900000|  0%| F|  |TAMS 0x000000008b800000, 0x000000008b800000| Untracked 
| 159|0x000000008b900000, 0x000000008b900000, 0x000000008ba00000|  0%| F|  |TAMS 0x000000008b900000, 0x000000008b900000| Untracked 
| 160|0x000000008ba00000, 0x000000008bb00000, 0x000000008bb00000|100%| S|CS|TAMS 0x000000008ba00000, 0x000000008ba00000| Complete 
| 161|0x000000008bb00000, 0x000000008bc00000, 0x000000008bc00000|100%| S|CS|TAMS 0x000000008bb00000, 0x000000008bb00000| Complete 
| 162|0x000000008bc00000, 0x000000008bd00000, 0x000000008bd00000|100%| S|CS|TAMS 0x000000008bc00000, 0x000000008bc00000| Complete 
| 163|0x000000008bd00000, 0x000000008be00000, 0x000000008be00000|100%| S|CS|TAMS 0x000000008bd00000, 0x000000008bd00000| Complete 
| 164|0x000000008be00000, 0x000000008bf00000, 0x000000008bf00000|100%| S|CS|TAMS 0x000000008be00000, 0x000000008be00000| Complete 
| 165|0x000000008bf00000, 0x000000008c000000, 0x000000008c000000|100%| S|CS|TAMS 0x000000008bf00000, 0x000000008bf00000| Complete 
| 166|0x000000008c000000, 0x000000008c000000, 0x000000008c100000|  0%| F|  |TAMS 0x000000008c000000, 0x000000008c000000| Untracked 
| 167|0x000000008c100000, 0x000000008c100000, 0x000000008c200000|  0%| F|  |TAMS 0x000000008c100000, 0x000000008c100000| Untracked 
| 168|0x000000008c200000, 0x000000008c200000, 0x000000008c300000|  0%| F|  |TAMS 0x000000008c200000, 0x000000008c200000| Untracked 
| 169|0x000000008c300000, 0x000000008c300000, 0x000000008c400000|  0%| F|  |TAMS 0x000000008c300000, 0x000000008c300000| Untracked 
| 170|0x000000008c400000, 0x000000008c400000, 0x000000008c500000|  0%| F|  |TAMS 0x000000008c400000, 0x000000008c400000| Untracked 
| 171|0x000000008c500000, 0x000000008c500000, 0x000000008c600000|  0%| F|  |TAMS 0x000000008c500000, 0x000000008c500000| Untracked 
| 172|0x000000008c600000, 0x000000008c600000, 0x000000008c700000|  0%| F|  |TAMS 0x000000008c600000, 0x000000008c600000| Untracked 
| 173|0x000000008c700000, 0x000000008c700000, 0x000000008c800000|  0%| F|  |TAMS 0x000000008c700000, 0x000000008c700000| Untracked 
| 174|0x000000008c800000, 0x000000008c800000, 0x000000008c900000|  0%| F|  |TAMS 0x000000008c800000, 0x000000008c800000| Untracked 
| 175|0x000000008c900000, 0x000000008c900000, 0x000000008ca00000|  0%| F|  |TAMS 0x000000008c900000, 0x000000008c900000| Untracked 
| 176|0x000000008ca00000, 0x000000008ca00000, 0x000000008cb00000|  0%| F|  |TAMS 0x000000008ca00000, 0x000000008ca00000| Untracked 
| 177|0x000000008cb00000, 0x000000008cb00000, 0x000000008cc00000|  0%| F|  |TAMS 0x000000008cb00000, 0x000000008cb00000| Untracked 
| 178|0x000000008cc00000, 0x000000008cc00000, 0x000000008cd00000|  0%| F|  |TAMS 0x000000008cc00000, 0x000000008cc00000| Untracked 
| 179|0x000000008cd00000, 0x000000008cd00000, 0x000000008ce00000|  0%| F|  |TAMS 0x000000008cd00000, 0x000000008cd00000| Untracked 
| 180|0x000000008ce00000, 0x000000008ce00000, 0x000000008cf00000|  0%| F|  |TAMS 0x000000008ce00000, 0x000000008ce00000| Untracked 
| 181|0x000000008cf00000, 0x000000008cf00000, 0x000000008d000000|  0%| F|  |TAMS 0x000000008cf00000, 0x000000008cf00000| Untracked 
| 182|0x000000008d000000, 0x000000008d000000, 0x000000008d100000|  0%| F|  |TAMS 0x000000008d000000, 0x000000008d000000| Untracked 
| 183|0x000000008d100000, 0x000000008d100000, 0x000000008d200000|  0%| F|  |TAMS 0x000000008d100000, 0x000000008d100000| Untracked 
| 184|0x000000008d200000, 0x000000008d200000, 0x000000008d300000|  0%| F|  |TAMS 0x000000008d200000, 0x000000008d200000| Untracked 
| 185|0x000000008d300000, 0x000000008d300000, 0x000000008d400000|  0%| F|  |TAMS 0x000000008d300000, 0x000000008d300000| Untracked 
| 186|0x000000008d400000, 0x000000008d400000, 0x000000008d500000|  0%| F|  |TAMS 0x000000008d400000, 0x000000008d400000| Untracked 
| 187|0x000000008d500000, 0x000000008d500000, 0x000000008d600000|  0%| F|  |TAMS 0x000000008d500000, 0x000000008d500000| Untracked 
| 188|0x000000008d600000, 0x000000008d600000, 0x000000008d700000|  0%| F|  |TAMS 0x000000008d600000, 0x000000008d600000| Untracked 
| 189|0x000000008d700000, 0x000000008d700000, 0x000000008d800000|  0%| F|  |TAMS 0x000000008d700000, 0x000000008d700000| Untracked 
| 190|0x000000008d800000, 0x000000008d800000, 0x000000008d900000|  0%| F|  |TAMS 0x000000008d800000, 0x000000008d800000| Untracked 
| 191|0x000000008d900000, 0x000000008d900000, 0x000000008da00000|  0%| F|  |TAMS 0x000000008d900000, 0x000000008d900000| Untracked 
| 192|0x000000008da00000, 0x000000008da00000, 0x000000008db00000|  0%| F|  |TAMS 0x000000008da00000, 0x000000008da00000| Untracked 
| 193|0x000000008db00000, 0x000000008db00000, 0x000000008dc00000|  0%| F|  |TAMS 0x000000008db00000, 0x000000008db00000| Untracked 
| 194|0x000000008dc00000, 0x000000008dc00000, 0x000000008dd00000|  0%| F|  |TAMS 0x000000008dc00000, 0x000000008dc00000| Untracked 
| 195|0x000000008dd00000, 0x000000008dd00000, 0x000000008de00000|  0%| F|  |TAMS 0x000000008dd00000, 0x000000008dd00000| Untracked 
| 196|0x000000008de00000, 0x000000008de00000, 0x000000008df00000|  0%| F|  |TAMS 0x000000008de00000, 0x000000008de00000| Untracked 
| 197|0x000000008df00000, 0x000000008df00000, 0x000000008e000000|  0%| F|  |TAMS 0x000000008df00000, 0x000000008df00000| Untracked 
| 198|0x000000008e000000, 0x000000008e000000, 0x000000008e100000|  0%| F|  |TAMS 0x000000008e000000, 0x000000008e000000| Untracked 
| 199|0x000000008e100000, 0x000000008e100000, 0x000000008e200000|  0%| F|  |TAMS 0x000000008e100000, 0x000000008e100000| Untracked 
| 200|0x000000008e200000, 0x000000008e200000, 0x000000008e300000|  0%| F|  |TAMS 0x000000008e200000, 0x000000008e200000| Untracked 
| 201|0x000000008e300000, 0x000000008e300000, 0x000000008e400000|  0%| F|  |TAMS 0x000000008e300000, 0x000000008e300000| Untracked 
| 202|0x000000008e400000, 0x000000008e400000, 0x000000008e500000|  0%| F|  |TAMS 0x000000008e400000, 0x000000008e400000| Untracked 
| 203|0x000000008e500000, 0x000000008e500000, 0x000000008e600000|  0%| F|  |TAMS 0x000000008e500000, 0x000000008e500000| Untracked 
| 204|0x000000008e600000, 0x000000008e600000, 0x000000008e700000|  0%| F|  |TAMS 0x000000008e600000, 0x000000008e600000| Untracked 
| 205|0x000000008e700000, 0x000000008e700000, 0x000000008e800000|  0%| F|  |TAMS 0x000000008e700000, 0x000000008e700000| Untracked 
| 206|0x000000008e800000, 0x000000008e800000, 0x000000008e900000|  0%| F|  |TAMS 0x000000008e800000, 0x000000008e800000| Untracked 
|1980|0x00000000fd600000, 0x00000000fd700000, 0x00000000fd700000|100%| O|  |TAMS 0x00000000fd640a00, 0x00000000fd700000| Untracked 
|1981|0x00000000fd700000, 0x00000000fd800000, 0x00000000fd800000|100%| O|  |TAMS 0x00000000fd800000, 0x00000000fd800000| Untracked 
|1982|0x00000000fd800000, 0x00000000fd900000, 0x00000000fd900000|100%| O|  |TAMS 0x00000000fd900000, 0x00000000fd900000| Untracked 
|1983|0x00000000fd900000, 0x00000000fda00000, 0x00000000fda00000|100%| O|  |TAMS 0x00000000fda00000, 0x00000000fda00000| Untracked 
|1984|0x00000000fda00000, 0x00000000fdb00000, 0x00000000fdb00000|100%| O|  |TAMS 0x00000000fdb00000, 0x00000000fdb00000| Untracked 
|1985|0x00000000fdb00000, 0x00000000fdc00000, 0x00000000fdc00000|100%| O|  |TAMS 0x00000000fdc00000, 0x00000000fdc00000| Untracked 
|1986|0x00000000fdc00000, 0x00000000fdd00000, 0x00000000fdd00000|100%| O|  |TAMS 0x00000000fdd00000, 0x00000000fdd00000| Untracked 
|1987|0x00000000fdd00000, 0x00000000fde00000, 0x00000000fde00000|100%| O|  |TAMS 0x00000000fde00000, 0x00000000fde00000| Untracked 
|1988|0x00000000fde00000, 0x00000000fdf00000, 0x00000000fdf00000|100%| O|  |TAMS 0x00000000fdf00000, 0x00000000fdf00000| Untracked 
|1989|0x00000000fdf00000, 0x00000000fe000000, 0x00000000fe000000|100%| O|  |TAMS 0x00000000fe000000, 0x00000000fe000000| Untracked 
|1990|0x00000000fe000000, 0x00000000fe100000, 0x00000000fe100000|100%| O|  |TAMS 0x00000000fe100000, 0x00000000fe100000| Untracked 
|1991|0x00000000fe100000, 0x00000000fe200000, 0x00000000fe200000|100%| O|  |TAMS 0x00000000fe200000, 0x00000000fe200000| Untracked 
|1992|0x00000000fe200000, 0x00000000fe300000, 0x00000000fe300000|100%| O|  |TAMS 0x00000000fe300000, 0x00000000fe300000| Untracked 
|1993|0x00000000fe300000, 0x00000000fe400000, 0x00000000fe400000|100%| O|  |TAMS 0x00000000fe400000, 0x00000000fe400000| Untracked 
|1994|0x00000000fe400000, 0x00000000fe500000, 0x00000000fe500000|100%| O|  |TAMS 0x00000000fe500000, 0x00000000fe500000| Untracked 
|1995|0x00000000fe500000, 0x00000000fe600000, 0x00000000fe600000|100%| O|  |TAMS 0x00000000fe600000, 0x00000000fe600000| Untracked 
|1996|0x00000000fe600000, 0x00000000fe700000, 0x00000000fe700000|100%| O|  |TAMS 0x00000000fe700000, 0x00000000fe700000| Untracked 
|1997|0x00000000fe700000, 0x00000000fe800000, 0x00000000fe800000|100%| O|  |TAMS 0x00000000fe800000, 0x00000000fe800000| Untracked 
|1998|0x00000000fe800000, 0x00000000fe900000, 0x00000000fe900000|100%| O|  |TAMS 0x00000000fe900000, 0x00000000fe900000| Untracked 
|1999|0x00000000fe900000, 0x00000000fea00000, 0x00000000fea00000|100%| O|  |TAMS 0x00000000fea00000, 0x00000000fea00000| Untracked 
|2000|0x00000000fea00000, 0x00000000feb00000, 0x00000000feb00000|100%| O|  |TAMS 0x00000000feb00000, 0x00000000feb00000| Untracked 
|2001|0x00000000feb00000, 0x00000000fec00000, 0x00000000fec00000|100%| O|  |TAMS 0x00000000fec00000, 0x00000000fec00000| Untracked 
|2002|0x00000000fec00000, 0x00000000fed00000, 0x00000000fed00000|100%| O|  |TAMS 0x00000000fed00000, 0x00000000fed00000| Untracked 
|2003|0x00000000fed00000, 0x00000000fee00000, 0x00000000fee00000|100%| O|  |TAMS 0x00000000fee00000, 0x00000000fee00000| Untracked 
|2004|0x00000000fee00000, 0x00000000fef00000, 0x00000000fef00000|100%| O|  |TAMS 0x00000000fef00000, 0x00000000fef00000| Untracked 
|2005|0x00000000fef00000, 0x00000000ff000000, 0x00000000ff000000|100%| O|  |TAMS 0x00000000ff000000, 0x00000000ff000000| Untracked 
|2006|0x00000000ff000000, 0x00000000ff100000, 0x00000000ff100000|100%| O|  |TAMS 0x00000000ff100000, 0x00000000ff100000| Untracked 
|2007|0x00000000ff100000, 0x00000000ff200000, 0x00000000ff200000|100%| O|  |TAMS 0x00000000ff200000, 0x00000000ff200000| Untracked 
|2008|0x00000000ff200000, 0x00000000ff300000, 0x00000000ff300000|100%| O|  |TAMS 0x00000000ff300000, 0x00000000ff300000| Untracked 
|2009|0x00000000ff300000, 0x00000000ff400000, 0x00000000ff400000|100%| O|  |TAMS 0x00000000ff400000, 0x00000000ff400000| Untracked 
|2010|0x00000000ff400000, 0x00000000ff500000, 0x00000000ff500000|100%| O|  |TAMS 0x00000000ff500000, 0x00000000ff500000| Untracked 
|2011|0x00000000ff500000, 0x00000000ff600000, 0x00000000ff600000|100%| O|  |TAMS 0x00000000ff600000, 0x00000000ff600000| Untracked 
|2012|0x00000000ff600000, 0x00000000ff700000, 0x00000000ff700000|100%| O|  |TAMS 0x00000000ff700000, 0x00000000ff700000| Untracked 
|2013|0x00000000ff700000, 0x00000000ff800000, 0x00000000ff800000|100%| O|  |TAMS 0x00000000ff800000, 0x00000000ff800000| Untracked 
|2014|0x00000000ff800000, 0x00000000ff900000, 0x00000000ff900000|100%| O|  |TAMS 0x00000000ff900000, 0x00000000ff900000| Untracked 
|2015|0x00000000ff900000, 0x00000000ffa00000, 0x00000000ffa00000|100%| O|  |TAMS 0x00000000ffa00000, 0x00000000ffa00000| Untracked 
|2016|0x00000000ffa00000, 0x00000000ffb00000, 0x00000000ffb00000|100%| O|  |TAMS 0x00000000ffb00000, 0x00000000ffb00000| Untracked 
|2017|0x00000000ffb00000, 0x00000000ffc00000, 0x00000000ffc00000|100%| O|  |TAMS 0x00000000ffc00000, 0x00000000ffc00000| Untracked 
|2018|0x00000000ffc00000, 0x00000000ffd00000, 0x00000000ffd00000|100%| O|  |TAMS 0x00000000ffd00000, 0x00000000ffd00000| Untracked 
|2019|0x00000000ffd00000, 0x00000000ffe00000, 0x00000000ffe00000|100%| O|  |TAMS 0x00000000ffe00000, 0x00000000ffe00000| Untracked 
|2020|0x00000000ffe00000, 0x00000000fff00000, 0x00000000fff00000|100%| O|  |TAMS 0x00000000fff00000, 0x00000000fff00000| Untracked 
|2021|0x00000000fff00000, 0x0000000100000000, 0x0000000100000000|100%| O|  |TAMS 0x0000000100000000, 0x0000000100000000| Untracked 

Card table byte_map: [0x00000207ed9a0000,0x00000207edda0000] _byte_map_base: 0x00000207ed593000

Marking Bits (Prev, Next): (CMBitMap*) 0x00000207d4fa04d0, (CMBitMap*) 0x00000207d4fa0490
 Prev Bits: [0x00000207f0140000, 0x00000207f20d8000)
 Next Bits: [0x00000207ee1a0000, 0x00000207f0138000)

Polling page: 0x00000207d4d50000

Metaspace:

Usage:
  Non-class:     12.38 MB used.
      Class:      1.57 MB used.
       Both:     13.94 MB used.

Virtual space:
  Non-class space:       16.00 MB reserved,      12.50 MB ( 78%) committed,  2 nodes.
      Class space:        1.00 GB reserved,       1.62 MB ( <1%) committed,  1 nodes.
             Both:        1.02 GB reserved,      14.12 MB (  1%) committed. 

Chunk freelists:
   Non-Class:  3.11 MB
       Class:  2.39 MB
        Both:  5.50 MB

MaxMetaspaceSize: unlimited
CompressedClassSpaceSize: 1.00 GB
Initial GC threshold: 21.00 MB
Current GC threshold: 23.44 MB
CDS: on
MetaspaceReclaimPolicy: balanced
 - commit_granule_bytes: 65536.
 - commit_granule_words: 8192.
 - virtual_space_node_default_size: 1048576.
 - enlarge_chunks_in_place: 1.
 - new_chunks_are_fully_committed: 0.
 - uncommit_free_chunks: 1.
 - use_allocation_guard: 0.
 - handle_deallocations: 1.


Internal statistics:

num_allocs_failed_limit: 0.
num_arena_births: 102.
num_arena_deaths: 0.
num_vsnodes_births: 3.
num_vsnodes_deaths: 0.
num_space_committed: 226.
num_space_uncommitted: 0.
num_chunks_returned_to_freelist: 0.
num_chunks_taken_from_freelist: 497.
num_chunk_merges: 0.
num_chunk_splits: 352.
num_chunks_enlarged: 283.
num_purges: 0.
num_inconsistent_stats: 0.

CodeHeap 'non-profiled nmethods': size=120000Kb used=1823Kb max_used=1823Kb free=118176Kb
 bounds [0x00000207e5a40000, 0x00000207e5cb0000, 0x00000207ecf70000]
CodeHeap 'profiled nmethods': size=120000Kb used=5521Kb max_used=5521Kb free=114478Kb
 bounds [0x00000207de510000, 0x00000207dea80000, 0x00000207e5a40000]
CodeHeap 'non-nmethods': size=5760Kb used=1205Kb max_used=1253Kb free=4554Kb
 bounds [0x00000207ddf70000, 0x00000207de1e0000, 0x00000207de510000]
 total_blobs=3159 nmethods=2649 adapters=423
 compilation: enabled
              stopped_count=0, restarted_count=0
 full_count=0

Compilation events (20 events):
Event: 3.087 Thread 0x00000207f46da410 nmethod 2626 0x00000207e5c04d10 code [0x00000207e5c04ea0, 0x00000207e5c050f8]
Event: 3.087 Thread 0x00000207f46da410 2627       4       org.apache.xmlbeans.impl.values.NamespaceContext::getNamespaceContextStack (32 bytes)
Event: 3.091 Thread 0x00000207f46da410 nmethod 2627 0x00000207e5c05310 code [0x00000207e5c054e0, 0x00000207e5c05928]
Event: 3.091 Thread 0x00000207f46da410 2612   !   4       org.apache.xmlbeans.impl.schema.SchemaTypeImpl::createUnattachedNode (96 bytes)
Event: 3.098 Thread 0x00000207f46de700 2695       2       org.apache.xmlbeans.impl.store.DocumentFragXobj::<init> (9 bytes)
Event: 3.098 Thread 0x00000207f46de700 nmethod 2695 0x00000207dea73310 code [0x00000207dea734a0, 0x00000207dea735c8]
Event: 3.099 Thread 0x00000207f46de700 2696       2       org.apache.xmlbeans.impl.store.Cur::isNormal (109 bytes)
Event: 3.099 Thread 0x00000207f46da410 nmethod 2612 0x00000207e5c05d10 code [0x00000207e5c05f20, 0x00000207e5c06720]
Event: 3.099 Thread 0x00000207f46da410 2636   !   4       org.apache.xmlbeans.SchemaComponent$Ref::getComponent (69 bytes)
Event: 3.099 Thread 0x00000207f46de700 nmethod 2696 0x00000207dea73690 code [0x00000207dea73880, 0x00000207dea73bd8]
Event: 3.099 Thread 0x00000207f46da410 nmethod 2636 0x00000207e5c06d90 code [0x00000207e5c06f00, 0x00000207e5c06f98]
Event: 3.099 Thread 0x00000207f46da410 2610   !   4       org.apache.xmlbeans.impl.schema.SchemaTypeImpl::getJavaImplConstructor (55 bytes)
Event: 3.099 Thread 0x00000207f46da410 nmethod 2610 0x00000207e5c07090 code [0x00000207e5c07200, 0x00000207e5c07298]
Event: 3.100 Thread 0x00000207f46da410 2662       4       org.apache.xmlbeans.impl.store.Xobj::getXsiTypeName (42 bytes)
Event: 3.103 Thread 0x00000207f46da410 nmethod 2662 0x00000207e5c07390 code [0x00000207e5c07520, 0x00000207e5c07a98]
Event: 3.103 Thread 0x00000207f46da410 2640   !   4       org.apache.xmlbeans.impl.values.XmlObjectBase::check_dated (270 bytes)
Event: 3.126 Thread 0x00000207f46de700 2698       2       org.apache.xmlbeans.impl.store.Xobj::inhibitDisconnect (8 bytes)
Event: 3.126 Thread 0x00000207f46de700 nmethod 2698 0x00000207dea73d90 code [0x00000207dea73f20, 0x00000207dea74038]
Event: 3.126 Thread 0x00000207f46de700 2699       2       org.apache.xmlbeans.impl.store.Xobj::posTemp (8 bytes)
Event: 3.127 Thread 0x00000207f46de700 nmethod 2699 0x00000207dea74110 code [0x00000207dea742a0, 0x00000207dea743b8]

GC Heap History (20 events):
Event: 0.654 GC heap after
{Heap after GC invocations=2 (full 0):
 garbage-first heap   total 131072K, used 7577K [0x0000000081a00000, 0x0000000100000000)
  region size 1024K, 1 young (1024K), 1 survivors (1024K)
 Metaspace       used 6940K, committed 7040K, reserved 1056768K
  class space    used 731K, committed 768K, reserved 1048576K
}
Event: 1.169 GC heap before
{Heap before GC invocations=2 (full 0):
 garbage-first heap   total 131072K, used 47513K [0x0000000081a00000, 0x0000000100000000)
  region size 1024K, 21 young (21504K), 1 survivors (1024K)
 Metaspace       used 11503K, committed 11648K, reserved 1064960K
  class space    used 1297K, committed 1344K, reserved 1048576K
}
Event: 1.173 GC heap after
{Heap after GC invocations=3 (full 0):
 garbage-first heap   total 131072K, used 20018K [0x0000000081a00000, 0x0000000100000000)
  region size 1024K, 3 young (3072K), 3 survivors (3072K)
 Metaspace       used 11503K, committed 11648K, reserved 1064960K
  class space    used 1297K, committed 1344K, reserved 1048576K
}
Event: 1.649 GC heap before
{Heap before GC invocations=3 (full 0):
 garbage-first heap   total 131072K, used 88626K [0x0000000081a00000, 0x0000000100000000)
  region size 1024K, 70 young (71680K), 3 survivors (3072K)
 Metaspace       used 13468K, committed 13632K, reserved 1064960K
  class space    used 1513K, committed 1600K, reserved 1048576K
}
Event: 1.658 GC heap after
{Heap after GC invocations=4 (full 0):
 garbage-first heap   total 131072K, used 28461K [0x0000000081a00000, 0x0000000100000000)
  region size 1024K, 9 young (9216K), 9 survivors (9216K)
 Metaspace       used 13468K, committed 13632K, reserved 1064960K
  class space    used 1513K, committed 1600K, reserved 1048576K
}
Event: 1.741 GC heap before
{Heap before GC invocations=4 (full 0):
 garbage-first heap   total 131072K, used 85805K [0x0000000081a00000, 0x0000000100000000)
  region size 1024K, 65 young (66560K), 9 survivors (9216K)
 Metaspace       used 13468K, committed 13632K, reserved 1064960K
  class space    used 1513K, committed 1600K, reserved 1048576K
}
Event: 1.750 GC heap after
{Heap after GC invocations=5 (full 0):
 garbage-first heap   total 131072K, used 29760K [0x0000000081a00000, 0x0000000100000000)
  region size 1024K, 1 young (1024K), 1 survivors (1024K)
 Metaspace       used 13468K, committed 13632K, reserved 1064960K
  class space    used 1513K, committed 1600K, reserved 1048576K
}
Event: 1.846 GC heap before
{Heap before GC invocations=5 (full 0):
 garbage-first heap   total 131072K, used 91200K [0x0000000081a00000, 0x0000000100000000)
  region size 1024K, 61 young (62464K), 1 survivors (1024K)
 Metaspace       used 13468K, committed 13632K, reserved 1064960K
  class space    used 1513K, committed 1600K, reserved 1048576K
}
Event: 1.848 GC heap after
{Heap after GC invocations=6 (full 0):
 garbage-first heap   total 131072K, used 30317K [0x0000000081a00000, 0x0000000100000000)
  region size 1024K, 2 young (2048K), 2 survivors (2048K)
 Metaspace       used 13468K, committed 13632K, reserved 1064960K
  class space    used 1513K, committed 1600K, reserved 1048576K
}
Event: 1.927 GC heap before
{Heap before GC invocations=6 (full 0):
 garbage-first heap   total 131072K, used 96877K [0x0000000081a00000, 0x0000000100000000)
  region size 1024K, 67 young (68608K), 2 survivors (2048K)
 Metaspace       used 13468K, committed 13632K, reserved 1064960K
  class space    used 1513K, committed 1600K, reserved 1048576K
}
Event: 1.930 GC heap after
{Heap after GC invocations=7 (full 0):
 garbage-first heap   total 174080K, used 31009K [0x0000000081a00000, 0x0000000100000000)
  region size 1024K, 3 young (3072K), 3 survivors (3072K)
 Metaspace       used 13468K, committed 13632K, reserved 1064960K
  class space    used 1513K, committed 1600K, reserved 1048576K
}
Event: 2.127 GC heap before
{Heap before GC invocations=7 (full 0):
 garbage-first heap   total 174080K, used 132385K [0x0000000081a00000, 0x0000000100000000)
  region size 1024K, 102 young (104448K), 3 survivors (3072K)
 Metaspace       used 13630K, committed 13760K, reserved 1064960K
  class space    used 1545K, committed 1600K, reserved 1048576K
}
Event: 2.133 GC heap after
{Heap after GC invocations=8 (full 0):
 garbage-first heap   total 174080K, used 39703K [0x0000000081a00000, 0x0000000100000000)
  region size 1024K, 11 young (11264K), 11 survivors (11264K)
 Metaspace       used 13630K, committed 13760K, reserved 1064960K
  class space    used 1545K, committed 1600K, reserved 1048576K
}
Event: 2.404 GC heap before
{Heap before GC invocations=8 (full 0):
 garbage-first heap   total 174080K, used 132887K [0x0000000081a00000, 0x0000000100000000)
  region size 1024K, 102 young (104448K), 11 survivors (11264K)
 Metaspace       used 13631K, committed 13760K, reserved 1064960K
  class space    used 1545K, committed 1600K, reserved 1048576K
}
Event: 2.456 GC heap after
{Heap after GC invocations=9 (full 0):
 garbage-first heap   total 217088K, used 111874K [0x0000000081a00000, 0x0000000100000000)
  region size 1024K, 13 young (13312K), 13 survivors (13312K)
 Metaspace       used 13631K, committed 13760K, reserved 1064960K
  class space    used 1545K, committed 1600K, reserved 1048576K
}
Event: 2.693 GC heap before
{Heap before GC invocations=9 (full 0):
 garbage-first heap   total 217088K, used 150786K [0x0000000081a00000, 0x0000000100000000)
  region size 1024K, 51 young (52224K), 13 survivors (13312K)
 Metaspace       used 14234K, committed 14400K, reserved 1064960K
  class space    used 1606K, committed 1664K, reserved 1048576K
}
Event: 2.718 GC heap after
{Heap after GC invocations=10 (full 0):
 garbage-first heap   total 217088K, used 137728K [0x0000000081a00000, 0x0000000100000000)
  region size 1024K, 7 young (7168K), 7 survivors (7168K)
 Metaspace       used 14234K, committed 14400K, reserved 1064960K
  class space    used 1606K, committed 1664K, reserved 1048576K
}
Event: 2.933 GC heap before
{Heap before GC invocations=11 (full 0):
 garbage-first heap   total 254976K, used 161280K [0x0000000081a00000, 0x0000000100000000)
  region size 1024K, 30 young (30720K), 7 survivors (7168K)
 Metaspace       used 14260K, committed 14400K, reserved 1064960K
  class space    used 1606K, committed 1664K, reserved 1048576K
}
Event: 2.950 GC heap after
{Heap after GC invocations=12 (full 0):
 garbage-first heap   total 254976K, used 144896K [0x0000000081a00000, 0x0000000100000000)
  region size 1024K, 4 young (4096K), 4 survivors (4096K)
 Metaspace       used 14260K, committed 14400K, reserved 1064960K
  class space    used 1606K, committed 1664K, reserved 1048576K
}
Event: 3.178 GC heap before
{Heap before GC invocations=12 (full 0):
 garbage-first heap   total 254976K, used 182784K [0x0000000081a00000, 0x0000000100000000)
  region size 1024K, 41 young (41984K), 4 survivors (4096K)
 Metaspace       used 14279K, committed 14464K, reserved 1064960K
  class space    used 1606K, committed 1664K, reserved 1048576K
}

Deoptimization events (20 events):
Event: 2.791 Thread 0x00000207d4f61410 DEOPT PACKING pc=0x00000207e5bdabb0 sp=0x0000008375dfd7a0
Event: 2.791 Thread 0x00000207d4f61410 DEOPT UNPACKING pc=0x00000207ddfc23a3 sp=0x0000008375dfd648 mode 2
Event: 2.805 Thread 0x00000207d4f61410 Uncommon trap: trap_request=0xffffff45 fr.pc=0x00000207e5bddd80 relative=0x0000000000000ee0
Event: 2.805 Thread 0x00000207d4f61410 Uncommon trap: reason=unstable_if action=reinterpret pc=0x00000207e5bddd80 method=org.apache.xmlbeans.impl.store.Locale.isXmlns(Ljavax/xml/namespace/QName;)Z @ 11 c2
Event: 2.805 Thread 0x00000207d4f61410 DEOPT PACKING pc=0x00000207e5bddd80 sp=0x0000008375dfd780
Event: 2.805 Thread 0x00000207d4f61410 DEOPT UNPACKING pc=0x00000207ddfc23a3 sp=0x0000008375dfd648 mode 2
Event: 2.866 Thread 0x00000207d4f61410 Uncommon trap: trap_request=0xffffffcc fr.pc=0x00000207e5bee84c relative=0x000000000000032c
Event: 2.866 Thread 0x00000207d4f61410 Uncommon trap: reason=intrinsic_or_type_checked_inlining action=make_not_entrant pc=0x00000207e5bee84c method=java.util.Arrays.copyOf([Ljava/lang/Object;ILjava/lang/Class;)[Ljava/lang/Object; @ 35 c2
Event: 2.866 Thread 0x00000207d4f61410 DEOPT PACKING pc=0x00000207e5bee84c sp=0x0000008375dfdaa0
Event: 2.866 Thread 0x00000207d4f61410 DEOPT UNPACKING pc=0x00000207ddfc23a3 sp=0x0000008375dfda30 mode 2
Event: 2.895 Thread 0x00000207d4f61410 Uncommon trap: trap_request=0xffffffde fr.pc=0x00000207e5b53fd4 relative=0x0000000000000774
Event: 2.895 Thread 0x00000207d4f61410 Uncommon trap: reason=class_check action=maybe_recompile pc=0x00000207e5b53fd4 method=org.apache.xmlbeans.impl.store.CharUtil.getString(Ljava/lang/Object;II)Ljava/lang/String; @ 55 c2
Event: 2.895 Thread 0x00000207d4f61410 DEOPT PACKING pc=0x00000207e5b53fd4 sp=0x0000008375dfd5d0
Event: 2.895 Thread 0x00000207d4f61410 DEOPT UNPACKING pc=0x00000207ddfc23a3 sp=0x0000008375dfd5a0 mode 2
Event: 2.906 Thread 0x00000207d4f61410 Uncommon trap: trap_request=0xffffffde fr.pc=0x00000207e5b53fd4 relative=0x0000000000000774
Event: 2.906 Thread 0x00000207d4f61410 Uncommon trap: reason=class_check action=maybe_recompile pc=0x00000207e5b53fd4 method=org.apache.xmlbeans.impl.store.CharUtil.getString(Ljava/lang/Object;II)Ljava/lang/String; @ 55 c2
Event: 2.906 Thread 0x00000207d4f61410 DEOPT PACKING pc=0x00000207e5b53fd4 sp=0x0000008375dfd560
Event: 2.906 Thread 0x00000207d4f61410 DEOPT UNPACKING pc=0x00000207ddfc23a3 sp=0x0000008375dfd530 mode 2
Event: 3.098 Thread 0x00000207d4f61410 DEOPT PACKING pc=0x00000207dea512ef sp=0x0000008375dfd6c0
Event: 3.099 Thread 0x00000207d4f61410 DEOPT UNPACKING pc=0x00000207ddfc2b43 sp=0x0000008375dfcb18 mode 0

Classes unloaded (0 events):
No events

Classes redefined (0 events):
No events

Internal exceptions (20 events):
Event: 0.319 Thread 0x00000207d4f61410 Exception <a 'java/lang/NoSuchMethodError'{0x0000000088e9f3b8}: 'void java.lang.invoke.DirectMethodHandle$Holder.invokeStatic(java.lang.Object, java.lang.Object)'> (0x0000000088e9f3b8) 
thrown [t:\workspace\open\src\hotspot\share\interpreter\linkResolver.cpp, line 766]
Event: 0.388 Thread 0x00000207d4f61410 Exception <a 'java/lang/NoSuchMethodError'{0x0000000089992248}: 'java.lang.Object java.lang.invoke.DirectMethodHandle$Holder.invokeStaticInit(java.lang.Object, int, int, int, int)'> (0x0000000089992248) 
thrown [t:\workspace\open\src\hotspot\share\interpreter\linkResolver.cpp, line 766]
Event: 0.427 Thread 0x00000207d4f61410 Exception <a 'java/lang/NoSuchMethodError'{0x0000000089886db0}: 'java.lang.Object java.lang.invoke.DirectMethodHandle$Holder.invokeStaticInit(java.lang.Object, java.lang.Object, int, int, int, int)'> (0x0000000089886db0) 
thrown [t:\workspace\open\src\hotspot\share\interpreter\linkResolver.cpp, line 766]
Event: 0.642 Thread 0x00000207d4f61410 Exception <a 'java/lang/NoSuchMethodError'{0x00000000890bc598}: 'void java.lang.invoke.DirectMethodHandle$Holder.invokeStatic(java.lang.Object, java.lang.Object, java.lang.Object)'> (0x00000000890bc598) 
thrown [t:\workspace\open\src\hotspot\share\interpreter\linkResolver.cpp, line 766]
Event: 0.646 Thread 0x00000207d4f61410 Exception <a 'java/lang/NoSuchMethodError'{0x00000000890e06d8}: 'void java.lang.invoke.DirectMethodHandle$Holder.invokeSpecial(java.lang.Object, java.lang.Object, java.lang.Object, java.lang.Object, java.lang.Object)'> (0x00000000890e06d8) 
thrown [t:\workspace\open\src\hotspot\share\interpreter\linkResolver.cpp, line 766]
Event: 0.855 Thread 0x00000207d4f61410 Exception <a 'java/lang/NoSuchMethodError'{0x00000000894dde08}: 'int java.lang.invoke.DirectMethodHandle$Holder.invokeStaticInit(java.lang.Object, java.lang.Object, java.lang.Object)'> (0x00000000894dde08) 
thrown [t:\workspace\open\src\hotspot\share\interpreter\linkResolver.cpp, line 766]
Event: 0.860 Thread 0x00000207d4f61410 Exception <a 'java/lang/NoSuchMethodError'{0x00000000893bbfd0}: 'void java.lang.invoke.DirectMethodHandle$Holder.invokeVirtual(java.lang.Object, java.lang.Object, java.lang.Object, java.lang.Object)'> (0x00000000893bbfd0) 
thrown [t:\workspace\open\src\hotspot\share\interpreter\linkResolver.cpp, line 766]
Event: 0.865 Thread 0x00000207d4f61410 Exception <a 'java/lang/NoSuchMethodError'{0x00000000893eeaa8}: 'void java.lang.invoke.DirectMethodHandle$Holder.invokeStatic(java.lang.Object, java.lang.Object, java.lang.Object, int)'> (0x00000000893eeaa8) 
thrown [t:\workspace\open\src\hotspot\share\interpreter\linkResolver.cpp, line 766]
Event: 0.866 Thread 0x00000207d4f61410 Exception <a 'java/lang/NoSuchMethodError'{0x00000000893f2210}: 'void java.lang.invoke.DirectMethodHandle$Holder.invokeStaticInit(java.lang.Object, java.lang.Object, java.lang.Object, int)'> (0x00000000893f2210) 
thrown [t:\workspace\open\src\hotspot\share\interpreter\linkResolver.cpp, line 766]
Event: 0.886 Thread 0x00000207d4f61410 Exception <a 'java/lang/NoSuchMethodError'{0x0000000089280618}: 'void java.lang.invoke.DirectMethodHandle$Holder.invokeInterface(java.lang.Object, java.lang.Object, java.lang.Object)'> (0x0000000089280618) 
thrown [t:\workspace\open\src\hotspot\share\interpreter\linkResolver.cpp, line 766]
Event: 0.932 Thread 0x00000207d4f61410 Exception <a 'java/lang/NoSuchMethodError'{0x00000000890895c8}: 'java.lang.Object java.lang.invoke.DirectMethodHandle$Holder.invokeStaticInit(java.lang.Object, java.lang.Object, java.lang.Object)'> (0x00000000890895c8) 
thrown [t:\workspace\open\src\hotspot\share\interpreter\linkResolver.cpp, line 766]
Event: 0.933 Thread 0x00000207d4f61410 Exception <a 'java/lang/NoSuchMethodError'{0x000000008908fdf8}: 'java.lang.Object java.lang.invoke.DirectMethodHandle$Holder.invokeStatic(java.lang.Object, java.lang.Object, int, int)'> (0x000000008908fdf8) 
thrown [t:\workspace\open\src\hotspot\share\interpreter\linkResolver.cpp, line 766]
Event: 0.934 Thread 0x00000207d4f61410 Exception <a 'java/lang/NoSuchMethodError'{0x0000000089093870}: 'java.lang.Object java.lang.invoke.DirectMethodHandle$Holder.invokeStaticInit(java.lang.Object, java.lang.Object, int, int)'> (0x0000000089093870) 
thrown [t:\workspace\open\src\hotspot\share\interpreter\linkResolver.cpp, line 766]
Event: 1.107 Thread 0x00000207d4f61410 Exception <a 'java/lang/NoSuchMethodError'{0x0000000088732dc8}: 'java.lang.Object java.lang.invoke.DirectMethodHandle$Holder.invokeInterface(java.lang.Object, java.lang.Object)'> (0x0000000088732dc8) 
thrown [t:\workspace\open\src\hotspot\share\interpreter\linkResolver.cpp, line 766]
Event: 1.154 Thread 0x00000207d4f61410 Exception <a 'java/lang/NoSuchMethodError'{0x00000000886ef130}: 'java.lang.Object java.lang.invoke.DirectMethodHandle$Holder.newInvokeSpecial(java.lang.Object, java.lang.Object, int, java.lang.Object)'> (0x00000000886ef130) 
thrown [t:\workspace\open\src\hotspot\share\interpreter\linkResolver.cpp, line 766]
Event: 1.155 Thread 0x00000207d4f61410 Exception <a 'java/lang/NoSuchMethodError'{0x00000000886f37b8}: 'java.lang.Object java.lang.invoke.DirectMethodHandle$Holder.invokeSpecial(java.lang.Object, java.lang.Object, java.lang.Object, int, java.lang.Object)'> (0x00000000886f37b8) 
thrown [t:\workspace\open\src\hotspot\share\interpreter\linkResolver.cpp, line 766]
Event: 1.164 Thread 0x00000207d4f61410 Exception <a 'java/lang/NoSuchMethodError'{0x0000000088551fa8}: 'void java.lang.invoke.DirectMethodHandle$Holder.invokeVirtual(java.lang.Object, java.lang.Object)'> (0x0000000088551fa8) 
thrown [t:\workspace\open\src\hotspot\share\interpreter\linkResolver.cpp, line 766]
Event: 1.778 Thread 0x00000207d4f61410 Implicit null exception at 0x00000207e5b4070c to 0x00000207e5b40b90
Event: 2.094 Thread 0x00000207d4f61410 Implicit null exception at 0x00000207e5b3e752 to 0x00000207e5b3eee8
Event: 2.617 Thread 0x00000207d4f61410 Implicit null exception at 0x00000207e5b6c6f3 to 0x00000207e5b6d19c

VM Operations (20 events):
Event: 1.750 Executing VM operation: G1CollectForAllocation done
Event: 1.846 Executing VM operation: G1CollectForAllocation
Event: 1.848 Executing VM operation: G1CollectForAllocation done
Event: 1.927 Executing VM operation: G1CollectForAllocation
Event: 1.930 Executing VM operation: G1CollectForAllocation done
Event: 2.127 Executing VM operation: G1CollectForAllocation
Event: 2.133 Executing VM operation: G1CollectForAllocation done
Event: 2.138 Executing VM operation: HandshakeAllThreads
Event: 2.139 Executing VM operation: HandshakeAllThreads done
Event: 2.403 Executing VM operation: G1CollectForAllocation
Event: 2.456 Executing VM operation: G1CollectForAllocation done
Event: 2.693 Executing VM operation: G1CollectForAllocation
Event: 2.718 Executing VM operation: G1CollectForAllocation done
Event: 2.832 Executing VM operation: G1Concurrent
Event: 2.834 Executing VM operation: G1Concurrent done
Event: 2.890 Executing VM operation: G1Concurrent
Event: 2.890 Executing VM operation: G1Concurrent done
Event: 2.933 Executing VM operation: G1CollectForAllocation
Event: 2.950 Executing VM operation: G1CollectForAllocation done
Event: 3.178 Executing VM operation: G1CollectForAllocation

Events (20 events):
Event: 1.151 loading class java/io/UTFDataFormatException
Event: 1.151 loading class java/io/UTFDataFormatException done
Event: 1.248 loading class org/w3c/dom/DOMImplementation
Event: 1.248 loading class org/w3c/dom/DOMImplementation done
Event: 1.252 loading class org/xml/sax/ext/LexicalHandler
Event: 1.252 loading class org/xml/sax/ext/LexicalHandler done
Event: 1.252 loading class org/xml/sax/ext/DeclHandler
Event: 1.252 loading class org/xml/sax/ext/DeclHandler done
Event: 1.254 loading class org/w3c/dom/CDATASection
Event: 1.254 loading class org/w3c/dom/CDATASection done
Event: 1.262 loading class java/lang/AbstractMethodError
Event: 1.262 loading class java/lang/AbstractMethodError done
Event: 1.266 loading class org/w3c/dom/Comment
Event: 1.266 loading class org/w3c/dom/Comment done
Event: 1.267 loading class org/w3c/dom/ProcessingInstruction
Event: 1.267 loading class org/w3c/dom/ProcessingInstruction done
Event: 1.269 loading class org/w3c/dom/DocumentFragment
Event: 1.269 loading class org/w3c/dom/DocumentFragment done
Event: 1.504 loading class java/util/ConcurrentModificationException
Event: 1.505 loading class java/util/ConcurrentModificationException done


Dynamic libraries:
0x00007ff7272f0000 - 0x00007ff727300000 	C:\Program Files\Java\jdk-17.0.2\bin\javaw.exe
0x00007fffcdfb0000 - 0x00007fffce1a8000 	C:\Windows\SYSTEM32\ntdll.dll
0x00007fffcdc60000 - 0x00007fffcdd1f000 	C:\Windows\System32\KERNEL32.DLL
0x00007fffcba50000 - 0x00007fffcbd46000 	C:\Windows\System32\KERNELBASE.dll
0x00007fffcbee0000 - 0x00007fffcbfe0000 	C:\Windows\System32\ucrtbase.dll
0x00007fffc8900000 - 0x00007fffc891a000 	C:\Program Files\Java\jdk-17.0.2\bin\VCRUNTIME140.dll
0x00007fffc89a0000 - 0x00007fffc89b8000 	C:\Program Files\Java\jdk-17.0.2\bin\jli.dll
0x00007fffcc010000 - 0x00007fffcc0bf000 	C:\Windows\System32\ADVAPI32.dll
0x00007fffcd3a0000 - 0x00007fffcd43e000 	C:\Windows\System32\msvcrt.dll
0x00007fffcd440000 - 0x00007fffcd4dc000 	C:\Windows\System32\sechost.dll
0x00007fffcc530000 - 0x00007fffcc656000 	C:\Windows\System32\RPCRT4.dll
0x00007fffcddd0000 - 0x00007fffcdf6d000 	C:\Windows\System32\USER32.dll
0x00007fffcbd50000 - 0x00007fffcbd72000 	C:\Windows\System32\win32u.dll
0x00007fffcd5b0000 - 0x00007fffcd5dc000 	C:\Windows\System32\GDI32.dll
0x00007fffcb930000 - 0x00007fffcba45000 	C:\Windows\System32\gdi32full.dll
0x00007fffcb890000 - 0x00007fffcb92d000 	C:\Windows\System32\msvcp_win.dll
0x00007fffb9630000 - 0x00007fffb98ca000 	C:\Windows\WinSxS\amd64_microsoft.windows.common-controls_6595b64144ccf1df_6.0.19041.1110_none_60b5254171f9507e\COMCTL32.dll
0x00007fffc3200000 - 0x00007fffc320a000 	C:\Windows\SYSTEM32\VERSION.dll
0x00007fffcc350000 - 0x00007fffcc380000 	C:\Windows\System32\IMM32.DLL
0x00007fffc8990000 - 0x00007fffc899c000 	C:\Program Files\Java\jdk-17.0.2\bin\vcruntime140_1.dll
0x00007fffabf70000 - 0x00007fffabffd000 	C:\Program Files\Java\jdk-17.0.2\bin\msvcp140.dll
0x00007fff89c50000 - 0x00007fff8a811000 	C:\Program Files\Java\jdk-17.0.2\bin\server\jvm.dll
0x00007fffcc660000 - 0x00007fffcc668000 	C:\Windows\System32\PSAPI.DLL
0x00007fffc1600000 - 0x00007fffc1627000 	C:\Windows\SYSTEM32\WINMM.dll
0x00007fffbc800000 - 0x00007fffbc809000 	C:\Windows\SYSTEM32\WSOCK32.dll
0x00007fffcd540000 - 0x00007fffcd5ab000 	C:\Windows\System32\WS2_32.dll
0x00007fffc9d00000 - 0x00007fffc9d12000 	C:\Windows\SYSTEM32\kernel.appcore.dll
0x00007fffc8700000 - 0x00007fffc870a000 	C:\Program Files\Java\jdk-17.0.2\bin\jimage.dll
0x00007fffb99d0000 - 0x00007fffb9bb4000 	C:\Windows\SYSTEM32\DBGHELP.DLL
0x00007fffb9420000 - 0x00007fffb9454000 	C:\Windows\SYSTEM32\dbgcore.DLL
0x00007fffcb7b0000 - 0x00007fffcb832000 	C:\Windows\System32\bcryptPrimitives.dll
0x00007fffc26f0000 - 0x00007fffc2715000 	C:\Program Files\Java\jdk-17.0.2\bin\java.dll
0x00007fffaa9d0000 - 0x00007fffaaaa6000 	C:\Program Files\Java\jdk-17.0.2\bin\jsvml.dll
0x00007fffcc9d0000 - 0x00007fffcd114000 	C:\Windows\System32\SHELL32.dll
0x00007fffc9550000 - 0x00007fffc9ce3000 	C:\Windows\SYSTEM32\windows.storage.dll
0x00007fffcc670000 - 0x00007fffcc9c4000 	C:\Windows\System32\combase.dll
0x00007fffcb000000 - 0x00007fffcb02e000 	C:\Windows\SYSTEM32\Wldp.dll
0x00007fffcdd20000 - 0x00007fffcddcd000 	C:\Windows\System32\SHCORE.dll
0x00007fffcdc00000 - 0x00007fffcdc55000 	C:\Windows\System32\shlwapi.dll
0x00007fffcb5c0000 - 0x00007fffcb5e5000 	C:\Windows\SYSTEM32\profapi.dll
0x00007fffc86e0000 - 0x00007fffc86f9000 	C:\Program Files\Java\jdk-17.0.2\bin\net.dll
0x00007fffc5750000 - 0x00007fffc585a000 	C:\Windows\SYSTEM32\WINHTTP.dll
0x00007fffcad60000 - 0x00007fffcadca000 	C:\Windows\system32\mswsock.dll
0x00007fffbcb70000 - 0x00007fffbcb86000 	C:\Program Files\Java\jdk-17.0.2\bin\nio.dll
0x00007fffbbb10000 - 0x00007fffbbb28000 	C:\Program Files\Java\jdk-17.0.2\bin\zip.dll
0x00007fffc2930000 - 0x00007fffc2940000 	C:\Program Files\Java\jdk-17.0.2\bin\verify.dll
0x00007fffcaa90000 - 0x00007fffcab5a000 	C:\Windows\SYSTEM32\DNSAPI.dll
0x00007fffcaa50000 - 0x00007fffcaa8b000 	C:\Windows\SYSTEM32\IPHLPAPI.DLL
0x00007fffcd270000 - 0x00007fffcd278000 	C:\Windows\System32\NSI.dll
0x00007fffc4880000 - 0x00007fffc488a000 	C:\Windows\System32\rasadhlp.dll
0x00007fffc6890000 - 0x00007fffc6912000 	C:\Windows\System32\fwpuclnt.dll
0x00007fffcbfe0000 - 0x00007fffcc007000 	C:\Windows\System32\bcrypt.dll
0x00007fffcaf50000 - 0x00007fffcaf68000 	C:\Windows\SYSTEM32\CRYPTSP.dll
0x00007fffca670000 - 0x00007fffca6a4000 	C:\Windows\system32\rsaenh.dll
0x00007fffcb580000 - 0x00007fffcb5ae000 	C:\Windows\SYSTEM32\USERENV.dll
0x00007fffcaf70000 - 0x00007fffcaf7c000 	C:\Windows\SYSTEM32\CRYPTBASE.dll
0x00007fffc67e0000 - 0x00007fffc67f7000 	C:\Windows\SYSTEM32\dhcpcsvc6.DLL
0x00007fffc67b0000 - 0x00007fffc67cd000 	C:\Windows\SYSTEM32\dhcpcsvc.DLL

dbghelp: loaded successfully - version: 4.0.5 - missing functions: none
symbol engine: initialized successfully - sym options: 0x614 - pdb path: .;C:\Program Files\Java\jdk-17.0.2\bin;C:\Windows\SYSTEM32;C:\Windows\WinSxS\amd64_microsoft.windows.common-controls_6595b64144ccf1df_6.0.19041.1110_none_60b5254171f9507e;C:\Program Files\Java\jdk-17.0.2\bin\server

VM Arguments:
jvm_args: -ea -Dfile.encoding=Cp1252 -XX:+ShowCodeDetailsInExceptionMessages 
java_command: org.testng.remote.RemoteTestNG -serport 57504 -protocol json -d C:\Users\adityak\eclipse-workspace\MahaKhanij\test-output C:\Users\adityak\AppData\Local\Temp\testng-eclipse--1652508350\testng-customsuite.xml
java_class_path (initial): C:\Users\adityak\eclipse\java-2021-12\eclipse\configuration\org.eclipse.osgi\426\0\.cp\lib\testng-remote.jar;C:\Users\adityak\eclipse-workspace\MahaKhanij\target\test-classes;C:\Users\adityak\eclipse-workspace\MahaKhanij\target\classes;C:\Users\adityak\eclipse\java-2021-12\eclipse\configuration\org.eclipse.osgi\426\0\.cp\lib\testng.jar;C:\Users\adityak\eclipse\java-2021-12\eclipse\configuration\org.eclipse.osgi\426\0\.cp\lib\jcommander.jar;C:\Users\adityak\eclipse\java-2021-12\eclipse\configuration\org.eclipse.osgi\426\0\.cp\lib\bsh-2.0b4.jar;C:\Users\adityak\eclipse\java-2021-12\eclipse\configuration\org.eclipse.osgi\426\0\.cp\lib\snakeyaml.jar;C:\Users\adityak\.m2\repository\org\seleniumhq\selenium\selenium-java\4.1.2\selenium-java-4.1.2.jar;C:\Users\adityak\.m2\repository\org\seleniumhq\selenium\selenium-api\4.1.2\selenium-api-4.1.2.jar;C:\Users\adityak\.m2\repository\org\seleniumhq\selenium\selenium-chrome-driver\4.1.2\selenium-chrome-driver-4.1.2.jar;C:\Users\adityak\.m2\repository\com\google\guava\guava\31.0.1-jre\guava-31.0.1-jre.jar;C:\Users\adityak\.m2\repository\com\google\guava\failureaccess\1.0.1\failureaccess-1.0.1.jar;C:\Users\adityak\.m2\repository\com\google\guava\listenablefuture\9999.0-empty-to-avoid-conflict-with-guava\listenablefuture-9999.0-empty-to-avoid-conflict-with-guava.jar;C:\Users\adityak\.m2\repository\org\checkerframework\checker-qual\3.12.0\checker-qual-3.12.0.jar;C:\Users\adityak\.m2\repository\com\google\errorprone\error_prone_annotations\2.7.1\error_prone_annotations-2.7.1.jar;C:\Users\adityak\.m2\repository\com\google\j2objc\j2objc-annotations\1.3\j2objc-annotations-1.3.jar;C:\Users\adityak\.m2\repository\org\seleniumhq\selenium\selenium-chromium-driver\4.1.2\selenium-chromium-driver-4.1.2.jar;C:\Users\adityak\.m2\repository\org\seleniumhq\selenium\selenium-json\4.1.2\selenium-json-4.1.2.jar;C:\Users\adityak\.m2\repository\org\seleniumhq\selenium\selenium-devtools-v85\4.1.2\selenium-devtools-v85-4.1.2.j
Launcher Type: SUN_STANDARD

[Global flags]
     intx CICompilerCount                          = 3                                         {product} {ergonomic}
     uint ConcGCThreads                            = 1                                         {product} {ergonomic}
     uint G1ConcRefinementThreads                  = 4                                         {product} {ergonomic}
   size_t G1HeapRegionSize                         = 1048576                                   {product} {ergonomic}
    uintx GCDrainStackTargetSize                   = 64                                        {product} {ergonomic}
   size_t InitialHeapSize                          = 134217728                                 {product} {ergonomic}
   size_t MarkStackSize                            = 4194304                                   {product} {ergonomic}
   size_t MaxHeapSize                              = 2120220672                                {product} {ergonomic}
   size_t MaxNewSize                               = 1271922688                                {product} {ergonomic}
   size_t MinHeapDeltaBytes                        = 1048576                                   {product} {ergonomic}
   size_t MinHeapSize                              = 8388608                                   {product} {ergonomic}
    uintx NonNMethodCodeHeapSize                   = 5832780                                {pd product} {ergonomic}
    uintx NonProfiledCodeHeapSize                  = 122912730                              {pd product} {ergonomic}
    uintx ProfiledCodeHeapSize                     = 122912730                              {pd product} {ergonomic}
    uintx ReservedCodeCacheSize                    = 251658240                              {pd product} {ergonomic}
     bool SegmentedCodeCache                       = true                                      {product} {ergonomic}
     bool ShowCodeDetailsInExceptionMessages       = true                                   {manageable} {command line}
   size_t SoftMaxHeapSize                          = 2120220672                             {manageable} {ergonomic}
     bool UseCompressedClassPointers               = true                           {product lp64_product} {ergonomic}
     bool UseCompressedOops                        = true                           {product lp64_product} {ergonomic}
     bool UseG1GC                                  = true                                      {product} {ergonomic}
     bool UseLargePagesIndividualAllocation        = false                                  {pd product} {ergonomic}

Logging:
Log output configuration:
 #0: stdout all=warning uptime,level,tags
 #1: stderr all=off uptime,level,tags

Environment Variables:
PATH=C:\Program Files\Common Files\Oracle\Java\javapath;C:\Windows\system32;C:\Windows;C:\Windows\System32\Wbem;C:\Windows\System32\WindowsPowerShell\v1.0\;C:\Windows\System32\OpenSSH\;C:\Program Files (x86)\Microsoft SQL Server\140\Tools\Binn\;C:\Program Files\Microsoft SQL Server\140\Tools\Binn\;C:\Program Files (x86)\Microsoft SQL Server\140\DTS\Binn\;C:\Program Files\Microsoft SQL Server\140\DTS\Binn\;C:\Program Files\Microsoft SQL Server\Client SDK\ODBC\130\Tools\Binn\;C:\Program Files (x86)\Microsoft SQL Server\Client SDK\ODBC\130\Tools\Binn\;C:\Program Files (x86)\Microsoft SQL Server\140\Tools\Binn\ManagementStudio\;C:\Users\adityak\AppData\Local\Microsoft\WindowsApps;
USERNAME=adityak
OS=Windows_NT
PROCESSOR_IDENTIFIER=Intel64 Family 6 Model 60 Stepping 3, GenuineIntel



---------------  S Y S T E M  ---------------

OS:
 Windows 10 , 64 bit Build 19041 (10.0.19041.3155)
OS uptime: 1 days 1:44 hours

CPU: total 4 (initial active 4) (4 cores per cpu, 1 threads per core) family 6 model 60 stepping 3 microcode 0x27, cx8, cmov, fxsr, mmx, sse, sse2, sse3, ssse3, sse4.1, sse4.2, popcnt, lzcnt, tsc, tscinvbit, avx, avx2, aes, erms, clmul, bmi1, bmi2, fma, vzeroupper, clflush

Memory: 4k page, system-wide physical 8082M (443M free)
TotalPageFile size 32658M (AvailPageFile size 168M)
current process WorkingSet (physical memory assigned to process): 351M, peak: 354M
current process commit charge ("private bytes"): 385M, peak: 637M

vm_info: Java HotSpot(TM) 64-Bit Server VM (17.0.2+8-LTS-86) for windows-amd64 JRE (17.0.2+8-LTS-86), built on Dec  7 2021 21:51:03 by "mach5one" with MS VC++ 16.8 / 16.9 (VS2019)

END.
