#
# There is insufficient memory for the Java Runtime Environment to continue.
# Native memory allocation (mmap) failed to map 335544320 bytes for G1 virtual space
# Possible reasons:
#   The system is out of physical RAM or swap space
#   The process is running with CompressedOops enabled, and the Java Heap may be blocking the growth of the native heap
# Possible solutions:
#   Reduce memory load on the system
#   Increase physical memory or swap space
#   Check if swap backing store is full
#   Decrease Java heap size (-Xmx/-Xms)
#   Decrease number of Java threads
#   Decrease Java thread stack sizes (-Xss)
#   Set larger code cache with -XX:ReservedCodeCacheSize=
#   JVM is running with Unscaled Compressed Oops mode in which the Java heap is
#     placed in the first 4GB address space. The Java Heap base address is the
#     maximum limit for the native heap growth. Please use -XX:HeapBaseMinAddress
#     to set the Java Heap base and to place the Java Heap above 4GB virtual address.
# This output file may be truncated or incomplete.
#
#  Out of Memory Error (os_windows.cpp:3532), pid=84280, tid=73280
#
# JRE version: Java(TM) SE Runtime Environment (17.0.2+8) (build 17.0.2+8-LTS-86)
# Java VM: Java HotSpot(TM) 64-Bit Server VM (17.0.2+8-LTS-86, mixed mode, sharing, tiered, compressed oops, compressed class ptrs, g1 gc, windows-amd64)
# No core dump will be written. Minidumps are not enabled by default on client versions of Windows
#

---------------  S U M M A R Y ------------

Command Line: -ea -Dfile.encoding=Cp1252 -XX:+ShowCodeDetailsInExceptionMessages org.testng.remote.RemoteTestNG -serport 57516 -protocol json -d C:\Users\adityak\eclipse-workspace\MahaKhanij\test-output C:\Users\adityak\AppData\Local\Temp\testng-eclipse-1190294004\testng-customsuite.xml

Host: Intel(R) Core(TM) i5-4590 CPU @ 3.30GHz, 4 cores, 7G,  Windows 10 , 64 bit Build 19041 (10.0.19041.3155)
Time: Fri Aug 25 15:25:52 2023 India Standard Time elapsed time: 2.956848 seconds (0d 0h 0m 2s)

---------------  T H R E A D  ---------------

Current thread (0x0000023971c208b0):  VMThread "VM Thread" [stack: 0x000000a362c00000,0x000000a362d00000] [id=73280]

Stack: [0x000000a362c00000,0x000000a362d00000]
Native frames: (J=compiled Java code, j=interpreted, Vv=VM code, C=native code)
V  [jvm.dll+0x670baa]
V  [jvm.dll+0x7cfcb4]
V  [jvm.dll+0x7d145e]
V  [jvm.dll+0x7d1ac3]
V  [jvm.dll+0x242bc5]
V  [jvm.dll+0x66dac9]
V  [jvm.dll+0x662412]
V  [jvm.dll+0x300c0b]
V  [jvm.dll+0x3081a6]
V  [jvm.dll+0x357d0e]
V  [jvm.dll+0x357f3f]
V  [jvm.dll+0x2d7ec8]
V  [jvm.dll+0x2d6194]
V  [jvm.dll+0x2d579c]
V  [jvm.dll+0x3190eb]
V  [jvm.dll+0x7d5f9b]
V  [jvm.dll+0x7d6cd4]
V  [jvm.dll+0x7d71ec]
V  [jvm.dll+0x7d75c4]
V  [jvm.dll+0x7d7690]
V  [jvm.dll+0x77ff7a]
V  [jvm.dll+0x66fa35]
C  [ucrtbase.dll+0x21bb2]
C  [KERNEL32.DLL+0x17614]
C  [ntdll.dll+0x526b1]

VM_Operation (0x000000a3626fd530): G1CollectForAllocation, mode: safepoint, requested by thread 0x00000239524c1050


---------------  P R O C E S S  ---------------

Threads class SMR info:
_java_thread_list=0x0000023972fa7a90, length=14, elements={
0x00000239524c1050, 0x0000023971c26910, 0x0000023971c2a070, 0x0000023971c3c850,
0x0000023971c40f30, 0x0000023971c41c90, 0x0000023971c62260, 0x0000023971c62c00,
0x0000023971c81e70, 0x0000023971cdcf30, 0x00000239728b9930, 0x00000239728c6fe0,
0x0000023972c3ce00, 0x000002397300e0e0
}

Java Threads: ( => current thread )
  0x00000239524c1050 JavaThread "main" [_thread_blocked, id=70520, stack(0x000000a362600000,0x000000a362700000)]
  0x0000023971c26910 JavaThread "Reference Handler" daemon [_thread_blocked, id=91116, stack(0x000000a362d00000,0x000000a362e00000)]
  0x0000023971c2a070 JavaThread "Finalizer" daemon [_thread_blocked, id=88420, stack(0x000000a362e00000,0x000000a362f00000)]
  0x0000023971c3c850 JavaThread "Signal Dispatcher" daemon [_thread_blocked, id=90736, stack(0x000000a362f00000,0x000000a363000000)]
  0x0000023971c40f30 JavaThread "Attach Listener" daemon [_thread_blocked, id=87104, stack(0x000000a363000000,0x000000a363100000)]
  0x0000023971c41c90 JavaThread "Service Thread" daemon [_thread_blocked, id=82844, stack(0x000000a363100000,0x000000a363200000)]
  0x0000023971c62260 JavaThread "Monitor Deflation Thread" daemon [_thread_blocked, id=5468, stack(0x000000a363200000,0x000000a363300000)]
  0x0000023971c62c00 JavaThread "C2 CompilerThread0" daemon [_thread_blocked, id=88540, stack(0x000000a363300000,0x000000a363400000)]
  0x0000023971c81e70 JavaThread "C1 CompilerThread0" daemon [_thread_blocked, id=4956, stack(0x000000a363400000,0x000000a363500000)]
  0x0000023971cdcf30 JavaThread "Sweeper thread" daemon [_thread_blocked, id=79788, stack(0x000000a363500000,0x000000a363600000)]
  0x00000239728b9930 JavaThread "Notification Thread" daemon [_thread_blocked, id=67976, stack(0x000000a363600000,0x000000a363700000)]
  0x00000239728c6fe0 JavaThread "Common-Cleaner" daemon [_thread_blocked, id=78724, stack(0x000000a363800000,0x000000a363900000)]
  0x0000023972c3ce00 JavaThread "C2 CompilerThread1" daemon [_thread_blocked, id=85384, stack(0x000000a363900000,0x000000a363a00000)]
  0x000002397300e0e0 JavaThread "ReaderThread" [_thread_in_native, id=89548, stack(0x000000a363a00000,0x000000a363b00000)]

Other Threads:
=>0x0000023971c208b0 VMThread "VM Thread" [stack: 0x000000a362c00000,0x000000a362d00000] [id=73280]
  0x0000023952516bc0 WatcherThread [stack: 0x000000a363700000,0x000000a363800000] [id=72300]
  0x00000239524fec90 GCTaskThread "GC Thread#0" [stack: 0x000000a362700000,0x000000a362800000] [id=90356]
  0x0000023972c557a0 GCTaskThread "GC Thread#1" [stack: 0x000000a363b00000,0x000000a363c00000] [id=85380]
  0x0000023972f006d0 GCTaskThread "GC Thread#2" [stack: 0x000000a363c00000,0x000000a363d00000] [id=87308]
  0x0000023972f00980 GCTaskThread "GC Thread#3" [stack: 0x000000a363d00000,0x000000a363e00000] [id=87988]
  0x0000023952510030 ConcurrentGCThread "G1 Main Marker" [stack: 0x000000a362800000,0x000000a362900000] [id=89192]
  0x0000023952510a40 ConcurrentGCThread "G1 Conc#0" [stack: 0x000000a362900000,0x000000a362a00000] [id=87760]
  0x00000239525889f0 ConcurrentGCThread "G1 Refine#0" [stack: 0x000000a362a00000,0x000000a362b00000] [id=92284]
  0x00000239740379f0 ConcurrentGCThread "G1 Refine#1" [stack: 0x000000a363e00000,0x000000a363f00000] [id=71488]
  0x0000023973829830 ConcurrentGCThread "G1 Refine#2" [stack: 0x000000a363f00000,0x000000a364000000] [id=70052]
  0x000002397519b500 ConcurrentGCThread "G1 Refine#3" [stack: 0x000000a364000000,0x000000a364100000] [id=2204]
  0x0000023952589410 ConcurrentGCThread "G1 Service" [stack: 0x000000a362b00000,0x000000a362c00000] [id=84552]

Threads with active compile tasks:
C2 CompilerThread0     2973 2560       4       org.apache.xmlbeans.impl.values.XmlObjectBase::check_element_dated (95 bytes)
C2 CompilerThread1     2973 2554   !   4       org.apache.xmlbeans.impl.values.XmlObjectBase::check_dated (270 bytes)

VM state: at safepoint (normal execution)

VM Mutex/Monitor currently owned by a thread:  ([mutex/lock_event])
[0x00000239524bd540] Threads_lock - owner thread: 0x0000023971c208b0
[0x00000239524bc340] Heap_lock - owner thread: 0x00000239524c1050

Heap address: 0x0000000081a00000, size: 2022 MB, Compressed Oops mode: 32-bit

CDS archive(s) mapped at: [0x0000000800000000-0x0000000800bc0000-0x0000000800bc0000), size 12320768, SharedBaseAddress: 0x0000000800000000, ArchiveRelocationMode: 0.
Compressed class space mapped at: 0x0000000800c00000-0x0000000840c00000, reserved size: 1073741824
Narrow klass base: 0x0000000800000000, Narrow klass shift: 0, Narrow klass range: 0x100000000

GC Precious Log:
 CPUs: 4 total, 4 available
 Memory: 8082M
 Large Page Support: Disabled
 NUMA Support: Disabled
 Compressed Oops: Enabled (32-bit)
 Heap Region Size: 1M
 Heap Min Capacity: 8M
 Heap Initial Capacity: 128M
 Heap Max Capacity: 2022M
 Pre-touch: Disabled
 Parallel Workers: 4
 Concurrent Workers: 1
 Concurrent Refinement Workers: 4
 Periodic GC: Disabled

Heap:
 garbage-first heap   total 245760K, used 154112K [0x0000000081a00000, 0x0000000100000000)
  region size 1024K, 5 young (5120K), 5 survivors (5120K)
 Metaspace       used 14290K, committed 14464K, reserved 1064960K
  class space    used 1606K, committed 1664K, reserved 1048576K

Heap Regions: E=young(eden), S=young(survivor), O=old, HS=humongous(starts), HC=humongous(continues), CS=collection set, F=free, OA=open archive, CA=closed archive, TAMS=top-at-mark-start (previous, next)
|   0|0x0000000081a00000, 0x0000000081b00000, 0x0000000081b00000|100%| O|  |TAMS 0x0000000081b00000, 0x0000000081b00000| Untracked 
|   1|0x0000000081b00000, 0x0000000081c00000, 0x0000000081c00000|100%| O|  |TAMS 0x0000000081c00000, 0x0000000081c00000| Untracked 
|   2|0x0000000081c00000, 0x0000000081d00000, 0x0000000081d00000|100%| O|  |TAMS 0x0000000081d00000, 0x0000000081d00000| Untracked 
|   3|0x0000000081d00000, 0x0000000081e00000, 0x0000000081e00000|100%| O|  |TAMS 0x0000000081e00000, 0x0000000081e00000| Untracked 
|   4|0x0000000081e00000, 0x0000000081f00000, 0x0000000081f00000|100%| O|  |TAMS 0x0000000081f00000, 0x0000000081f00000| Untracked 
|   5|0x0000000081f00000, 0x0000000082000000, 0x0000000082000000|100%| O|  |TAMS 0x0000000082000000, 0x0000000082000000| Untracked 
|   6|0x0000000082000000, 0x0000000082100000, 0x0000000082100000|100%| O|  |TAMS 0x0000000082100000, 0x0000000082100000| Untracked 
|   7|0x0000000082100000, 0x0000000082200000, 0x0000000082200000|100%| O|  |TAMS 0x0000000082200000, 0x0000000082200000| Untracked 
|   8|0x0000000082200000, 0x0000000082300000, 0x0000000082300000|100%|HS|  |TAMS 0x0000000082300000, 0x0000000082300000| Complete 
|   9|0x0000000082300000, 0x0000000082400000, 0x0000000082400000|100%| O|  |TAMS 0x0000000082400000, 0x0000000082400000| Untracked 
|  10|0x0000000082400000, 0x0000000082500000, 0x0000000082500000|100%| O|  |TAMS 0x0000000082500000, 0x0000000082500000| Untracked 
|  11|0x0000000082500000, 0x0000000082600000, 0x0000000082600000|100%| O|  |TAMS 0x0000000082600000, 0x0000000082600000| Untracked 
|  12|0x0000000082600000, 0x0000000082700000, 0x0000000082700000|100%| O|  |TAMS 0x0000000082700000, 0x0000000082700000| Untracked 
|  13|0x0000000082700000, 0x0000000082800000, 0x0000000082800000|100%| O|  |TAMS 0x0000000082800000, 0x0000000082800000| Untracked 
|  14|0x0000000082800000, 0x0000000082900000, 0x0000000082900000|100%| O|  |TAMS 0x0000000082900000, 0x0000000082900000| Untracked 
|  15|0x0000000082900000, 0x0000000082a00000, 0x0000000082a00000|100%| O|  |TAMS 0x0000000082a00000, 0x0000000082a00000| Untracked 
|  16|0x0000000082a00000, 0x0000000082b00000, 0x0000000082b00000|100%| O|  |TAMS 0x0000000082b00000, 0x0000000082b00000| Untracked 
|  17|0x0000000082b00000, 0x0000000082c00000, 0x0000000082c00000|100%| O|  |TAMS 0x0000000082c00000, 0x0000000082c00000| Untracked 
|  18|0x0000000082c00000, 0x0000000082d00000, 0x0000000082d00000|100%|HS|  |TAMS 0x0000000082d00000, 0x0000000082d00000| Complete 
|  19|0x0000000082d00000, 0x0000000082e00000, 0x0000000082e00000|100%|HC|  |TAMS 0x0000000082e00000, 0x0000000082e00000| Complete 
|  20|0x0000000082e00000, 0x0000000082f00000, 0x0000000082f00000|100%|HC|  |TAMS 0x0000000082f00000, 0x0000000082f00000| Complete 
|  21|0x0000000082f00000, 0x0000000083000000, 0x0000000083000000|100%|HC|  |TAMS 0x0000000083000000, 0x0000000083000000| Complete 
|  22|0x0000000083000000, 0x0000000083100000, 0x0000000083100000|100%|HC|  |TAMS 0x0000000083100000, 0x0000000083100000| Complete 
|  23|0x0000000083100000, 0x0000000083200000, 0x0000000083200000|100%|HC|  |TAMS 0x0000000083200000, 0x0000000083200000| Complete 
|  24|0x0000000083200000, 0x0000000083300000, 0x0000000083300000|100%|HC|  |TAMS 0x0000000083300000, 0x0000000083300000| Complete 
|  25|0x0000000083300000, 0x0000000083400000, 0x0000000083400000|100%|HC|  |TAMS 0x0000000083400000, 0x0000000083400000| Complete 
|  26|0x0000000083400000, 0x0000000083500000, 0x0000000083500000|100%|HC|  |TAMS 0x0000000083500000, 0x0000000083500000| Complete 
|  27|0x0000000083500000, 0x0000000083600000, 0x0000000083600000|100%| O|  |TAMS 0x0000000083600000, 0x0000000083600000| Untracked 
|  28|0x0000000083600000, 0x0000000083700000, 0x0000000083700000|100%| O|  |TAMS 0x0000000083700000, 0x0000000083700000| Untracked 
|  29|0x0000000083700000, 0x0000000083800000, 0x0000000083800000|100%| O|  |TAMS 0x0000000083800000, 0x0000000083800000| Untracked 
|  30|0x0000000083800000, 0x0000000083900000, 0x0000000083900000|100%| O|  |TAMS 0x0000000083900000, 0x0000000083900000| Untracked 
|  31|0x0000000083900000, 0x0000000083a00000, 0x0000000083a00000|100%| O|  |TAMS 0x0000000083a00000, 0x0000000083a00000| Untracked 
|  32|0x0000000083a00000, 0x0000000083b00000, 0x0000000083b00000|100%| O|  |TAMS 0x0000000083b00000, 0x0000000083b00000| Untracked 
|  33|0x0000000083b00000, 0x0000000083c00000, 0x0000000083c00000|100%| O|  |TAMS 0x0000000083c00000, 0x0000000083c00000| Untracked 
|  34|0x0000000083c00000, 0x0000000083d00000, 0x0000000083d00000|100%| O|  |TAMS 0x0000000083d00000, 0x0000000083d00000| Untracked 
|  35|0x0000000083d00000, 0x0000000083e00000, 0x0000000083e00000|100%| O|  |TAMS 0x0000000083e00000, 0x0000000083e00000| Untracked 
|  36|0x0000000083e00000, 0x0000000083f00000, 0x0000000083f00000|100%| O|  |TAMS 0x0000000083f00000, 0x0000000083f00000| Untracked 
|  37|0x0000000083f00000, 0x0000000084000000, 0x0000000084000000|100%| O|  |TAMS 0x0000000084000000, 0x0000000084000000| Untracked 
|  38|0x0000000084000000, 0x0000000084100000, 0x0000000084100000|100%| O|  |TAMS 0x0000000084100000, 0x0000000084100000| Untracked 
|  39|0x0000000084100000, 0x0000000084200000, 0x0000000084200000|100%| O|  |TAMS 0x0000000084200000, 0x0000000084200000| Untracked 
|  40|0x0000000084200000, 0x0000000084300000, 0x0000000084300000|100%| O|  |TAMS 0x0000000084300000, 0x0000000084300000| Untracked 
|  41|0x0000000084300000, 0x0000000084400000, 0x0000000084400000|100%| O|  |TAMS 0x0000000084400000, 0x0000000084400000| Untracked 
|  42|0x0000000084400000, 0x0000000084500000, 0x0000000084500000|100%| O|  |TAMS 0x0000000084500000, 0x0000000084500000| Untracked 
|  43|0x0000000084500000, 0x0000000084600000, 0x0000000084600000|100%| O|  |TAMS 0x0000000084600000, 0x0000000084600000| Untracked 
|  44|0x0000000084600000, 0x0000000084700000, 0x0000000084700000|100%| O|  |TAMS 0x0000000084700000, 0x0000000084700000| Untracked 
|  45|0x0000000084700000, 0x0000000084800000, 0x0000000084800000|100%| O|  |TAMS 0x0000000084800000, 0x0000000084800000| Untracked 
|  46|0x0000000084800000, 0x0000000084900000, 0x0000000084900000|100%| O|  |TAMS 0x0000000084900000, 0x0000000084900000| Untracked 
|  47|0x0000000084900000, 0x0000000084a00000, 0x0000000084a00000|100%| O|  |TAMS 0x0000000084a00000, 0x0000000084a00000| Untracked 
|  48|0x0000000084a00000, 0x0000000084b00000, 0x0000000084b00000|100%| O|  |TAMS 0x0000000084b00000, 0x0000000084b00000| Untracked 
|  49|0x0000000084b00000, 0x0000000084c00000, 0x0000000084c00000|100%| O|  |TAMS 0x0000000084c00000, 0x0000000084c00000| Untracked 
|  50|0x0000000084c00000, 0x0000000084d00000, 0x0000000084d00000|100%| O|  |TAMS 0x0000000084d00000, 0x0000000084d00000| Untracked 
|  51|0x0000000084d00000, 0x0000000084e00000, 0x0000000084e00000|100%| O|  |TAMS 0x0000000084e00000, 0x0000000084e00000| Untracked 
|  52|0x0000000084e00000, 0x0000000084f00000, 0x0000000084f00000|100%| O|  |TAMS 0x0000000084f00000, 0x0000000084f00000| Untracked 
|  53|0x0000000084f00000, 0x0000000085000000, 0x0000000085000000|100%| O|  |TAMS 0x0000000085000000, 0x0000000085000000| Untracked 
|  54|0x0000000085000000, 0x0000000085100000, 0x0000000085100000|100%| O|  |TAMS 0x0000000085100000, 0x0000000085100000| Untracked 
|  55|0x0000000085100000, 0x0000000085200000, 0x0000000085200000|100%| O|  |TAMS 0x0000000085100000, 0x0000000085200000| Untracked 
|  56|0x0000000085200000, 0x0000000085300000, 0x0000000085300000|100%| O|  |TAMS 0x0000000085200000, 0x0000000085300000| Untracked 
|  57|0x0000000085300000, 0x0000000085400000, 0x0000000085400000|100%| O|  |TAMS 0x0000000085300000, 0x0000000085400000| Untracked 
|  58|0x0000000085400000, 0x0000000085500000, 0x0000000085500000|100%| O|  |TAMS 0x0000000085400000, 0x0000000085500000| Untracked 
|  59|0x0000000085500000, 0x0000000085600000, 0x0000000085600000|100%| O|  |TAMS 0x0000000085500000, 0x0000000085600000| Untracked 
|  60|0x0000000085600000, 0x0000000085700000, 0x0000000085700000|100%| O|  |TAMS 0x0000000085600000, 0x0000000085700000| Untracked 
|  61|0x0000000085700000, 0x0000000085800000, 0x0000000085800000|100%| O|  |TAMS 0x0000000085700000, 0x0000000085800000| Untracked 
|  62|0x0000000085800000, 0x0000000085900000, 0x0000000085900000|100%| O|  |TAMS 0x0000000085800000, 0x0000000085900000| Untracked 
|  63|0x0000000085900000, 0x0000000085a00000, 0x0000000085a00000|100%| O|  |TAMS 0x0000000085900000, 0x0000000085a00000| Untracked 
|  64|0x0000000085a00000, 0x0000000085b00000, 0x0000000085b00000|100%| O|  |TAMS 0x0000000085a00000, 0x0000000085b00000| Untracked 
|  65|0x0000000085b00000, 0x0000000085c00000, 0x0000000085c00000|100%| O|  |TAMS 0x0000000085b00000, 0x0000000085c00000| Untracked 
|  66|0x0000000085c00000, 0x0000000085d00000, 0x0000000085d00000|100%| O|  |TAMS 0x0000000085c00000, 0x0000000085d00000| Untracked 
|  67|0x0000000085d00000, 0x0000000085e00000, 0x0000000085e00000|100%| O|  |TAMS 0x0000000085d00000, 0x0000000085e00000| Untracked 
|  68|0x0000000085e00000, 0x0000000085f00000, 0x0000000085f00000|100%| O|  |TAMS 0x0000000085e00000, 0x0000000085f00000| Untracked 
|  69|0x0000000085f00000, 0x0000000086000000, 0x0000000086000000|100%| O|  |TAMS 0x0000000085f00000, 0x0000000086000000| Untracked 
|  70|0x0000000086000000, 0x0000000086100000, 0x0000000086100000|100%| O|  |TAMS 0x0000000086000000, 0x0000000086100000| Untracked 
|  71|0x0000000086100000, 0x0000000086200000, 0x0000000086200000|100%| O|  |TAMS 0x0000000086100000, 0x0000000086200000| Untracked 
|  72|0x0000000086200000, 0x0000000086300000, 0x0000000086300000|100%| O|  |TAMS 0x0000000086200000, 0x0000000086300000| Untracked 
|  73|0x0000000086300000, 0x0000000086400000, 0x0000000086400000|100%| O|  |TAMS 0x0000000086300000, 0x0000000086400000| Untracked 
|  74|0x0000000086400000, 0x0000000086500000, 0x0000000086500000|100%| O|  |TAMS 0x0000000086400000, 0x0000000086500000| Untracked 
|  75|0x0000000086500000, 0x0000000086600000, 0x0000000086600000|100%| O|  |TAMS 0x0000000086500000, 0x0000000086600000| Untracked 
|  76|0x0000000086600000, 0x0000000086700000, 0x0000000086700000|100%| O|  |TAMS 0x0000000086600000, 0x0000000086700000| Untracked 
|  77|0x0000000086700000, 0x0000000086800000, 0x0000000086800000|100%| O|  |TAMS 0x0000000086700000, 0x0000000086780000| Untracked 
|  78|0x0000000086800000, 0x0000000086900000, 0x0000000086900000|100%| O|  |TAMS 0x0000000086800000, 0x0000000086800000| Untracked 
|  79|0x0000000086900000, 0x0000000086a00000, 0x0000000086a00000|100%| O|  |TAMS 0x0000000086900000, 0x0000000086900000| Untracked 
|  80|0x0000000086a00000, 0x0000000086b00000, 0x0000000086b00000|100%| O|  |TAMS 0x0000000086a00000, 0x0000000086b00000| Untracked 
|  81|0x0000000086b00000, 0x0000000086c00000, 0x0000000086c00000|100%| O|  |TAMS 0x0000000086b00000, 0x0000000086c00000| Untracked 
|  82|0x0000000086c00000, 0x0000000086d00000, 0x0000000086d00000|100%| O|  |TAMS 0x0000000086c00000, 0x0000000086d00000| Untracked 
|  83|0x0000000086d00000, 0x0000000086e00000, 0x0000000086e00000|100%| O|  |TAMS 0x0000000086d00000, 0x0000000086e00000| Untracked 
|  84|0x0000000086e00000, 0x0000000086f00000, 0x0000000086f00000|100%| O|  |TAMS 0x0000000086e00000, 0x0000000086f00000| Untracked 
|  85|0x0000000086f00000, 0x0000000087000000, 0x0000000087000000|100%| O|  |TAMS 0x0000000086f00000, 0x0000000087000000| Untracked 
|  86|0x0000000087000000, 0x0000000087100000, 0x0000000087100000|100%| O|  |TAMS 0x0000000087000000, 0x0000000087100000| Untracked 
|  87|0x0000000087100000, 0x0000000087200000, 0x0000000087200000|100%| O|  |TAMS 0x0000000087100000, 0x0000000087200000| Untracked 
|  88|0x0000000087200000, 0x0000000087300000, 0x0000000087300000|100%| O|  |TAMS 0x0000000087200000, 0x0000000087300000| Untracked 
|  89|0x0000000087300000, 0x0000000087400000, 0x0000000087400000|100%| O|  |TAMS 0x0000000087300000, 0x0000000087400000| Untracked 
|  90|0x0000000087400000, 0x0000000087500000, 0x0000000087500000|100%| O|  |TAMS 0x0000000087400000, 0x0000000087500000| Untracked 
|  91|0x0000000087500000, 0x0000000087600000, 0x0000000087600000|100%| O|  |TAMS 0x0000000087500000, 0x0000000087600000| Untracked 
|  92|0x0000000087600000, 0x0000000087700000, 0x0000000087700000|100%| O|  |TAMS 0x0000000087600000, 0x0000000087700000| Untracked 
|  93|0x0000000087700000, 0x0000000087800000, 0x0000000087800000|100%| O|  |TAMS 0x0000000087700000, 0x0000000087800000| Untracked 
|  94|0x0000000087800000, 0x0000000087900000, 0x0000000087900000|100%| O|  |TAMS 0x0000000087800000, 0x0000000087900000| Untracked 
|  95|0x0000000087900000, 0x0000000087a00000, 0x0000000087a00000|100%| O|  |TAMS 0x0000000087900000, 0x0000000087a00000| Untracked 
|  96|0x0000000087a00000, 0x0000000087b00000, 0x0000000087b00000|100%| O|  |TAMS 0x0000000087a00000, 0x0000000087b00000| Untracked 
|  97|0x0000000087b00000, 0x0000000087c00000, 0x0000000087c00000|100%| O|  |TAMS 0x0000000087b00000, 0x0000000087c00000| Untracked 
|  98|0x0000000087c00000, 0x0000000087d00000, 0x0000000087d00000|100%| O|  |TAMS 0x0000000087c00000, 0x0000000087d00000| Untracked 
|  99|0x0000000087d00000, 0x0000000087e00000, 0x0000000087e00000|100%| O|  |TAMS 0x0000000087d00000, 0x0000000087d00000| Untracked 
| 100|0x0000000087e00000, 0x0000000087f00000, 0x0000000087f00000|100%| O|  |TAMS 0x0000000087e00000, 0x0000000087e00000| Untracked 
| 101|0x0000000087f00000, 0x0000000088000000, 0x0000000088000000|100%| O|  |TAMS 0x0000000087f00000, 0x0000000087f00000| Untracked 
| 102|0x0000000088000000, 0x0000000088100000, 0x0000000088100000|100%| O|  |TAMS 0x0000000088000000, 0x0000000088000000| Untracked 
| 103|0x0000000088100000, 0x0000000088200000, 0x0000000088200000|100%| O|  |TAMS 0x0000000088100000, 0x0000000088100000| Untracked 
| 104|0x0000000088200000, 0x0000000088300000, 0x0000000088300000|100%| O|  |TAMS 0x0000000088200000, 0x0000000088200000| Untracked 
| 105|0x0000000088300000, 0x0000000088380000, 0x0000000088400000| 50%| O|  |TAMS 0x0000000088300000, 0x0000000088300000| Untracked 
| 106|0x0000000088400000, 0x0000000088400000, 0x0000000088500000|  0%| F|  |TAMS 0x0000000088400000, 0x0000000088400000| Untracked 
| 107|0x0000000088500000, 0x0000000088500000, 0x0000000088600000|  0%| F|  |TAMS 0x0000000088500000, 0x0000000088500000| Untracked 
| 108|0x0000000088600000, 0x0000000088600000, 0x0000000088700000|  0%| F|  |TAMS 0x0000000088600000, 0x0000000088600000| Untracked 
| 109|0x0000000088700000, 0x0000000088700000, 0x0000000088800000|  0%| F|  |TAMS 0x0000000088700000, 0x0000000088700000| Untracked 
| 110|0x0000000088800000, 0x0000000088800000, 0x0000000088900000|  0%| F|  |TAMS 0x0000000088800000, 0x0000000088800000| Untracked 
| 111|0x0000000088900000, 0x0000000088900000, 0x0000000088a00000|  0%| F|  |TAMS 0x0000000088900000, 0x0000000088900000| Untracked 
| 112|0x0000000088a00000, 0x0000000088a00000, 0x0000000088b00000|  0%| F|  |TAMS 0x0000000088a00000, 0x0000000088a00000| Untracked 
| 113|0x0000000088b00000, 0x0000000088b00000, 0x0000000088c00000|  0%| F|  |TAMS 0x0000000088b00000, 0x0000000088b00000| Untracked 
| 114|0x0000000088c00000, 0x0000000088c00000, 0x0000000088d00000|  0%| F|  |TAMS 0x0000000088c00000, 0x0000000088c00000| Untracked 
| 115|0x0000000088d00000, 0x0000000088d00000, 0x0000000088e00000|  0%| F|  |TAMS 0x0000000088d00000, 0x0000000088d00000| Untracked 
| 116|0x0000000088e00000, 0x0000000088e00000, 0x0000000088f00000|  0%| F|  |TAMS 0x0000000088e00000, 0x0000000088e00000| Untracked 
| 117|0x0000000088f00000, 0x0000000088f00000, 0x0000000089000000|  0%| F|  |TAMS 0x0000000088f00000, 0x0000000088f00000| Untracked 
| 118|0x0000000089000000, 0x0000000089000000, 0x0000000089100000|  0%| F|  |TAMS 0x0000000089000000, 0x0000000089000000| Untracked 
| 119|0x0000000089100000, 0x0000000089100000, 0x0000000089200000|  0%| F|  |TAMS 0x0000000089100000, 0x0000000089100000| Untracked 
| 120|0x0000000089200000, 0x0000000089200000, 0x0000000089300000|  0%| F|  |TAMS 0x0000000089200000, 0x0000000089200000| Untracked 
| 121|0x0000000089300000, 0x0000000089300000, 0x0000000089400000|  0%| F|  |TAMS 0x0000000089300000, 0x0000000089300000| Untracked 
| 122|0x0000000089400000, 0x0000000089400000, 0x0000000089500000|  0%| F|  |TAMS 0x0000000089400000, 0x0000000089400000| Untracked 
| 123|0x0000000089500000, 0x0000000089500000, 0x0000000089600000|  0%| F|  |TAMS 0x0000000089500000, 0x0000000089500000| Untracked 
| 124|0x0000000089600000, 0x0000000089600000, 0x0000000089700000|  0%| F|  |TAMS 0x0000000089600000, 0x0000000089600000| Untracked 
| 125|0x0000000089700000, 0x0000000089700000, 0x0000000089800000|  0%| F|  |TAMS 0x0000000089700000, 0x0000000089700000| Untracked 
| 126|0x0000000089800000, 0x0000000089800000, 0x0000000089900000|  0%| F|  |TAMS 0x0000000089800000, 0x0000000089800000| Untracked 
| 127|0x0000000089900000, 0x0000000089900000, 0x0000000089a00000|  0%| F|  |TAMS 0x0000000089900000, 0x0000000089900000| Untracked 
| 128|0x0000000089a00000, 0x0000000089a00000, 0x0000000089b00000|  0%| F|  |TAMS 0x0000000089a00000, 0x0000000089a00000| Untracked 
| 129|0x0000000089b00000, 0x0000000089b00000, 0x0000000089c00000|  0%| F|  |TAMS 0x0000000089b00000, 0x0000000089b00000| Untracked 
| 130|0x0000000089c00000, 0x0000000089c00000, 0x0000000089d00000|  0%| F|  |TAMS 0x0000000089c00000, 0x0000000089c00000| Untracked 
| 131|0x0000000089d00000, 0x0000000089d00000, 0x0000000089e00000|  0%| F|  |TAMS 0x0000000089d00000, 0x0000000089d00000| Untracked 
| 132|0x0000000089e00000, 0x0000000089e00000, 0x0000000089f00000|  0%| F|  |TAMS 0x0000000089e00000, 0x0000000089e00000| Untracked 
| 133|0x0000000089f00000, 0x0000000089f00000, 0x000000008a000000|  0%| F|  |TAMS 0x0000000089f00000, 0x0000000089f00000| Untracked 
| 134|0x000000008a000000, 0x000000008a000000, 0x000000008a100000|  0%| F|  |TAMS 0x000000008a000000, 0x000000008a000000| Untracked 
| 135|0x000000008a100000, 0x000000008a100000, 0x000000008a200000|  0%| F|  |TAMS 0x000000008a100000, 0x000000008a100000| Untracked 
| 136|0x000000008a200000, 0x000000008a200000, 0x000000008a300000|  0%| F|  |TAMS 0x000000008a200000, 0x000000008a200000| Untracked 
| 137|0x000000008a300000, 0x000000008a300000, 0x000000008a400000|  0%| F|  |TAMS 0x000000008a300000, 0x000000008a300000| Untracked 
| 138|0x000000008a400000, 0x000000008a400000, 0x000000008a500000|  0%| F|  |TAMS 0x000000008a400000, 0x000000008a400000| Untracked 
| 139|0x000000008a500000, 0x000000008a500000, 0x000000008a600000|  0%| F|  |TAMS 0x000000008a500000, 0x000000008a500000| Untracked 
| 140|0x000000008a600000, 0x000000008a600000, 0x000000008a700000|  0%| F|  |TAMS 0x000000008a600000, 0x000000008a600000| Untracked 
| 141|0x000000008a700000, 0x000000008a700000, 0x000000008a800000|  0%| F|  |TAMS 0x000000008a700000, 0x000000008a700000| Untracked 
| 142|0x000000008a800000, 0x000000008a800000, 0x000000008a900000|  0%| F|  |TAMS 0x000000008a800000, 0x000000008a800000| Untracked 
| 143|0x000000008a900000, 0x000000008a900000, 0x000000008aa00000|  0%| F|  |TAMS 0x000000008a900000, 0x000000008a900000| Untracked 
| 144|0x000000008aa00000, 0x000000008aa00000, 0x000000008ab00000|  0%| F|  |TAMS 0x000000008aa00000, 0x000000008aa00000| Untracked 
| 145|0x000000008ab00000, 0x000000008ab00000, 0x000000008ac00000|  0%| F|  |TAMS 0x000000008ab00000, 0x000000008ab00000| Untracked 
| 146|0x000000008ac00000, 0x000000008ac00000, 0x000000008ad00000|  0%| F|  |TAMS 0x000000008ac00000, 0x000000008ac00000| Untracked 
| 147|0x000000008ad00000, 0x000000008ad00000, 0x000000008ae00000|  0%| F|  |TAMS 0x000000008ad00000, 0x000000008ad00000| Untracked 
| 148|0x000000008ae00000, 0x000000008ae00000, 0x000000008af00000|  0%| F|  |TAMS 0x000000008ae00000, 0x000000008ae00000| Untracked 
| 149|0x000000008af00000, 0x000000008af00000, 0x000000008b000000|  0%| F|  |TAMS 0x000000008af00000, 0x000000008af00000| Untracked 
| 150|0x000000008b000000, 0x000000008b000000, 0x000000008b100000|  0%| F|  |TAMS 0x000000008b000000, 0x000000008b000000| Untracked 
| 151|0x000000008b100000, 0x000000008b100000, 0x000000008b200000|  0%| F|  |TAMS 0x000000008b100000, 0x000000008b100000| Untracked 
| 152|0x000000008b200000, 0x000000008b200000, 0x000000008b300000|  0%| F|  |TAMS 0x000000008b200000, 0x000000008b200000| Untracked 
| 153|0x000000008b300000, 0x000000008b300000, 0x000000008b400000|  0%| F|  |TAMS 0x000000008b300000, 0x000000008b300000| Untracked 
| 154|0x000000008b400000, 0x000000008b400000, 0x000000008b500000|  0%| F|  |TAMS 0x000000008b400000, 0x000000008b400000| Untracked 
| 155|0x000000008b500000, 0x000000008b500000, 0x000000008b600000|  0%| F|  |TAMS 0x000000008b500000, 0x000000008b500000| Untracked 
| 156|0x000000008b600000, 0x000000008b600000, 0x000000008b700000|  0%| F|  |TAMS 0x000000008b600000, 0x000000008b600000| Untracked 
| 157|0x000000008b700000, 0x000000008b700000, 0x000000008b800000|  0%| F|  |TAMS 0x000000008b700000, 0x000000008b700000| Untracked 
| 158|0x000000008b800000, 0x000000008b900000, 0x000000008b900000|100%| S|CS|TAMS 0x000000008b800000, 0x000000008b800000| Complete 
| 159|0x000000008b900000, 0x000000008ba00000, 0x000000008ba00000|100%| S|CS|TAMS 0x000000008b900000, 0x000000008b900000| Complete 
| 160|0x000000008ba00000, 0x000000008bb00000, 0x000000008bb00000|100%| S|CS|TAMS 0x000000008ba00000, 0x000000008ba00000| Complete 
| 161|0x000000008bb00000, 0x000000008bc00000, 0x000000008bc00000|100%| S|CS|TAMS 0x000000008bb00000, 0x000000008bb00000| Complete 
| 162|0x000000008bc00000, 0x000000008bd00000, 0x000000008bd00000|100%| S|CS|TAMS 0x000000008bc00000, 0x000000008bc00000| Complete 
| 163|0x000000008bd00000, 0x000000008bd00000, 0x000000008be00000|  0%| F|  |TAMS 0x000000008bd00000, 0x000000008bd00000| Untracked 
| 164|0x000000008be00000, 0x000000008be00000, 0x000000008bf00000|  0%| F|  |TAMS 0x000000008be00000, 0x000000008be00000| Untracked 
| 165|0x000000008bf00000, 0x000000008bf00000, 0x000000008c000000|  0%| F|  |TAMS 0x000000008bf00000, 0x000000008bf00000| Untracked 
| 166|0x000000008c000000, 0x000000008c000000, 0x000000008c100000|  0%| F|  |TAMS 0x000000008c000000, 0x000000008c000000| Untracked 
| 167|0x000000008c100000, 0x000000008c100000, 0x000000008c200000|  0%| F|  |TAMS 0x000000008c100000, 0x000000008c100000| Untracked 
| 168|0x000000008c200000, 0x000000008c200000, 0x000000008c300000|  0%| F|  |TAMS 0x000000008c200000, 0x000000008c200000| Untracked 
| 169|0x000000008c300000, 0x000000008c300000, 0x000000008c400000|  0%| F|  |TAMS 0x000000008c300000, 0x000000008c300000| Untracked 
| 170|0x000000008c400000, 0x000000008c400000, 0x000000008c500000|  0%| F|  |TAMS 0x000000008c400000, 0x000000008c400000| Untracked 
| 171|0x000000008c500000, 0x000000008c500000, 0x000000008c600000|  0%| F|  |TAMS 0x000000008c500000, 0x000000008c500000| Untracked 
| 172|0x000000008c600000, 0x000000008c600000, 0x000000008c700000|  0%| F|  |TAMS 0x000000008c600000, 0x000000008c600000| Untracked 
| 173|0x000000008c700000, 0x000000008c700000, 0x000000008c800000|  0%| F|  |TAMS 0x000000008c700000, 0x000000008c700000| Untracked 
| 174|0x000000008c800000, 0x000000008c800000, 0x000000008c900000|  0%| F|  |TAMS 0x000000008c800000, 0x000000008c800000| Untracked 
| 175|0x000000008c900000, 0x000000008c900000, 0x000000008ca00000|  0%| F|  |TAMS 0x000000008c900000, 0x000000008c900000| Untracked 
| 176|0x000000008ca00000, 0x000000008ca00000, 0x000000008cb00000|  0%| F|  |TAMS 0x000000008ca00000, 0x000000008ca00000| Untracked 
| 177|0x000000008cb00000, 0x000000008cb00000, 0x000000008cc00000|  0%| F|  |TAMS 0x000000008cb00000, 0x000000008cb00000| Untracked 
| 178|0x000000008cc00000, 0x000000008cc00000, 0x000000008cd00000|  0%| F|  |TAMS 0x000000008cc00000, 0x000000008cc00000| Untracked 
| 179|0x000000008cd00000, 0x000000008cd00000, 0x000000008ce00000|  0%| F|  |TAMS 0x000000008cd00000, 0x000000008cd00000| Untracked 
| 180|0x000000008ce00000, 0x000000008ce00000, 0x000000008cf00000|  0%| F|  |TAMS 0x000000008ce00000, 0x000000008ce00000| Untracked 
| 181|0x000000008cf00000, 0x000000008cf00000, 0x000000008d000000|  0%| F|  |TAMS 0x000000008cf00000, 0x000000008cf00000| Untracked 
| 182|0x000000008d000000, 0x000000008d000000, 0x000000008d100000|  0%| F|  |TAMS 0x000000008d000000, 0x000000008d000000| Untracked 
| 183|0x000000008d100000, 0x000000008d100000, 0x000000008d200000|  0%| F|  |TAMS 0x000000008d100000, 0x000000008d100000| Untracked 
| 184|0x000000008d200000, 0x000000008d200000, 0x000000008d300000|  0%| F|  |TAMS 0x000000008d200000, 0x000000008d200000| Untracked 
| 185|0x000000008d300000, 0x000000008d300000, 0x000000008d400000|  0%| F|  |TAMS 0x000000008d300000, 0x000000008d300000| Untracked 
| 186|0x000000008d400000, 0x000000008d400000, 0x000000008d500000|  0%| F|  |TAMS 0x000000008d400000, 0x000000008d400000| Untracked 
| 187|0x000000008d500000, 0x000000008d500000, 0x000000008d600000|  0%| F|  |TAMS 0x000000008d500000, 0x000000008d500000| Untracked 
| 188|0x000000008d600000, 0x000000008d600000, 0x000000008d700000|  0%| F|  |TAMS 0x000000008d600000, 0x000000008d600000| Untracked 
| 189|0x000000008d700000, 0x000000008d700000, 0x000000008d800000|  0%| F|  |TAMS 0x000000008d700000, 0x000000008d700000| Untracked 
| 190|0x000000008d800000, 0x000000008d800000, 0x000000008d900000|  0%| F|  |TAMS 0x000000008d800000, 0x000000008d800000| Untracked 
| 191|0x000000008d900000, 0x000000008d900000, 0x000000008da00000|  0%| F|  |TAMS 0x000000008d900000, 0x000000008d900000| Untracked 
| 192|0x000000008da00000, 0x000000008da00000, 0x000000008db00000|  0%| F|  |TAMS 0x000000008da00000, 0x000000008da00000| Untracked 
| 193|0x000000008db00000, 0x000000008db00000, 0x000000008dc00000|  0%| F|  |TAMS 0x000000008db00000, 0x000000008db00000| Untracked 
| 194|0x000000008dc00000, 0x000000008dc00000, 0x000000008dd00000|  0%| F|  |TAMS 0x000000008dc00000, 0x000000008dc00000| Untracked 
| 195|0x000000008dd00000, 0x000000008dd00000, 0x000000008de00000|  0%| F|  |TAMS 0x000000008dd00000, 0x000000008dd00000| Untracked 
| 196|0x000000008de00000, 0x000000008de00000, 0x000000008df00000|  0%| F|  |TAMS 0x000000008de00000, 0x000000008de00000| Untracked 
| 197|0x000000008df00000, 0x000000008df00000, 0x000000008e000000|  0%| F|  |TAMS 0x000000008df00000, 0x000000008df00000| Untracked 
| 198|0x000000008e000000, 0x000000008e000000, 0x000000008e100000|  0%| F|  |TAMS 0x000000008e000000, 0x000000008e000000| Untracked 
| 199|0x000000008e100000, 0x000000008e100000, 0x000000008e200000|  0%| F|  |TAMS 0x000000008e100000, 0x000000008e100000| Untracked 
|1982|0x00000000fd800000, 0x00000000fd900000, 0x00000000fd900000|100%| O|  |TAMS 0x00000000fd836000, 0x00000000fd900000| Untracked 
|1983|0x00000000fd900000, 0x00000000fda00000, 0x00000000fda00000|100%| O|  |TAMS 0x00000000fda00000, 0x00000000fda00000| Untracked 
|1984|0x00000000fda00000, 0x00000000fdb00000, 0x00000000fdb00000|100%| O|  |TAMS 0x00000000fdb00000, 0x00000000fdb00000| Untracked 
|1985|0x00000000fdb00000, 0x00000000fdc00000, 0x00000000fdc00000|100%| O|  |TAMS 0x00000000fdc00000, 0x00000000fdc00000| Untracked 
|1986|0x00000000fdc00000, 0x00000000fdd00000, 0x00000000fdd00000|100%| O|  |TAMS 0x00000000fdd00000, 0x00000000fdd00000| Untracked 
|1987|0x00000000fdd00000, 0x00000000fde00000, 0x00000000fde00000|100%| O|  |TAMS 0x00000000fde00000, 0x00000000fde00000| Untracked 
|1988|0x00000000fde00000, 0x00000000fdf00000, 0x00000000fdf00000|100%| O|  |TAMS 0x00000000fdf00000, 0x00000000fdf00000| Untracked 
|1989|0x00000000fdf00000, 0x00000000fe000000, 0x00000000fe000000|100%| O|  |TAMS 0x00000000fe000000, 0x00000000fe000000| Untracked 
|1990|0x00000000fe000000, 0x00000000fe100000, 0x00000000fe100000|100%| O|  |TAMS 0x00000000fe100000, 0x00000000fe100000| Untracked 
|1991|0x00000000fe100000, 0x00000000fe200000, 0x00000000fe200000|100%| O|  |TAMS 0x00000000fe200000, 0x00000000fe200000| Untracked 
|1992|0x00000000fe200000, 0x00000000fe300000, 0x00000000fe300000|100%| O|  |TAMS 0x00000000fe300000, 0x00000000fe300000| Untracked 
|1993|0x00000000fe300000, 0x00000000fe400000, 0x00000000fe400000|100%| O|  |TAMS 0x00000000fe400000, 0x00000000fe400000| Untracked 
|1994|0x00000000fe400000, 0x00000000fe500000, 0x00000000fe500000|100%| O|  |TAMS 0x00000000fe500000, 0x00000000fe500000| Untracked 
|1995|0x00000000fe500000, 0x00000000fe600000, 0x00000000fe600000|100%| O|  |TAMS 0x00000000fe600000, 0x00000000fe600000| Untracked 
|1996|0x00000000fe600000, 0x00000000fe700000, 0x00000000fe700000|100%| O|  |TAMS 0x00000000fe700000, 0x00000000fe700000| Untracked 
|1997|0x00000000fe700000, 0x00000000fe800000, 0x00000000fe800000|100%| O|  |TAMS 0x00000000fe800000, 0x00000000fe800000| Untracked 
|1998|0x00000000fe800000, 0x00000000fe900000, 0x00000000fe900000|100%| O|  |TAMS 0x00000000fe900000, 0x00000000fe900000| Untracked 
|1999|0x00000000fe900000, 0x00000000fea00000, 0x00000000fea00000|100%| O|  |TAMS 0x00000000fea00000, 0x00000000fea00000| Untracked 
|2000|0x00000000fea00000, 0x00000000feb00000, 0x00000000feb00000|100%| O|  |TAMS 0x00000000feb00000, 0x00000000feb00000| Untracked 
|2001|0x00000000feb00000, 0x00000000fec00000, 0x00000000fec00000|100%| O|  |TAMS 0x00000000fec00000, 0x00000000fec00000| Untracked 
|2002|0x00000000fec00000, 0x00000000fed00000, 0x00000000fed00000|100%| O|  |TAMS 0x00000000fed00000, 0x00000000fed00000| Untracked 
|2003|0x00000000fed00000, 0x00000000fee00000, 0x00000000fee00000|100%| O|  |TAMS 0x00000000fee00000, 0x00000000fee00000| Untracked 
|2004|0x00000000fee00000, 0x00000000fef00000, 0x00000000fef00000|100%| O|  |TAMS 0x00000000fef00000, 0x00000000fef00000| Untracked 
|2005|0x00000000fef00000, 0x00000000ff000000, 0x00000000ff000000|100%| O|  |TAMS 0x00000000ff000000, 0x00000000ff000000| Untracked 
|2006|0x00000000ff000000, 0x00000000ff100000, 0x00000000ff100000|100%| O|  |TAMS 0x00000000ff100000, 0x00000000ff100000| Untracked 
|2007|0x00000000ff100000, 0x00000000ff200000, 0x00000000ff200000|100%| O|  |TAMS 0x00000000ff200000, 0x00000000ff200000| Untracked 
|2008|0x00000000ff200000, 0x00000000ff300000, 0x00000000ff300000|100%| O|  |TAMS 0x00000000ff300000, 0x00000000ff300000| Untracked 
|2009|0x00000000ff300000, 0x00000000ff400000, 0x00000000ff400000|100%| O|  |TAMS 0x00000000ff400000, 0x00000000ff400000| Untracked 
|2010|0x00000000ff400000, 0x00000000ff500000, 0x00000000ff500000|100%| O|  |TAMS 0x00000000ff500000, 0x00000000ff500000| Untracked 
|2011|0x00000000ff500000, 0x00000000ff600000, 0x00000000ff600000|100%| O|  |TAMS 0x00000000ff600000, 0x00000000ff600000| Untracked 
|2012|0x00000000ff600000, 0x00000000ff700000, 0x00000000ff700000|100%| O|  |TAMS 0x00000000ff700000, 0x00000000ff700000| Untracked 
|2013|0x00000000ff700000, 0x00000000ff800000, 0x00000000ff800000|100%| O|  |TAMS 0x00000000ff800000, 0x00000000ff800000| Untracked 
|2014|0x00000000ff800000, 0x00000000ff900000, 0x00000000ff900000|100%| O|  |TAMS 0x00000000ff900000, 0x00000000ff900000| Untracked 
|2015|0x00000000ff900000, 0x00000000ffa00000, 0x00000000ffa00000|100%| O|  |TAMS 0x00000000ffa00000, 0x00000000ffa00000| Untracked 
|2016|0x00000000ffa00000, 0x00000000ffb00000, 0x00000000ffb00000|100%| O|  |TAMS 0x00000000ffb00000, 0x00000000ffb00000| Untracked 
|2017|0x00000000ffb00000, 0x00000000ffc00000, 0x00000000ffc00000|100%| O|  |TAMS 0x00000000ffc00000, 0x00000000ffc00000| Untracked 
|2018|0x00000000ffc00000, 0x00000000ffd00000, 0x00000000ffd00000|100%| O|  |TAMS 0x00000000ffd00000, 0x00000000ffd00000| Untracked 
|2019|0x00000000ffd00000, 0x00000000ffe00000, 0x00000000ffe00000|100%| O|  |TAMS 0x00000000ffe00000, 0x00000000ffe00000| Untracked 
|2020|0x00000000ffe00000, 0x00000000fff00000, 0x00000000fff00000|100%| O|  |TAMS 0x00000000fff00000, 0x00000000fff00000| Untracked 
|2021|0x00000000fff00000, 0x0000000100000000, 0x0000000100000000|100%| O|  |TAMS 0x0000000100000000, 0x0000000100000000| Untracked 

Card table byte_map: [0x000002396af10000,0x000002396b310000] _byte_map_base: 0x000002396ab03000

Marking Bits (Prev, Next): (CMBitMap*) 0x00000239524ff2e0, (CMBitMap*) 0x00000239524ff2a0
 Prev Bits: [0x000002396d6b0000, 0x000002396f648000)
 Next Bits: [0x000002396b710000, 0x000002396d6a8000)

Polling page: 0x00000239522a0000

Metaspace:

Usage:
  Non-class:     12.39 MB used.
      Class:      1.57 MB used.
       Both:     13.96 MB used.

Virtual space:
  Non-class space:       16.00 MB reserved,      12.50 MB ( 78%) committed,  2 nodes.
      Class space:        1.00 GB reserved,       1.62 MB ( <1%) committed,  1 nodes.
             Both:        1.02 GB reserved,      14.12 MB (  1%) committed. 

Chunk freelists:
   Non-Class:  3.11 MB
       Class:  2.39 MB
        Both:  5.50 MB

MaxMetaspaceSize: unlimited
CompressedClassSpaceSize: 1.00 GB
Initial GC threshold: 21.00 MB
Current GC threshold: 23.44 MB
CDS: on
MetaspaceReclaimPolicy: balanced
 - commit_granule_bytes: 65536.
 - commit_granule_words: 8192.
 - virtual_space_node_default_size: 1048576.
 - enlarge_chunks_in_place: 1.
 - new_chunks_are_fully_committed: 0.
 - uncommit_free_chunks: 1.
 - use_allocation_guard: 0.
 - handle_deallocations: 1.


Internal statistics:

num_allocs_failed_limit: 0.
num_arena_births: 102.
num_arena_deaths: 0.
num_vsnodes_births: 3.
num_vsnodes_deaths: 0.
num_space_committed: 226.
num_space_uncommitted: 0.
num_chunks_returned_to_freelist: 0.
num_chunks_taken_from_freelist: 494.
num_chunk_merges: 0.
num_chunk_splits: 352.
num_chunks_enlarged: 284.
num_purges: 0.
num_inconsistent_stats: 0.

CodeHeap 'non-profiled nmethods': size=120000Kb used=1908Kb max_used=1908Kb free=118091Kb
 bounds [0x0000023962fc0000, 0x0000023963230000, 0x000002396a4f0000]
CodeHeap 'profiled nmethods': size=120000Kb used=5400Kb max_used=5400Kb free=114599Kb
 bounds [0x000002395ba90000, 0x000002395bfe0000, 0x0000023962fc0000]
CodeHeap 'non-nmethods': size=5760Kb used=1204Kb max_used=1263Kb free=4555Kb
 bounds [0x000002395b4f0000, 0x000002395b760000, 0x000002395ba90000]
 total_blobs=3106 nmethods=2596 adapters=423
 compilation: enabled
              stopped_count=0, restarted_count=0
 full_count=0

Compilation events (20 events):
Event: 2.895 Thread 0x0000023971c81e70 2636       2       org.apache.xmlbeans.impl.store.Cur::insertString (15 bytes)
Event: 2.895 Thread 0x0000023971c81e70 nmethod 2636 0x000002395bfd4510 code [0x000002395bfd46a0, 0x000002395bfd47e8]
Event: 2.895 Thread 0x0000023971c81e70 2637       1       org.apache.poi.xssf.usermodel.XSSFCell::getRow (5 bytes)
Event: 2.895 Thread 0x0000023971c81e70 nmethod 2637 0x000002396319b390 code [0x000002396319b520, 0x000002396319b5f8]
Event: 2.896 Thread 0x0000023972c3ce00 nmethod 2532 0x000002396319b690 code [0x000002396319b840, 0x000002396319bf18]
Event: 2.896 Thread 0x0000023972c3ce00 2554   !   4       org.apache.xmlbeans.impl.values.XmlObjectBase::check_dated (270 bytes)
Event: 2.897 Thread 0x0000023971c62c00 nmethod 2633 0x000002396319c390 code [0x000002396319c520, 0x000002396319c7d8]
Event: 2.897 Thread 0x0000023971c62c00 2519       4       java.lang.ThreadLocal::set (30 bytes)
Event: 2.898 Thread 0x0000023971c81e70 2638       2       java.lang.Integer::hashCode (8 bytes)
Event: 2.898 Thread 0x0000023971c81e70 nmethod 2638 0x000002395bfd4910 code [0x000002395bfd4aa0, 0x000002395bfd4bb8]
Event: 2.898 Thread 0x0000023971c81e70 2639       2       java.lang.Integer::hashCode (2 bytes)
Event: 2.898 Thread 0x0000023971c81e70 nmethod 2639 0x000002395bfd4c90 code [0x000002395bfd4e20, 0x000002395bfd4f18]
Event: 2.899 Thread 0x0000023971c62c00 nmethod 2519 0x000002396319ca90 code [0x000002396319cc20, 0x000002396319ce78]
Event: 2.899 Thread 0x0000023971c62c00 2560       4       org.apache.xmlbeans.impl.values.XmlObjectBase::check_element_dated (95 bytes)
Event: 2.903 Thread 0x0000023971c81e70 2641   !   2       jdk.internal.reflect.GeneratedConstructorAccessor11::newInstance (53 bytes)
Event: 2.903 Thread 0x0000023971c81e70 nmethod 2641 0x000002395bfd4f90 code [0x000002395bfd5180, 0x000002395bfd56a8]
Event: 2.930 Thread 0x0000023971c81e70 2643       2       org.apache.xmlbeans.impl.store.Xobj::inhibitDisconnect (8 bytes)
Event: 2.930 Thread 0x0000023971c81e70 nmethod 2643 0x000002395bfd5990 code [0x000002395bfd5b20, 0x000002395bfd5c38]
Event: 2.931 Thread 0x0000023971c81e70 2644       2       org.apache.xmlbeans.impl.store.Xobj::posTemp (8 bytes)
Event: 2.931 Thread 0x0000023971c81e70 nmethod 2644 0x000002395bfd5d10 code [0x000002395bfd5ea0, 0x000002395bfd5fb8]

GC Heap History (20 events):
Event: 0.555 GC heap after
{Heap after GC invocations=2 (full 0):
 garbage-first heap   total 131072K, used 7513K [0x0000000081a00000, 0x0000000100000000)
  region size 1024K, 1 young (1024K), 1 survivors (1024K)
 Metaspace       used 6919K, committed 7040K, reserved 1056768K
  class space    used 731K, committed 768K, reserved 1048576K
}
Event: 0.977 GC heap before
{Heap before GC invocations=2 (full 0):
 garbage-first heap   total 131072K, used 47449K [0x0000000081a00000, 0x0000000100000000)
  region size 1024K, 21 young (21504K), 1 survivors (1024K)
 Metaspace       used 11514K, committed 11648K, reserved 1064960K
  class space    used 1297K, committed 1344K, reserved 1048576K
}
Event: 0.981 GC heap after
{Heap after GC invocations=3 (full 0):
 garbage-first heap   total 131072K, used 19939K [0x0000000081a00000, 0x0000000100000000)
  region size 1024K, 3 young (3072K), 3 survivors (3072K)
 Metaspace       used 11514K, committed 11648K, reserved 1064960K
  class space    used 1297K, committed 1344K, reserved 1048576K
}
Event: 1.336 GC heap before
{Heap before GC invocations=3 (full 0):
 garbage-first heap   total 131072K, used 88547K [0x0000000081a00000, 0x0000000100000000)
  region size 1024K, 70 young (71680K), 3 survivors (3072K)
 Metaspace       used 13479K, committed 13696K, reserved 1064960K
  class space    used 1513K, committed 1600K, reserved 1048576K
}
Event: 1.344 GC heap after
{Heap after GC invocations=4 (full 0):
 garbage-first heap   total 131072K, used 28388K [0x0000000081a00000, 0x0000000100000000)
  region size 1024K, 9 young (9216K), 9 survivors (9216K)
 Metaspace       used 13479K, committed 13696K, reserved 1064960K
  class space    used 1513K, committed 1600K, reserved 1048576K
}
Event: 1.442 GC heap before
{Heap before GC invocations=4 (full 0):
 garbage-first heap   total 131072K, used 86756K [0x0000000081a00000, 0x0000000100000000)
  region size 1024K, 66 young (67584K), 9 survivors (9216K)
 Metaspace       used 13479K, committed 13696K, reserved 1064960K
  class space    used 1513K, committed 1600K, reserved 1048576K
}
Event: 1.450 GC heap after
{Heap after GC invocations=5 (full 0):
 garbage-first heap   total 131072K, used 29570K [0x0000000081a00000, 0x0000000100000000)
  region size 1024K, 2 young (2048K), 2 survivors (2048K)
 Metaspace       used 13479K, committed 13696K, reserved 1064960K
  class space    used 1513K, committed 1600K, reserved 1048576K
}
Event: 1.537 GC heap before
{Heap before GC invocations=5 (full 0):
 garbage-first heap   total 131072K, used 92034K [0x0000000081a00000, 0x0000000100000000)
  region size 1024K, 63 young (64512K), 2 survivors (2048K)
 Metaspace       used 13479K, committed 13696K, reserved 1064960K
  class space    used 1513K, committed 1600K, reserved 1048576K
}
Event: 1.539 GC heap after
{Heap after GC invocations=6 (full 0):
 garbage-first heap   total 131072K, used 30069K [0x0000000081a00000, 0x0000000100000000)
  region size 1024K, 2 young (2048K), 2 survivors (2048K)
 Metaspace       used 13479K, committed 13696K, reserved 1064960K
  class space    used 1513K, committed 1600K, reserved 1048576K
}
Event: 1.625 GC heap before
{Heap before GC invocations=6 (full 0):
 garbage-first heap   total 131072K, used 97653K [0x0000000081a00000, 0x0000000100000000)
  region size 1024K, 68 young (69632K), 2 survivors (2048K)
 Metaspace       used 13479K, committed 13696K, reserved 1064960K
  class space    used 1513K, committed 1600K, reserved 1048576K
}
Event: 1.627 GC heap after
{Heap after GC invocations=7 (full 0):
 garbage-first heap   total 172032K, used 30781K [0x0000000081a00000, 0x0000000100000000)
  region size 1024K, 3 young (3072K), 3 survivors (3072K)
 Metaspace       used 13479K, committed 13696K, reserved 1064960K
  class space    used 1513K, committed 1600K, reserved 1048576K
}
Event: 1.816 GC heap before
{Heap before GC invocations=7 (full 0):
 garbage-first heap   total 172032K, used 130109K [0x0000000081a00000, 0x0000000100000000)
  region size 1024K, 100 young (102400K), 3 survivors (3072K)
 Metaspace       used 13642K, committed 13760K, reserved 1064960K
  class space    used 1545K, committed 1600K, reserved 1048576K
}
Event: 1.823 GC heap after
{Heap after GC invocations=8 (full 0):
 garbage-first heap   total 172032K, used 40141K [0x0000000081a00000, 0x0000000100000000)
  region size 1024K, 12 young (12288K), 12 survivors (12288K)
 Metaspace       used 13642K, committed 13760K, reserved 1064960K
  class space    used 1545K, committed 1600K, reserved 1048576K
}
Event: 2.144 GC heap before
{Heap before GC invocations=8 (full 0):
 garbage-first heap   total 172032K, used 130253K [0x0000000081a00000, 0x0000000100000000)
  region size 1024K, 100 young (102400K), 12 survivors (12288K)
 Metaspace       used 13643K, committed 13760K, reserved 1064960K
  class space    used 1545K, committed 1600K, reserved 1048576K
}
Event: 2.209 GC heap after
{Heap after GC invocations=9 (full 0):
 garbage-first heap   total 212992K, used 109784K [0x0000000081a00000, 0x0000000100000000)
  region size 1024K, 13 young (13312K), 13 survivors (13312K)
 Metaspace       used 13643K, committed 13760K, reserved 1064960K
  class space    used 1545K, committed 1600K, reserved 1048576K
}
Event: 2.566 GC heap before
{Heap before GC invocations=9 (full 0):
 garbage-first heap   total 212992K, used 147672K [0x0000000081a00000, 0x0000000100000000)
  region size 1024K, 50 young (51200K), 13 survivors (13312K)
 Metaspace       used 14203K, committed 14336K, reserved 1064960K
  class space    used 1606K, committed 1664K, reserved 1048576K
}
Event: 2.590 GC heap after
{Heap after GC invocations=10 (full 0):
 garbage-first heap   total 212992K, used 136192K [0x0000000081a00000, 0x0000000100000000)
  region size 1024K, 7 young (7168K), 7 survivors (7168K)
 Metaspace       used 14203K, committed 14336K, reserved 1064960K
  class space    used 1606K, committed 1664K, reserved 1048576K
}
Event: 2.790 GC heap before
{Heap before GC invocations=11 (full 0):
 garbage-first heap   total 245760K, used 158720K [0x0000000081a00000, 0x0000000100000000)
  region size 1024K, 29 young (29696K), 7 survivors (7168K)
 Metaspace       used 14262K, committed 14400K, reserved 1064960K
  class space    used 1606K, committed 1664K, reserved 1048576K
}
Event: 2.805 GC heap after
{Heap after GC invocations=12 (full 0):
 garbage-first heap   total 245760K, used 143872K [0x0000000081a00000, 0x0000000100000000)
  region size 1024K, 4 young (4096K), 4 survivors (4096K)
 Metaspace       used 14262K, committed 14400K, reserved 1064960K
  class space    used 1606K, committed 1664K, reserved 1048576K
}
Event: 2.938 GC heap before
{Heap before GC invocations=12 (full 0):
 garbage-first heap   total 245760K, used 177664K [0x0000000081a00000, 0x0000000100000000)
  region size 1024K, 37 young (37888K), 4 survivors (4096K)
 Metaspace       used 14290K, committed 14464K, reserved 1064960K
  class space    used 1606K, committed 1664K, reserved 1048576K
}

Deoptimization events (20 events):
Event: 2.618 Thread 0x00000239524c1050 Uncommon trap: trap_request=0xffffffcc fr.pc=0x000002396317270c relative=0x00000000000001ec
Event: 2.618 Thread 0x00000239524c1050 Uncommon trap: reason=intrinsic_or_type_checked_inlining action=make_not_entrant pc=0x000002396317270c method=java.util.Arrays.copyOf([Ljava/lang/Object;ILjava/lang/Class;)[Ljava/lang/Object; @ 35 c2
Event: 2.618 Thread 0x00000239524c1050 DEOPT PACKING pc=0x000002396317270c sp=0x000000a3626fd7e0
Event: 2.618 Thread 0x00000239524c1050 DEOPT UNPACKING pc=0x000002395b5423a3 sp=0x000000a3626fd770 mode 2
Event: 2.677 Thread 0x00000239524c1050 Uncommon trap: trap_request=0xffffffde fr.pc=0x0000023963170f0c relative=0x0000000000000dac
Event: 2.677 Thread 0x00000239524c1050 Uncommon trap: reason=class_check action=maybe_recompile pc=0x0000023963170f0c method=org.apache.xmlbeans.impl.store.CharUtil.getString(Ljava/lang/Object;II)Ljava/lang/String; @ 55 c2
Event: 2.677 Thread 0x00000239524c1050 DEOPT PACKING pc=0x0000023963170f0c sp=0x000000a3626fd3e0
Event: 2.677 Thread 0x00000239524c1050 DEOPT UNPACKING pc=0x000002395b5423a3 sp=0x000000a3626fd338 mode 2
Event: 2.688 Thread 0x00000239524c1050 Uncommon trap: trap_request=0xffffffde fr.pc=0x0000023963170f0c relative=0x0000000000000dac
Event: 2.688 Thread 0x00000239524c1050 Uncommon trap: reason=class_check action=maybe_recompile pc=0x0000023963170f0c method=org.apache.xmlbeans.impl.store.CharUtil.getString(Ljava/lang/Object;II)Ljava/lang/String; @ 55 c2
Event: 2.688 Thread 0x00000239524c1050 DEOPT PACKING pc=0x0000023963170f0c sp=0x000000a3626fd3e0
Event: 2.688 Thread 0x00000239524c1050 DEOPT UNPACKING pc=0x000002395b5423a3 sp=0x000000a3626fd338 mode 2
Event: 2.785 Thread 0x00000239524c1050 Uncommon trap: trap_request=0xffffffde fr.pc=0x0000023963170f0c relative=0x0000000000000dac
Event: 2.785 Thread 0x00000239524c1050 Uncommon trap: reason=class_check action=maybe_recompile pc=0x0000023963170f0c method=org.apache.xmlbeans.impl.store.CharUtil.getString(Ljava/lang/Object;II)Ljava/lang/String; @ 55 c2
Event: 2.785 Thread 0x00000239524c1050 DEOPT PACKING pc=0x0000023963170f0c sp=0x000000a3626fd3e0
Event: 2.785 Thread 0x00000239524c1050 DEOPT UNPACKING pc=0x000002395b5423a3 sp=0x000000a3626fd338 mode 2
Event: 2.814 Thread 0x00000239524c1050 Uncommon trap: trap_request=0xffffffde fr.pc=0x0000023963170f0c relative=0x0000000000000dac
Event: 2.814 Thread 0x00000239524c1050 Uncommon trap: reason=class_check action=maybe_recompile pc=0x0000023963170f0c method=org.apache.xmlbeans.impl.store.CharUtil.getString(Ljava/lang/Object;II)Ljava/lang/String; @ 55 c2
Event: 2.814 Thread 0x00000239524c1050 DEOPT PACKING pc=0x0000023963170f0c sp=0x000000a3626fd370
Event: 2.814 Thread 0x00000239524c1050 DEOPT UNPACKING pc=0x000002395b5423a3 sp=0x000000a3626fd2c8 mode 2

Classes unloaded (0 events):
No events

Classes redefined (0 events):
No events

Internal exceptions (20 events):
Event: 0.293 Thread 0x00000239524c1050 Exception <a 'java/lang/NoSuchMethodError'{0x0000000088e9f088}: 'void java.lang.invoke.DirectMethodHandle$Holder.invokeStatic(java.lang.Object, java.lang.Object)'> (0x0000000088e9f088) 
thrown [t:\workspace\open\src\hotspot\share\interpreter\linkResolver.cpp, line 766]
Event: 0.359 Thread 0x00000239524c1050 Exception <a 'java/lang/NoSuchMethodError'{0x0000000089991a08}: 'java.lang.Object java.lang.invoke.DirectMethodHandle$Holder.invokeStaticInit(java.lang.Object, int, int, int, int)'> (0x0000000089991a08) 
thrown [t:\workspace\open\src\hotspot\share\interpreter\linkResolver.cpp, line 766]
Event: 0.400 Thread 0x00000239524c1050 Exception <a 'java/lang/NoSuchMethodError'{0x0000000089885e28}: 'java.lang.Object java.lang.invoke.DirectMethodHandle$Holder.invokeStaticInit(java.lang.Object, java.lang.Object, int, int, int, int)'> (0x0000000089885e28) 
thrown [t:\workspace\open\src\hotspot\share\interpreter\linkResolver.cpp, line 766]
Event: 0.544 Thread 0x00000239524c1050 Exception <a 'java/lang/NoSuchMethodError'{0x00000000890bde48}: 'void java.lang.invoke.DirectMethodHandle$Holder.invokeStatic(java.lang.Object, java.lang.Object, java.lang.Object)'> (0x00000000890bde48) 
thrown [t:\workspace\open\src\hotspot\share\interpreter\linkResolver.cpp, line 766]
Event: 0.547 Thread 0x00000239524c1050 Exception <a 'java/lang/NoSuchMethodError'{0x00000000890e20b0}: 'void java.lang.invoke.DirectMethodHandle$Holder.invokeSpecial(java.lang.Object, java.lang.Object, java.lang.Object, java.lang.Object, java.lang.Object)'> (0x00000000890e20b0) 
thrown [t:\workspace\open\src\hotspot\share\interpreter\linkResolver.cpp, line 766]
Event: 0.716 Thread 0x00000239524c1050 Exception <a 'java/lang/NoSuchMethodError'{0x0000000089353878}: 'int java.lang.invoke.DirectMethodHandle$Holder.invokeStaticInit(java.lang.Object, java.lang.Object, java.lang.Object)'> (0x0000000089353878) 
thrown [t:\workspace\open\src\hotspot\share\interpreter\linkResolver.cpp, line 766]
Event: 0.725 Thread 0x00000239524c1050 Exception <a 'java/lang/NoSuchMethodError'{0x00000000893d6590}: 'void java.lang.invoke.DirectMethodHandle$Holder.invokeVirtual(java.lang.Object, java.lang.Object, java.lang.Object, java.lang.Object)'> (0x00000000893d6590) 
thrown [t:\workspace\open\src\hotspot\share\interpreter\linkResolver.cpp, line 766]
Event: 0.735 Thread 0x00000239524c1050 Exception <a 'java/lang/NoSuchMethodError'{0x0000000089264720}: 'void java.lang.invoke.DirectMethodHandle$Holder.invokeStatic(java.lang.Object, java.lang.Object, java.lang.Object, int)'> (0x0000000089264720) 
thrown [t:\workspace\open\src\hotspot\share\interpreter\linkResolver.cpp, line 766]
Event: 0.737 Thread 0x00000239524c1050 Exception <a 'java/lang/NoSuchMethodError'{0x0000000089267e88}: 'void java.lang.invoke.DirectMethodHandle$Holder.invokeStaticInit(java.lang.Object, java.lang.Object, java.lang.Object, int)'> (0x0000000089267e88) 
thrown [t:\workspace\open\src\hotspot\share\interpreter\linkResolver.cpp, line 766]
Event: 0.762 Thread 0x00000239524c1050 Exception <a 'java/lang/NoSuchMethodError'{0x00000000892f5dd0}: 'void java.lang.invoke.DirectMethodHandle$Holder.invokeInterface(java.lang.Object, java.lang.Object, java.lang.Object)'> (0x00000000892f5dd0) 
thrown [t:\workspace\open\src\hotspot\share\interpreter\linkResolver.cpp, line 766]
Event: 0.801 Thread 0x00000239524c1050 Exception <a 'java/lang/NoSuchMethodError'{0x00000000890fed50}: 'java.lang.Object java.lang.invoke.DirectMethodHandle$Holder.invokeStaticInit(java.lang.Object, java.lang.Object, java.lang.Object)'> (0x00000000890fed50) 
thrown [t:\workspace\open\src\hotspot\share\interpreter\linkResolver.cpp, line 766]
Event: 0.802 Thread 0x00000239524c1050 Exception <a 'java/lang/NoSuchMethodError'{0x0000000088e05a70}: 'java.lang.Object java.lang.invoke.DirectMethodHandle$Holder.invokeStatic(java.lang.Object, java.lang.Object, int, int)'> (0x0000000088e05a70) 
thrown [t:\workspace\open\src\hotspot\share\interpreter\linkResolver.cpp, line 766]
Event: 0.802 Thread 0x00000239524c1050 Exception <a 'java/lang/NoSuchMethodError'{0x0000000088e094e8}: 'java.lang.Object java.lang.invoke.DirectMethodHandle$Holder.invokeStaticInit(java.lang.Object, java.lang.Object, int, int)'> (0x0000000088e094e8) 
thrown [t:\workspace\open\src\hotspot\share\interpreter\linkResolver.cpp, line 766]
Event: 0.944 Thread 0x00000239524c1050 Exception <a 'java/lang/NoSuchMethodError'{0x00000000887a8cc8}: 'java.lang.Object java.lang.invoke.DirectMethodHandle$Holder.invokeInterface(java.lang.Object, java.lang.Object)'> (0x00000000887a8cc8) 
thrown [t:\workspace\open\src\hotspot\share\interpreter\linkResolver.cpp, line 766]
Event: 0.971 Thread 0x00000239524c1050 Exception <a 'java/lang/NoSuchMethodError'{0x00000000885659f0}: 'java.lang.Object java.lang.invoke.DirectMethodHandle$Holder.newInvokeSpecial(java.lang.Object, java.lang.Object, int, java.lang.Object)'> (0x00000000885659f0) 
thrown [t:\workspace\open\src\hotspot\share\interpreter\linkResolver.cpp, line 766]
Event: 0.971 Thread 0x00000239524c1050 Exception <a 'java/lang/NoSuchMethodError'{0x000000008856a078}: 'java.lang.Object java.lang.invoke.DirectMethodHandle$Holder.invokeSpecial(java.lang.Object, java.lang.Object, java.lang.Object, int, java.lang.Object)'> (0x000000008856a078) 
thrown [t:\workspace\open\src\hotspot\share\interpreter\linkResolver.cpp, line 766]
Event: 0.976 Thread 0x00000239524c1050 Exception <a 'java/lang/NoSuchMethodError'{0x00000000885c8ff8}: 'void java.lang.invoke.DirectMethodHandle$Holder.invokeVirtual(java.lang.Object, java.lang.Object)'> (0x00000000885c8ff8) 
thrown [t:\workspace\open\src\hotspot\share\interpreter\linkResolver.cpp, line 766]
Event: 1.785 Thread 0x00000239524c1050 Implicit null exception at 0x00000239630cadf8 to 0x00000239630cba44
Event: 2.511 Thread 0x00000239524c1050 Implicit null exception at 0x0000023963150db3 to 0x0000023963151292
Event: 2.530 Thread 0x00000239524c1050 Implicit null exception at 0x00000239631168ff to 0x0000023963117344

VM Operations (20 events):
Event: 1.450 Executing VM operation: G1CollectForAllocation done
Event: 1.537 Executing VM operation: G1CollectForAllocation
Event: 1.539 Executing VM operation: G1CollectForAllocation done
Event: 1.625 Executing VM operation: G1CollectForAllocation
Event: 1.627 Executing VM operation: G1CollectForAllocation done
Event: 1.816 Executing VM operation: G1CollectForAllocation
Event: 1.823 Executing VM operation: G1CollectForAllocation done
Event: 2.045 Executing VM operation: HandshakeAllThreads
Event: 2.046 Executing VM operation: HandshakeAllThreads done
Event: 2.144 Executing VM operation: G1CollectForAllocation
Event: 2.220 Executing VM operation: G1CollectForAllocation done
Event: 2.565 Executing VM operation: G1CollectForAllocation
Event: 2.595 Executing VM operation: G1CollectForAllocation done
Event: 2.702 Executing VM operation: G1Concurrent
Event: 2.704 Executing VM operation: G1Concurrent done
Event: 2.775 Executing VM operation: G1Concurrent
Event: 2.775 Executing VM operation: G1Concurrent done
Event: 2.790 Executing VM operation: G1CollectForAllocation
Event: 2.805 Executing VM operation: G1CollectForAllocation done
Event: 2.938 Executing VM operation: G1CollectForAllocation

Events (20 events):
Event: 0.968 loading class java/io/UTFDataFormatException
Event: 0.968 loading class java/io/UTFDataFormatException done
Event: 1.045 loading class org/w3c/dom/DOMImplementation
Event: 1.045 loading class org/w3c/dom/DOMImplementation done
Event: 1.048 loading class org/xml/sax/ext/LexicalHandler
Event: 1.048 loading class org/xml/sax/ext/LexicalHandler done
Event: 1.048 loading class org/xml/sax/ext/DeclHandler
Event: 1.048 loading class org/xml/sax/ext/DeclHandler done
Event: 1.051 loading class org/w3c/dom/CDATASection
Event: 1.051 loading class org/w3c/dom/CDATASection done
Event: 1.059 loading class java/lang/AbstractMethodError
Event: 1.059 loading class java/lang/AbstractMethodError done
Event: 1.063 loading class org/w3c/dom/Comment
Event: 1.063 loading class org/w3c/dom/Comment done
Event: 1.064 loading class org/w3c/dom/ProcessingInstruction
Event: 1.064 loading class org/w3c/dom/ProcessingInstruction done
Event: 1.066 loading class org/w3c/dom/DocumentFragment
Event: 1.066 loading class org/w3c/dom/DocumentFragment done
Event: 1.266 loading class java/util/ConcurrentModificationException
Event: 1.266 loading class java/util/ConcurrentModificationException done


Dynamic libraries:
0x00007ff7272f0000 - 0x00007ff727300000 	C:\Program Files\Java\jdk-17.0.2\bin\javaw.exe
0x00007fffcdfb0000 - 0x00007fffce1a8000 	C:\Windows\SYSTEM32\ntdll.dll
0x00007fffcdc60000 - 0x00007fffcdd1f000 	C:\Windows\System32\KERNEL32.DLL
0x00007fffcba50000 - 0x00007fffcbd46000 	C:\Windows\System32\KERNELBASE.dll
0x00007fffcbee0000 - 0x00007fffcbfe0000 	C:\Windows\System32\ucrtbase.dll
0x00007fffc89a0000 - 0x00007fffc89b8000 	C:\Program Files\Java\jdk-17.0.2\bin\jli.dll
0x00007fffc8900000 - 0x00007fffc891a000 	C:\Program Files\Java\jdk-17.0.2\bin\VCRUNTIME140.dll
0x00007fffcc010000 - 0x00007fffcc0bf000 	C:\Windows\System32\ADVAPI32.dll
0x00007fffcd3a0000 - 0x00007fffcd43e000 	C:\Windows\System32\msvcrt.dll
0x00007fffcd440000 - 0x00007fffcd4dc000 	C:\Windows\System32\sechost.dll
0x00007fffcc530000 - 0x00007fffcc656000 	C:\Windows\System32\RPCRT4.dll
0x00007fffcddd0000 - 0x00007fffcdf6d000 	C:\Windows\System32\USER32.dll
0x00007fffcbd50000 - 0x00007fffcbd72000 	C:\Windows\System32\win32u.dll
0x00007fffcd5b0000 - 0x00007fffcd5dc000 	C:\Windows\System32\GDI32.dll
0x00007fffcb930000 - 0x00007fffcba45000 	C:\Windows\System32\gdi32full.dll
0x00007fffcb890000 - 0x00007fffcb92d000 	C:\Windows\System32\msvcp_win.dll
0x00007fffb9630000 - 0x00007fffb98ca000 	C:\Windows\WinSxS\amd64_microsoft.windows.common-controls_6595b64144ccf1df_6.0.19041.1110_none_60b5254171f9507e\COMCTL32.dll
0x00007fffc3200000 - 0x00007fffc320a000 	C:\Windows\SYSTEM32\VERSION.dll
0x00007fffcc350000 - 0x00007fffcc380000 	C:\Windows\System32\IMM32.DLL
0x00007fffc8990000 - 0x00007fffc899c000 	C:\Program Files\Java\jdk-17.0.2\bin\vcruntime140_1.dll
0x00007fffabf70000 - 0x00007fffabffd000 	C:\Program Files\Java\jdk-17.0.2\bin\msvcp140.dll
0x00007fff89c50000 - 0x00007fff8a811000 	C:\Program Files\Java\jdk-17.0.2\bin\server\jvm.dll
0x00007fffcc660000 - 0x00007fffcc668000 	C:\Windows\System32\PSAPI.DLL
0x00007fffc1600000 - 0x00007fffc1627000 	C:\Windows\SYSTEM32\WINMM.dll
0x00007fffbc800000 - 0x00007fffbc809000 	C:\Windows\SYSTEM32\WSOCK32.dll
0x00007fffcd540000 - 0x00007fffcd5ab000 	C:\Windows\System32\WS2_32.dll
0x00007fffc9d00000 - 0x00007fffc9d12000 	C:\Windows\SYSTEM32\kernel.appcore.dll
0x00007fffc8700000 - 0x00007fffc870a000 	C:\Program Files\Java\jdk-17.0.2\bin\jimage.dll
0x00007fffb99d0000 - 0x00007fffb9bb4000 	C:\Windows\SYSTEM32\DBGHELP.DLL
0x00007fffb9420000 - 0x00007fffb9454000 	C:\Windows\SYSTEM32\dbgcore.DLL
0x00007fffcb7b0000 - 0x00007fffcb832000 	C:\Windows\System32\bcryptPrimitives.dll
0x00007fffc26f0000 - 0x00007fffc2715000 	C:\Program Files\Java\jdk-17.0.2\bin\java.dll
0x00007fffaa9d0000 - 0x00007fffaaaa6000 	C:\Program Files\Java\jdk-17.0.2\bin\jsvml.dll
0x00007fffcc9d0000 - 0x00007fffcd114000 	C:\Windows\System32\SHELL32.dll
0x00007fffc9550000 - 0x00007fffc9ce3000 	C:\Windows\SYSTEM32\windows.storage.dll
0x00007fffcc670000 - 0x00007fffcc9c4000 	C:\Windows\System32\combase.dll
0x00007fffcb000000 - 0x00007fffcb02e000 	C:\Windows\SYSTEM32\Wldp.dll
0x00007fffcdd20000 - 0x00007fffcddcd000 	C:\Windows\System32\SHCORE.dll
0x00007fffcdc00000 - 0x00007fffcdc55000 	C:\Windows\System32\shlwapi.dll
0x00007fffcb5c0000 - 0x00007fffcb5e5000 	C:\Windows\SYSTEM32\profapi.dll
0x00007fffc86e0000 - 0x00007fffc86f9000 	C:\Program Files\Java\jdk-17.0.2\bin\net.dll
0x00007fffc5750000 - 0x00007fffc585a000 	C:\Windows\SYSTEM32\WINHTTP.dll
0x00007fffcad60000 - 0x00007fffcadca000 	C:\Windows\system32\mswsock.dll
0x00007fffbcb70000 - 0x00007fffbcb86000 	C:\Program Files\Java\jdk-17.0.2\bin\nio.dll
0x00007fffbbb10000 - 0x00007fffbbb28000 	C:\Program Files\Java\jdk-17.0.2\bin\zip.dll
0x00007fffc2930000 - 0x00007fffc2940000 	C:\Program Files\Java\jdk-17.0.2\bin\verify.dll
0x00007fffcaa90000 - 0x00007fffcab5a000 	C:\Windows\SYSTEM32\DNSAPI.dll
0x00007fffcaa50000 - 0x00007fffcaa8b000 	C:\Windows\SYSTEM32\IPHLPAPI.DLL
0x00007fffcd270000 - 0x00007fffcd278000 	C:\Windows\System32\NSI.dll
0x00007fffc4880000 - 0x00007fffc488a000 	C:\Windows\System32\rasadhlp.dll
0x00007fffc6890000 - 0x00007fffc6912000 	C:\Windows\System32\fwpuclnt.dll
0x00007fffcbfe0000 - 0x00007fffcc007000 	C:\Windows\System32\bcrypt.dll
0x00007fffcaf50000 - 0x00007fffcaf68000 	C:\Windows\SYSTEM32\CRYPTSP.dll
0x00007fffca670000 - 0x00007fffca6a4000 	C:\Windows\system32\rsaenh.dll
0x00007fffcb580000 - 0x00007fffcb5ae000 	C:\Windows\SYSTEM32\USERENV.dll
0x00007fffcaf70000 - 0x00007fffcaf7c000 	C:\Windows\SYSTEM32\CRYPTBASE.dll
0x00007fffc67e0000 - 0x00007fffc67f7000 	C:\Windows\SYSTEM32\dhcpcsvc6.DLL
0x00007fffc67b0000 - 0x00007fffc67cd000 	C:\Windows\SYSTEM32\dhcpcsvc.DLL

dbghelp: loaded successfully - version: 4.0.5 - missing functions: none
symbol engine: initialized successfully - sym options: 0x614 - pdb path: .;C:\Program Files\Java\jdk-17.0.2\bin;C:\Windows\SYSTEM32;C:\Windows\WinSxS\amd64_microsoft.windows.common-controls_6595b64144ccf1df_6.0.19041.1110_none_60b5254171f9507e;C:\Program Files\Java\jdk-17.0.2\bin\server

VM Arguments:
jvm_args: -ea -Dfile.encoding=Cp1252 -XX:+ShowCodeDetailsInExceptionMessages 
java_command: org.testng.remote.RemoteTestNG -serport 57516 -protocol json -d C:\Users\adityak\eclipse-workspace\MahaKhanij\test-output C:\Users\adityak\AppData\Local\Temp\testng-eclipse-1190294004\testng-customsuite.xml
java_class_path (initial): C:\Users\adityak\eclipse\java-2021-12\eclipse\configuration\org.eclipse.osgi\426\0\.cp\lib\testng-remote.jar;C:\Users\adityak\eclipse-workspace\MahaKhanij\target\test-classes;C:\Users\adityak\eclipse-workspace\MahaKhanij\target\classes;C:\Users\adityak\eclipse\java-2021-12\eclipse\configuration\org.eclipse.osgi\426\0\.cp\lib\testng.jar;C:\Users\adityak\eclipse\java-2021-12\eclipse\configuration\org.eclipse.osgi\426\0\.cp\lib\jcommander.jar;C:\Users\adityak\eclipse\java-2021-12\eclipse\configuration\org.eclipse.osgi\426\0\.cp\lib\bsh-2.0b4.jar;C:\Users\adityak\eclipse\java-2021-12\eclipse\configuration\org.eclipse.osgi\426\0\.cp\lib\snakeyaml.jar;C:\Users\adityak\.m2\repository\org\seleniumhq\selenium\selenium-java\4.1.2\selenium-java-4.1.2.jar;C:\Users\adityak\.m2\repository\org\seleniumhq\selenium\selenium-api\4.1.2\selenium-api-4.1.2.jar;C:\Users\adityak\.m2\repository\org\seleniumhq\selenium\selenium-chrome-driver\4.1.2\selenium-chrome-driver-4.1.2.jar;C:\Users\adityak\.m2\repository\com\google\guava\guava\31.0.1-jre\guava-31.0.1-jre.jar;C:\Users\adityak\.m2\repository\com\google\guava\failureaccess\1.0.1\failureaccess-1.0.1.jar;C:\Users\adityak\.m2\repository\com\google\guava\listenablefuture\9999.0-empty-to-avoid-conflict-with-guava\listenablefuture-9999.0-empty-to-avoid-conflict-with-guava.jar;C:\Users\adityak\.m2\repository\org\checkerframework\checker-qual\3.12.0\checker-qual-3.12.0.jar;C:\Users\adityak\.m2\repository\com\google\errorprone\error_prone_annotations\2.7.1\error_prone_annotations-2.7.1.jar;C:\Users\adityak\.m2\repository\com\google\j2objc\j2objc-annotations\1.3\j2objc-annotations-1.3.jar;C:\Users\adityak\.m2\repository\org\seleniumhq\selenium\selenium-chromium-driver\4.1.2\selenium-chromium-driver-4.1.2.jar;C:\Users\adityak\.m2\repository\org\seleniumhq\selenium\selenium-json\4.1.2\selenium-json-4.1.2.jar;C:\Users\adityak\.m2\repository\org\seleniumhq\selenium\selenium-devtools-v85\4.1.2\selenium-devtools-v85-4.1.2.j
Launcher Type: SUN_STANDARD

[Global flags]
     intx CICompilerCount                          = 3                                         {product} {ergonomic}
     uint ConcGCThreads                            = 1                                         {product} {ergonomic}
     uint G1ConcRefinementThreads                  = 4                                         {product} {ergonomic}
   size_t G1HeapRegionSize                         = 1048576                                   {product} {ergonomic}
    uintx GCDrainStackTargetSize                   = 64                                        {product} {ergonomic}
   size_t InitialHeapSize                          = 134217728                                 {product} {ergonomic}
   size_t MarkStackSize                            = 4194304                                   {product} {ergonomic}
   size_t MaxHeapSize                              = 2120220672                                {product} {ergonomic}
   size_t MaxNewSize                               = 1271922688                                {product} {ergonomic}
   size_t MinHeapDeltaBytes                        = 1048576                                   {product} {ergonomic}
   size_t MinHeapSize                              = 8388608                                   {product} {ergonomic}
    uintx NonNMethodCodeHeapSize                   = 5832780                                {pd product} {ergonomic}
    uintx NonProfiledCodeHeapSize                  = 122912730                              {pd product} {ergonomic}
    uintx ProfiledCodeHeapSize                     = 122912730                              {pd product} {ergonomic}
    uintx ReservedCodeCacheSize                    = 251658240                              {pd product} {ergonomic}
     bool SegmentedCodeCache                       = true                                      {product} {ergonomic}
     bool ShowCodeDetailsInExceptionMessages       = true                                   {manageable} {command line}
   size_t SoftMaxHeapSize                          = 2120220672                             {manageable} {ergonomic}
     bool UseCompressedClassPointers               = true                           {product lp64_product} {ergonomic}
     bool UseCompressedOops                        = true                           {product lp64_product} {ergonomic}
     bool UseG1GC                                  = true                                      {product} {ergonomic}
     bool UseLargePagesIndividualAllocation        = false                                  {pd product} {ergonomic}

Logging:
Log output configuration:
 #0: stdout all=warning uptime,level,tags
 #1: stderr all=off uptime,level,tags

Environment Variables:
PATH=C:\Program Files\Common Files\Oracle\Java\javapath;C:\Windows\system32;C:\Windows;C:\Windows\System32\Wbem;C:\Windows\System32\WindowsPowerShell\v1.0\;C:\Windows\System32\OpenSSH\;C:\Program Files (x86)\Microsoft SQL Server\140\Tools\Binn\;C:\Program Files\Microsoft SQL Server\140\Tools\Binn\;C:\Program Files (x86)\Microsoft SQL Server\140\DTS\Binn\;C:\Program Files\Microsoft SQL Server\140\DTS\Binn\;C:\Program Files\Microsoft SQL Server\Client SDK\ODBC\130\Tools\Binn\;C:\Program Files (x86)\Microsoft SQL Server\Client SDK\ODBC\130\Tools\Binn\;C:\Program Files (x86)\Microsoft SQL Server\140\Tools\Binn\ManagementStudio\;C:\Users\adityak\AppData\Local\Microsoft\WindowsApps;
USERNAME=adityak
OS=Windows_NT
PROCESSOR_IDENTIFIER=Intel64 Family 6 Model 60 Stepping 3, GenuineIntel



---------------  S Y S T E M  ---------------

OS:
 Windows 10 , 64 bit Build 19041 (10.0.19041.3155)
OS uptime: 1 days 1:45 hours

CPU: total 4 (initial active 4) (4 cores per cpu, 1 threads per core) family 6 model 60 stepping 3 microcode 0x27, cx8, cmov, fxsr, mmx, sse, sse2, sse3, ssse3, sse4.1, sse4.2, popcnt, lzcnt, tsc, tscinvbit, avx, avx2, aes, erms, clmul, bmi1, bmi2, fma, vzeroupper, clflush

Memory: 4k page, system-wide physical 8082M (403M free)
TotalPageFile size 32658M (AvailPageFile size 141M)
current process WorkingSet (physical memory assigned to process): 338M, peak: 338M
current process commit charge ("private bytes"): 373M, peak: 692M

vm_info: Java HotSpot(TM) 64-Bit Server VM (17.0.2+8-LTS-86) for windows-amd64 JRE (17.0.2+8-LTS-86), built on Dec  7 2021 21:51:03 by "mach5one" with MS VC++ 16.8 / 16.9 (VS2019)

END.
